<?xml version="1.0" encoding="utf-8"?>
<shfbBuild product="Sandcastle Help File Builder and Tools" version="2019.4.14.0" projectFile="C:\Users\Sergio\Desktop\SergioDelgadoProyecto\Proyecto.shfbproj" started="16/06/2019 21:02:17">
<buildStep step="Initializing">
Finding tools...
The Sandcastle tools are located in &#39;C:\Program Files (x86)\EWSoftware\Sandcastle Help File Builder\&#39;
Searching for HTML Help 1 compiler...
Found HTML Help 1 compiler in &#39;C:\Program Files (x86)\HTML Help Workshop\&#39;
Locating components in the following folder(s):
    C:\Users\Sergio\Desktop\SergioDelgadoProyecto
    C:\ProgramData\EWSoftware\Sandcastle Help File Builder\Components and Plug-Ins\
    C:\Program Files (x86)\EWSoftware\Sandcastle Help File Builder\
Using framework reflection data for &#39;.NET Framework 4.5&#39; located in &#39;C:\Program Files (x86)\EWSoftware\Sandcastle Help File Builder\Data\.NETFramework&#39;
Using presentation style &#39;VS2013&#39; located in &#39;C:\Program Files (x86)\EWSoftware\Sandcastle Help File Builder\PresentationStyles\VS2013&#39;
Loading and initializing plug-ins...
Additional Content Only plug-in is disabled and will not be loaded
Assembly Binding Redirection Version 2019.4.14.0
Copyright &#169; 2006-2019, Eric Woodruff, All Rights Reserved
Lightweight Website Style Version 2019.4.14.0
Copyright &#169; 2006-2019, Eric Woodruff, All Rights Reserved
Portions Copyright &#169; 2014, Sam Harwell, All Rights Reserved
</buildStep>
<buildStep step="ValidatingDocumentationSources">
Validating and copying documentation source information
Source: C:\Users\Sergio\Desktop\SergioDelgadoProyecto\SergioDelgadoProyecto\SergioDelgadoProyecto\bin\Release\netstandard2.0\SergioDelgadoProyecto.dll
    Found assembly &#39;C:\Users\Sergio\Desktop\SergioDelgadoProyecto\SergioDelgadoProyecto\SergioDelgadoProyecto\bin\Release\netstandard2.0\SergioDelgadoProyecto.dll&#39;
Source: C:\Users\Sergio\Desktop\SergioDelgadoProyecto\SergioDelgadoProyecto\SergioDelgadoProyecto\bin\Release\netstandard2.0\SergioDelgadoProyecto.xml

Copying XML comments files
    C:\Users\Sergio\Desktop\SergioDelgadoProyecto\SergioDelgadoProyecto\SergioDelgadoProyecto\bin\Release\netstandard2.0\SergioDelgadoProyecto.xml -&gt; C:\Users\Sergio\Desktop\SergioDelgadoProyecto\Help\Working\SergioDelgadoProyecto.xml
</buildStep>
<buildStep step="GenerateSharedContent">
Generating shared content files (en-US, Ingl&#233;s (Estados Unidos))...
<plugIn name="Lightweight Website Style" behavior="After" priority="1000">
</plugIn>    Last step completed in 00:00:00,0465
</buildStep>
<buildStep step="GenerateApiFilter">
Generating API filter for MRefBuilder...
    Last step completed in 00:00:00,0070
</buildStep>
<buildStep step="GenerateReflectionInfo">
Generating reflection information...
<plugIn name="Assembly Binding Redirection" behavior="Before" priority="1000">
Adding ignored assembly names to assembly resolver configuration:
    BusinessObjects.Licensing.KeycodeDecoder
    Microsoft.VisualStudio.TestTools.UITest.Playback
    Newtonsoft.Json
    Plugin.FilePicker.Abstractions
    Xamarin.Forms.Core
    Xamarin.Forms.Xaml
</plugIn>[C:\Program Files (x86)\MSBuild\14.0\bin\amd64\MSBuild.exe - GenerateRefInfo.proj]
Compilaci&#162;n iniciada a las 16/06/2019 21:02:31.
Proyecto &quot;C:\Users\Sergio\Desktop\SergioDelgadoProyecto\Help\Working\GenerateRefInfo.proj&quot; en nodo 1 (destinos predeterminados).
PrepareForBuild:
  Creando directorio &quot;obj\Debug\&quot;.
GenerateRefInfo:
  MRefBuilder (v2019.4.14.0)
  Copyright &#184; 2006-2019, Microsoft Corporation, All Rights Reserved.
  Portions Copyright &#184; 2006-2019, Eric Woodruff, All Rights Reserved.
  No source code context base path specified.  Source context information is unavailable.
  Loaded 1 assemblies for reflection and 1 dependency assemblies.
MRefBuilder : warning : Ignoring unresolved assembly reference: Xamarin.Forms.Core (Xamarin.Forms.Core, Version=2.0.0.0, Culture=neutral, PublicKeyToken=null) required by SergioDelgadoProyecto [C:\Users\Sergio\Desktop\SergioDelgadoProyecto\Help\Working\GenerateRefInfo.proj]
MRefBuilder : warning : Ignoring unresolved assembly reference: Newtonsoft.Json (Newtonsoft.Json, Version=12.0.0.0, Culture=neutral, PublicKeyToken=30ad4fe6b2a6aeed) required by SergioDelgadoProyecto [C:\Users\Sergio\Desktop\SergioDelgadoProyecto\Help\Working\GenerateRefInfo.proj]
MRefBuilder : warning : Ignoring unresolved assembly reference: Plugin.FilePicker.Abstractions (Plugin.FilePicker.Abstractions, Version=2.0.135.0, Culture=neutral, PublicKeyToken=null) required by SergioDelgadoProyecto [C:\Users\Sergio\Desktop\SergioDelgadoProyecto\Help\Working\GenerateRefInfo.proj]
MRefBuilder : warning : Ignoring unresolved assembly reference: Xamarin.Forms.Xaml (Xamarin.Forms.Xaml, Version=2.0.0.0, Culture=neutral, PublicKeyToken=null) required by SergioDelgadoProyecto [C:\Users\Sergio\Desktop\SergioDelgadoProyecto\Help\Working\GenerateRefInfo.proj]
  Wrote information on 8 namespaces, 31 types, and 100 members
  Copiando el archivo de &quot;reflection.org&quot; en &quot;reflection.all&quot;.
  XslTransform (v2019.4.14.0)
  Copyright &#184; 2006-2019, Microsoft Corporation, All Rights Reserved.
  Portions Copyright &#184; 2006-2019, Eric Woodruff, All Rights Reserved.
  Applying XSL transformation &#39;C:\Program Files (x86)\EWSoftware\Sandcastle Help File Builder\ProductionTransforms\MergeDuplicates.xsl&#39;.
Compilaci&#162;n del proyecto terminada &quot;C:\Users\Sergio\Desktop\SergioDelgadoProyecto\Help\Working\GenerateRefInfo.proj&quot; (destinos predeterminados).

Compilaci&#162;n correcta.

Tiempo transcurrido 00:00:02.61
    Last step completed in 00:00:03,0088
</buildStep>
<buildStep step="TransformReflectionInfo">
Transforming reflection output...
[C:\Program Files (x86)\MSBuild\14.0\bin\amd64\MSBuild.exe - TransformManifest.proj]
Compilaci&#162;n iniciada a las 16/06/2019 21:02:34.
Proyecto &quot;C:\Users\Sergio\Desktop\SergioDelgadoProyecto\Help\Working\TransformManifest.proj&quot; en nodo 1 (destinos predeterminados).
TransformManifest:
  XslTransform (v2019.4.14.0)
  Copyright &#184; 2006-2019, Microsoft Corporation, All Rights Reserved.
  Portions Copyright &#184; 2006-2019, Eric Woodruff, All Rights Reserved.
  Applying XSL transformation &#39;C:\Program Files (x86)\EWSoftware\Sandcastle Help File Builder\\ProductionTransforms\ApplyVSDocModel.xsl&#39;.
  Copiando el archivo de &quot;reflection.xml&quot; en &quot;reflection.nofilenames&quot;.
  XslTransform (v2019.4.14.0)
  Copyright &#184; 2006-2019, Microsoft Corporation, All Rights Reserved.
  Portions Copyright &#184; 2006-2019, Eric Woodruff, All Rights Reserved.
  Applying XSL transformation &#39;C:\Program Files (x86)\EWSoftware\Sandcastle Help File Builder\ProductionTransforms\AddFilenames.xsl&#39;.
  XslTransform (v2019.4.14.0)
  Copyright &#184; 2006-2019, Microsoft Corporation, All Rights Reserved.
  Portions Copyright &#184; 2006-2019, Eric Woodruff, All Rights Reserved.
  Applying XSL transformation &#39;C:\Program Files (x86)\EWSoftware\Sandcastle Help File Builder\ProductionTransforms\ReflectionToManifest.xsl&#39;.
Compilaci&#162;n del proyecto terminada &quot;C:\Users\Sergio\Desktop\SergioDelgadoProyecto\Help\Working\TransformManifest.proj&quot; (destinos predeterminados).

Compilaci&#162;n correcta.

Tiempo transcurrido 00:00:00.93
    Last step completed in 00:00:01,2233
</buildStep>
<buildStep step="GenerateNamespaceSummaries">
Generating namespace summary information...
    Last step completed in 00:00:00,0199
</buildStep>
<buildStep step="CopyAdditionalContent">
Copying additional content files...
No additional content to copy
    Last step completed in 00:00:00,0020
</buildStep>
<buildStep step="MergeTablesOfContents">
Merging conceptual and additional tables of contents...
    Last step completed in 00:00:00,0010
</buildStep>
<buildStep step="GenerateIntermediateTableOfContents">
Generating intermediate table of contents file...
[C:\Program Files (x86)\MSBuild\14.0\bin\amd64\MSBuild.exe - GenerateIntermediateTOC.proj]
Compilaci&#162;n iniciada a las 16/06/2019 21:02:35.
Proyecto &quot;C:\Users\Sergio\Desktop\SergioDelgadoProyecto\Help\Working\GenerateIntermediateTOC.proj&quot; en nodo 1 (destinos predeterminados).
GenerateIntermediateTOC:
  XslTransform (v2019.4.14.0)
  Copyright &#184; 2006-2019, Microsoft Corporation, All Rights Reserved.
  Portions Copyright &#184; 2006-2019, Eric Woodruff, All Rights Reserved.
  Applying XSL transformation &#39;C:\Program Files (x86)\EWSoftware\Sandcastle Help File Builder\\ProductionTransforms\CreateVSToc.xsl&#39;.
Compilaci&#162;n del proyecto terminada &quot;C:\Users\Sergio\Desktop\SergioDelgadoProyecto\Help\Working\GenerateIntermediateTOC.proj&quot; (destinos predeterminados).

Compilaci&#162;n correcta.

Tiempo transcurrido 00:00:00.41
Generating conceptual content intermediate TOC file...
    Last step completed in 00:00:00,7048
</buildStep>
<buildStep step="CreateBuildAssemblerConfigs">
Creating Sandcastle configuration files...
    sandcastle.config
    Last step completed in 00:00:00,2164
</buildStep>
<buildStep step="MergeCustomConfigs">
Merging custom build component configurations
C:\Users\Sergio\Desktop\SergioDelgadoProyecto\Help\Working\sandcastle.config
  Updating reference topic configurations.
  No conceptual content.  Removing conceptual content components.
    Last step completed in 00:00:00,0149
</buildStep>
<buildStep step="BuildTopics">
Building help topics...
[C:\Program Files (x86)\MSBuild\14.0\bin\amd64\MSBuild.exe - BuildTopics.proj]
Compilaci&#162;n iniciada a las 16/06/2019 21:02:36.
Proyecto &quot;C:\Users\Sergio\Desktop\SergioDelgadoProyecto\Help\Working\BuildTopics.proj&quot; en nodo 1 (destinos predeterminados).
BuildTopics:
  BuildAssembler (v2019.4.14.0)
  Copyright &#184; 2006-2019, Microsoft Corporation, All Rights Reserved.
  Portions Copyright &#184; 2006-2019, Eric Woodruff, All Rights Reserved.
  Loading configuration...
  Processing topics...
BuildAssembler : warning : ShowMissingComponent: [N:SergioDelgadoProyecto] Missing &lt;summary&gt; documentation [C:\Users\Sergio\Desktop\SergioDelgadoProyecto\Help\Working\BuildTopics.proj]
BuildAssembler : warning : ResolveReferenceLinksComponent: [N:SergioDelgadoProyecto] Unknown reference link target &#39;T:Xamarin.Forms.Application&#39;. [C:\Users\Sergio\Desktop\SergioDelgadoProyecto\Help\Working\BuildTopics.proj]
BuildAssembler : warning : ResolveReferenceLinksComponent: [N:SergioDelgadoProyecto] Unknown reference link target &#39;T:Xamarin.Forms.ContentPage&#39;. [C:\Users\Sergio\Desktop\SergioDelgadoProyecto\Help\Working\BuildTopics.proj]
BuildAssembler : warning : ResolveReferenceLinksComponent: [N:SergioDelgadoProyecto] Unknown reference link target &#39;T:Xamarin.Forms.Xaml.IMarkupExtension&#39;. [C:\Users\Sergio\Desktop\SergioDelgadoProyecto\Help\Working\BuildTopics.proj]
BuildAssembler : warning : ResolveReferenceLinksComponent: [N:SergioDelgadoProyecto] Unknown reference link target &#39;T:Xamarin.Forms.MasterDetailPage&#39;. [C:\Users\Sergio\Desktop\SergioDelgadoProyecto\Help\Working\BuildTopics.proj]
BuildAssembler : warning : ResolveReferenceLinksComponent: [N:SergioDelgadoProyecto] Unknown reference link target &#39;T:Xamarin.Forms.MasterDetailPage&#39;. [C:\Users\Sergio\Desktop\SergioDelgadoProyecto\Help\Working\BuildTopics.proj]
BuildAssembler : warning : ResolveReferenceLinksComponent: [N:SergioDelgadoProyecto] Unknown reference link target &#39;T:Xamarin.Forms.ContentPage&#39;. [C:\Users\Sergio\Desktop\SergioDelgadoProyecto\Help\Working\BuildTopics.proj]
BuildAssembler : warning : ResolveReferenceLinksComponent: [N:SergioDelgadoProyecto] Unknown reference link target &#39;T:Xamarin.Forms.ContentPage&#39;. [C:\Users\Sergio\Desktop\SergioDelgadoProyecto\Help\Working\BuildTopics.proj]
BuildAssembler : warning : ResolveReferenceLinksComponent: [N:SergioDelgadoProyecto] Unknown reference link target &#39;T:Xamarin.Forms.ContentPage&#39;. [C:\Users\Sergio\Desktop\SergioDelgadoProyecto\Help\Working\BuildTopics.proj]
BuildAssembler : warning : ResolveReferenceLinksComponent: [N:SergioDelgadoProyecto] Unknown reference link target &#39;T:Xamarin.Forms.ContentPage&#39;. [C:\Users\Sergio\Desktop\SergioDelgadoProyecto\Help\Working\BuildTopics.proj]
BuildAssembler : warning : ResolveReferenceLinksComponent: [T:SergioDelgadoProyecto.App] Unknown reference link target &#39;T:Xamarin.Forms.Application&#39;. [C:\Users\Sergio\Desktop\SergioDelgadoProyecto\Help\Working\BuildTopics.proj]
BuildAssembler : warning : ResolveReferenceLinksComponent: [T:SergioDelgadoProyecto.App] Unknown reference link target &#39;T:Xamarin.Forms.Application&#39;. [C:\Users\Sergio\Desktop\SergioDelgadoProyecto\Help\Working\BuildTopics.proj]
BuildAssembler : warning : ResolveReferenceLinksComponent: [T:SergioDelgadoProyecto.App] Unknown reference link target &#39;T:Xamarin.Forms.Application&#39;. [C:\Users\Sergio\Desktop\SergioDelgadoProyecto\Help\Working\BuildTopics.proj]
BuildAssembler : warning : ResolveReferenceLinksComponent: [T:SergioDelgadoProyecto.MainPage] Unknown reference link target &#39;T:Xamarin.Forms.ContentPage&#39;. [C:\Users\Sergio\Desktop\SergioDelgadoProyecto\Help\Working\BuildTopics.proj]
BuildAssembler : warning : ResolveReferenceLinksComponent: [T:SergioDelgadoProyecto.MainPage] Unknown reference link target &#39;T:Xamarin.Forms.ContentPage&#39;. [C:\Users\Sergio\Desktop\SergioDelgadoProyecto\Help\Working\BuildTopics.proj]
BuildAssembler : warning : ResolveReferenceLinksComponent: [T:SergioDelgadoProyecto.MainPage] Unknown reference link target &#39;T:Xamarin.Forms.Page&#39;. [C:\Users\Sergio\Desktop\SergioDelgadoProyecto\Help\Working\BuildTopics.proj]
BuildAssembler : warning : ResolveReferenceLinksComponent: [T:SergioDelgadoProyecto.MainPage] Unknown reference link target &#39;T:Xamarin.Forms.ContentPage&#39;. [C:\Users\Sergio\Desktop\SergioDelgadoProyecto\Help\Working\BuildTopics.proj]
BuildAssembler : warning : ResolveReferenceLinksComponent: [Methods.T:SergioDelgadoProyecto.MainPage] Unknown reference link target &#39;T:Xamarin.Forms.Page&#39;. [C:\Users\Sergio\Desktop\SergioDelgadoProyecto\Help\Working\BuildTopics.proj]
BuildAssembler : warning : ResolveReferenceLinksComponent: [M:SergioDelgadoProyecto.MainPage.OnAppearing] Unknown reference link target &#39;T:Xamarin.Forms.Page&#39;. [C:\Users\Sergio\Desktop\SergioDelgadoProyecto\Help\Working\BuildTopics.proj]
BuildAssembler : warning : ResolveReferenceLinksComponent: [T:SergioDelgadoProyecto.MainPage.ImageResourceExtension] Unknown reference link target &#39;T:Xamarin.Forms.Xaml.IMarkupExtension&#39;. [C:\Users\Sergio\Desktop\SergioDelgadoProyecto\Help\Working\BuildTopics.proj]
BuildAssembler : warning : ResolveReferenceLinksComponent: [T:SergioDelgadoProyecto.MainPage.ImageResourceExtension] Unknown reference link target &#39;T:Xamarin.Forms.Xaml.IMarkupExtension&#39;. [C:\Users\Sergio\Desktop\SergioDelgadoProyecto\Help\Working\BuildTopics.proj]
BuildAssembler : warning : ResolveReferenceLinksComponent: [T:SergioDelgadoProyecto.paginaPrincipal] Unknown reference link target &#39;T:Xamarin.Forms.MasterDetailPage&#39;. [C:\Users\Sergio\Desktop\SergioDelgadoProyecto\Help\Working\BuildTopics.proj]
BuildAssembler : warning : ResolveReferenceLinksComponent: [T:SergioDelgadoProyecto.paginaPrincipal] Unknown reference link target &#39;T:Xamarin.Forms.MasterDetailPage&#39;. [C:\Users\Sergio\Desktop\SergioDelgadoProyecto\Help\Working\BuildTopics.proj]
BuildAssembler : warning : ResolveReferenceLinksComponent: [T:SergioDelgadoProyecto.paginaPrincipal] Unknown reference link target &#39;T:Xamarin.Forms.MasterDetailPage&#39;. [C:\Users\Sergio\Desktop\SergioDelgadoProyecto\Help\Working\BuildTopics.proj]
BuildAssembler : warning : ResolveReferenceLinksComponent: [T:SergioDelgadoProyecto.paginaPrincipalA] Unknown reference link target &#39;T:Xamarin.Forms.MasterDetailPage&#39;. [C:\Users\Sergio\Desktop\SergioDelgadoProyecto\Help\Working\BuildTopics.proj]
BuildAssembler : warning : ResolveReferenceLinksComponent: [T:SergioDelgadoProyecto.paginaPrincipalA] Unknown reference link target &#39;T:Xamarin.Forms.MasterDetailPage&#39;. [C:\Users\Sergio\Desktop\SergioDelgadoProyecto\Help\Working\BuildTopics.proj]
BuildAssembler : warning : ResolveReferenceLinksComponent: [T:SergioDelgadoProyecto.paginaPrincipalA] Unknown reference link target &#39;T:Xamarin.Forms.MasterDetailPage&#39;. [C:\Users\Sergio\Desktop\SergioDelgadoProyecto\Help\Working\BuildTopics.proj]
BuildAssembler : warning : ResolveReferenceLinksComponent: [T:SergioDelgadoProyecto.paginaPrincipalDetail] Unknown reference link target &#39;T:Xamarin.Forms.ContentPage&#39;. [C:\Users\Sergio\Desktop\SergioDelgadoProyecto\Help\Working\BuildTopics.proj]
BuildAssembler : warning : ResolveReferenceLinksComponent: [T:SergioDelgadoProyecto.paginaPrincipalDetail] Unknown reference link target &#39;T:Xamarin.Forms.ContentPage&#39;. [C:\Users\Sergio\Desktop\SergioDelgadoProyecto\Help\Working\BuildTopics.proj]
BuildAssembler : warning : ResolveReferenceLinksComponent: [T:SergioDelgadoProyecto.paginaPrincipalDetail] Unknown reference link target &#39;T:Xamarin.Forms.Page&#39;. [C:\Users\Sergio\Desktop\SergioDelgadoProyecto\Help\Working\BuildTopics.proj]
BuildAssembler : warning : ResolveReferenceLinksComponent: [T:SergioDelgadoProyecto.paginaPrincipalDetail] Unknown reference link target &#39;T:Xamarin.Forms.ContentPage&#39;. [C:\Users\Sergio\Desktop\SergioDelgadoProyecto\Help\Working\BuildTopics.proj]
BuildAssembler : warning : ResolveReferenceLinksComponent: [Methods.T:SergioDelgadoProyecto.paginaPrincipalDetail] Unknown reference link target &#39;T:Xamarin.Forms.Page&#39;. [C:\Users\Sergio\Desktop\SergioDelgadoProyecto\Help\Working\BuildTopics.proj]
BuildAssembler : warning : ResolveReferenceLinksComponent: [M:SergioDelgadoProyecto.paginaPrincipalDetail.OnAppearing] Unknown reference link target &#39;T:Xamarin.Forms.Page&#39;. [C:\Users\Sergio\Desktop\SergioDelgadoProyecto\Help\Working\BuildTopics.proj]
BuildAssembler : warning : ResolveReferenceLinksComponent: [T:SergioDelgadoProyecto.paginaPrincipalDetailA] Unknown reference link target &#39;T:Xamarin.Forms.ContentPage&#39;. [C:\Users\Sergio\Desktop\SergioDelgadoProyecto\Help\Working\BuildTopics.proj]
BuildAssembler : warning : ResolveReferenceLinksComponent: [T:SergioDelgadoProyecto.paginaPrincipalDetailA] Unknown reference link target &#39;T:Xamarin.Forms.ContentPage&#39;. [C:\Users\Sergio\Desktop\SergioDelgadoProyecto\Help\Working\BuildTopics.proj]
BuildAssembler : warning : ResolveReferenceLinksComponent: [T:SergioDelgadoProyecto.paginaPrincipalDetailA] Unknown reference link target &#39;T:Xamarin.Forms.Page&#39;. [C:\Users\Sergio\Desktop\SergioDelgadoProyecto\Help\Working\BuildTopics.proj]
BuildAssembler : warning : ResolveReferenceLinksComponent: [T:SergioDelgadoProyecto.paginaPrincipalDetailA] Unknown reference link target &#39;T:Xamarin.Forms.ContentPage&#39;. [C:\Users\Sergio\Desktop\SergioDelgadoProyecto\Help\Working\BuildTopics.proj]
BuildAssembler : warning : ResolveReferenceLinksComponent: [Methods.T:SergioDelgadoProyecto.paginaPrincipalDetailA] Unknown reference link target &#39;T:Xamarin.Forms.Page&#39;. [C:\Users\Sergio\Desktop\SergioDelgadoProyecto\Help\Working\BuildTopics.proj]
BuildAssembler : warning : ResolveReferenceLinksComponent: [M:SergioDelgadoProyecto.paginaPrincipalDetailA.OnAppearing] Unknown reference link target &#39;T:Xamarin.Forms.Page&#39;. [C:\Users\Sergio\Desktop\SergioDelgadoProyecto\Help\Working\BuildTopics.proj]
BuildAssembler : warning : ResolveReferenceLinksComponent: [T:SergioDelgadoProyecto.PaginaPrincipalMaster] Unknown reference link target &#39;T:Xamarin.Forms.ContentPage&#39;. [C:\Users\Sergio\Desktop\SergioDelgadoProyecto\Help\Working\BuildTopics.proj]
BuildAssembler : warning : ResolveReferenceLinksComponent: [T:SergioDelgadoProyecto.PaginaPrincipalMaster] Unknown reference link target &#39;T:Xamarin.Forms.ContentPage&#39;. [C:\Users\Sergio\Desktop\SergioDelgadoProyecto\Help\Working\BuildTopics.proj]
BuildAssembler : warning : ResolveReferenceLinksComponent: [T:SergioDelgadoProyecto.PaginaPrincipalMaster] Unknown reference link target &#39;T:Xamarin.Forms.ContentPage&#39;. [C:\Users\Sergio\Desktop\SergioDelgadoProyecto\Help\Working\BuildTopics.proj]
BuildAssembler : warning : ResolveReferenceLinksComponent: [F:SergioDelgadoProyecto.PaginaPrincipalMaster.ListView] Unknown reference link target &#39;T:Xamarin.Forms.ListView&#39;. [C:\Users\Sergio\Desktop\SergioDelgadoProyecto\Help\Working\BuildTopics.proj]
BuildAssembler : warning : ResolveReferenceLinksComponent: [T:SergioDelgadoProyecto.paginaPrincipalMasterA] Unknown reference link target &#39;T:Xamarin.Forms.ContentPage&#39;. [C:\Users\Sergio\Desktop\SergioDelgadoProyecto\Help\Working\BuildTopics.proj]
BuildAssembler : warning : ResolveReferenceLinksComponent: [T:SergioDelgadoProyecto.paginaPrincipalMasterA] Unknown reference link target &#39;T:Xamarin.Forms.ContentPage&#39;. [C:\Users\Sergio\Desktop\SergioDelgadoProyecto\Help\Working\BuildTopics.proj]
BuildAssembler : warning : ResolveReferenceLinksComponent: [T:SergioDelgadoProyecto.paginaPrincipalMasterA] Unknown reference link target &#39;T:Xamarin.Forms.ContentPage&#39;. [C:\Users\Sergio\Desktop\SergioDelgadoProyecto\Help\Working\BuildTopics.proj]
BuildAssembler : warning : ResolveReferenceLinksComponent: [F:SergioDelgadoProyecto.paginaPrincipalMasterA.ListView] Unknown reference link target &#39;T:Xamarin.Forms.ListView&#39;. [C:\Users\Sergio\Desktop\SergioDelgadoProyecto\Help\Working\BuildTopics.proj]
BuildAssembler : warning : ShowMissingComponent: [T:SergioDelgadoProyecto.RestClient`1] Missing &lt;typeparam name=&quot;T&quot;/&gt; documentation [C:\Users\Sergio\Desktop\SergioDelgadoProyecto\Help\Working\BuildTopics.proj]
BuildAssembler : warning : ShowMissingComponent: [N:SergioDelgadoProyecto.formCrearObjetivo] Missing &lt;summary&gt; documentation [C:\Users\Sergio\Desktop\SergioDelgadoProyecto\Help\Working\BuildTopics.proj]
BuildAssembler : warning : ResolveReferenceLinksComponent: [N:SergioDelgadoProyecto.formCrearObjetivo] Unknown reference link target &#39;T:Xamarin.Forms.ContentPage&#39;. [C:\Users\Sergio\Desktop\SergioDelgadoProyecto\Help\Working\BuildTopics.proj]
BuildAssembler : warning : ResolveReferenceLinksComponent: [T:SergioDelgadoProyecto.formCrearObjetivo.crearObjetivos] Unknown reference link target &#39;T:Xamarin.Forms.ContentPage&#39;. [C:\Users\Sergio\Desktop\SergioDelgadoProyecto\Help\Working\BuildTopics.proj]
BuildAssembler : warning : ResolveReferenceLinksComponent: [T:SergioDelgadoProyecto.formCrearObjetivo.crearObjetivos] Unknown reference link target &#39;T:Xamarin.Forms.ContentPage&#39;. [C:\Users\Sergio\Desktop\SergioDelgadoProyecto\Help\Working\BuildTopics.proj]
BuildAssembler : warning : ResolveReferenceLinksComponent: [T:SergioDelgadoProyecto.formCrearObjetivo.crearObjetivos] Unknown reference link target &#39;T:Xamarin.Forms.ContentPage&#39;. [C:\Users\Sergio\Desktop\SergioDelgadoProyecto\Help\Working\BuildTopics.proj]
BuildAssembler : warning : ResolveReferenceLinksComponent: [M:SergioDelgadoProyecto.formCrearObjetivo.crearObjetivos.Fecha_DateSelected(System.Object,Xamarin.Forms.DateChangedEventArgs)] Unknown reference link target &#39;T:Xamarin.Forms.DateChangedEventArgs&#39;. [C:\Users\Sergio\Desktop\SergioDelgadoProyecto\Help\Working\BuildTopics.proj]
BuildAssembler : warning : ResolveReferenceLinksComponent: [M:SergioDelgadoProyecto.formCrearObjetivo.crearObjetivos.Fecha_DateSelected(System.Object,Xamarin.Forms.DateChangedEventArgs)] Unknown reference link target &#39;T:Xamarin.Forms.DateChangedEventArgs&#39;. [C:\Users\Sergio\Desktop\SergioDelgadoProyecto\Help\Working\BuildTopics.proj]
BuildAssembler : warning : ShowMissingComponent: [N:SergioDelgadoProyecto.formGasolinera] Missing &lt;summary&gt; documentation [C:\Users\Sergio\Desktop\SergioDelgadoProyecto\Help\Working\BuildTopics.proj]
BuildAssembler : warning : ResolveReferenceLinksComponent: [N:SergioDelgadoProyecto.formGasolinera] Unknown reference link target &#39;T:Xamarin.Forms.ContentPage&#39;. [C:\Users\Sergio\Desktop\SergioDelgadoProyecto\Help\Working\BuildTopics.proj]
BuildAssembler : warning : ResolveReferenceLinksComponent: [T:SergioDelgadoProyecto.formGasolinera.Gasolinera] Unknown reference link target &#39;T:Xamarin.Forms.ContentPage&#39;. [C:\Users\Sergio\Desktop\SergioDelgadoProyecto\Help\Working\BuildTopics.proj]
BuildAssembler : warning : ResolveReferenceLinksComponent: [T:SergioDelgadoProyecto.formGasolinera.Gasolinera] Unknown reference link target &#39;T:Xamarin.Forms.ContentPage&#39;. [C:\Users\Sergio\Desktop\SergioDelgadoProyecto\Help\Working\BuildTopics.proj]
BuildAssembler : warning : ResolveReferenceLinksComponent: [T:SergioDelgadoProyecto.formGasolinera.Gasolinera] Unknown reference link target &#39;T:Xamarin.Forms.ContentPage&#39;. [C:\Users\Sergio\Desktop\SergioDelgadoProyecto\Help\Working\BuildTopics.proj]
BuildAssembler : warning : ShowMissingComponent: [N:SergioDelgadoProyecto.formObjetivos] Missing &lt;summary&gt; documentation [C:\Users\Sergio\Desktop\SergioDelgadoProyecto\Help\Working\BuildTopics.proj]
BuildAssembler : warning : ResolveReferenceLinksComponent: [N:SergioDelgadoProyecto.formObjetivos] Unknown reference link target &#39;T:Xamarin.Forms.ContentPage&#39;. [C:\Users\Sergio\Desktop\SergioDelgadoProyecto\Help\Working\BuildTopics.proj]
BuildAssembler : warning : ResolveReferenceLinksComponent: [N:SergioDelgadoProyecto.formObjetivos] Unknown reference link target &#39;T:Xamarin.Forms.ContentPage&#39;. [C:\Users\Sergio\Desktop\SergioDelgadoProyecto\Help\Working\BuildTopics.proj]
BuildAssembler : warning : ResolveReferenceLinksComponent: [N:SergioDelgadoProyecto.formObjetivos] Unknown reference link target &#39;T:Xamarin.Forms.ContentPage&#39;. [C:\Users\Sergio\Desktop\SergioDelgadoProyecto\Help\Working\BuildTopics.proj]
BuildAssembler : warning : ResolveReferenceLinksComponent: [T:SergioDelgadoProyecto.formObjetivos.Objetivos] Unknown reference link target &#39;T:Xamarin.Forms.ContentPage&#39;. [C:\Users\Sergio\Desktop\SergioDelgadoProyecto\Help\Working\BuildTopics.proj]
BuildAssembler : warning : ResolveReferenceLinksComponent: [T:SergioDelgadoProyecto.formObjetivos.Objetivos] Unknown reference link target &#39;T:Xamarin.Forms.ContentPage&#39;. [C:\Users\Sergio\Desktop\SergioDelgadoProyecto\Help\Working\BuildTopics.proj]
BuildAssembler : warning : ResolveReferenceLinksComponent: [T:SergioDelgadoProyecto.formObjetivos.Objetivos] Unknown reference link target &#39;T:Xamarin.Forms.ContentPage&#39;. [C:\Users\Sergio\Desktop\SergioDelgadoProyecto\Help\Working\BuildTopics.proj]
BuildAssembler : warning : ResolveReferenceLinksComponent: [T:SergioDelgadoProyecto.formObjetivos.ventanaObjetivo] Unknown reference link target &#39;T:Xamarin.Forms.ContentPage&#39;. [C:\Users\Sergio\Desktop\SergioDelgadoProyecto\Help\Working\BuildTopics.proj]
BuildAssembler : warning : ResolveReferenceLinksComponent: [T:SergioDelgadoProyecto.formObjetivos.ventanaObjetivo] Unknown reference link target &#39;T:Xamarin.Forms.ContentPage&#39;. [C:\Users\Sergio\Desktop\SergioDelgadoProyecto\Help\Working\BuildTopics.proj]
BuildAssembler : warning : ResolveReferenceLinksComponent: [T:SergioDelgadoProyecto.formObjetivos.ventanaObjetivo] Unknown reference link target &#39;T:Xamarin.Forms.ContentPage&#39;. [C:\Users\Sergio\Desktop\SergioDelgadoProyecto\Help\Working\BuildTopics.proj]
BuildAssembler : warning : ResolveReferenceLinksComponent: [T:SergioDelgadoProyecto.formObjetivos.ventanaObjetivos] Unknown reference link target &#39;T:Xamarin.Forms.ContentPage&#39;. [C:\Users\Sergio\Desktop\SergioDelgadoProyecto\Help\Working\BuildTopics.proj]
BuildAssembler : warning : ResolveReferenceLinksComponent: [T:SergioDelgadoProyecto.formObjetivos.ventanaObjetivos] Unknown reference link target &#39;T:Xamarin.Forms.ContentPage&#39;. [C:\Users\Sergio\Desktop\SergioDelgadoProyecto\Help\Working\BuildTopics.proj]
BuildAssembler : warning : ResolveReferenceLinksComponent: [T:SergioDelgadoProyecto.formObjetivos.ventanaObjetivos] Unknown reference link target &#39;T:Xamarin.Forms.ContentPage&#39;. [C:\Users\Sergio\Desktop\SergioDelgadoProyecto\Help\Working\BuildTopics.proj]
BuildAssembler : warning : ShowMissingComponent: [N:SergioDelgadoProyecto.formObjetivosCumplidos] Missing &lt;summary&gt; documentation [C:\Users\Sergio\Desktop\SergioDelgadoProyecto\Help\Working\BuildTopics.proj]
BuildAssembler : warning : ResolveReferenceLinksComponent: [N:SergioDelgadoProyecto.formObjetivosCumplidos] Unknown reference link target &#39;T:Xamarin.Forms.ContentPage&#39;. [C:\Users\Sergio\Desktop\SergioDelgadoProyecto\Help\Working\BuildTopics.proj]
BuildAssembler : warning : ResolveReferenceLinksComponent: [T:SergioDelgadoProyecto.formObjetivosCumplidos.objetivoCumplido] Unknown reference link target &#39;T:Xamarin.Forms.ContentPage&#39;. [C:\Users\Sergio\Desktop\SergioDelgadoProyecto\Help\Working\BuildTopics.proj]
BuildAssembler : warning : ResolveReferenceLinksComponent: [T:SergioDelgadoProyecto.formObjetivosCumplidos.objetivoCumplido] Unknown reference link target &#39;T:Xamarin.Forms.ContentPage&#39;. [C:\Users\Sergio\Desktop\SergioDelgadoProyecto\Help\Working\BuildTopics.proj]
BuildAssembler : warning : ResolveReferenceLinksComponent: [T:SergioDelgadoProyecto.formObjetivosCumplidos.objetivoCumplido] Unknown reference link target &#39;T:Xamarin.Forms.ContentPage&#39;. [C:\Users\Sergio\Desktop\SergioDelgadoProyecto\Help\Working\BuildTopics.proj]
BuildAssembler : warning : ShowMissingComponent: [N:SergioDelgadoProyecto.formObjetivosCumplidosAjenos] Missing &lt;summary&gt; documentation [C:\Users\Sergio\Desktop\SergioDelgadoProyecto\Help\Working\BuildTopics.proj]
BuildAssembler : warning : ResolveReferenceLinksComponent: [N:SergioDelgadoProyecto.formObjetivosCumplidosAjenos] Unknown reference link target &#39;T:Xamarin.Forms.ContentPage&#39;. [C:\Users\Sergio\Desktop\SergioDelgadoProyecto\Help\Working\BuildTopics.proj]
BuildAssembler : warning : ResolveReferenceLinksComponent: [N:SergioDelgadoProyecto.formObjetivosCumplidosAjenos] Unknown reference link target &#39;T:Xamarin.Forms.ContentPage&#39;. [C:\Users\Sergio\Desktop\SergioDelgadoProyecto\Help\Working\BuildTopics.proj]
BuildAssembler : warning : ResolveReferenceLinksComponent: [T:SergioDelgadoProyecto.formObjetivosCumplidosAjenos.OcAjenos] Unknown reference link target &#39;T:Xamarin.Forms.ContentPage&#39;. [C:\Users\Sergio\Desktop\SergioDelgadoProyecto\Help\Working\BuildTopics.proj]
BuildAssembler : warning : ResolveReferenceLinksComponent: [T:SergioDelgadoProyecto.formObjetivosCumplidosAjenos.OcAjenos] Unknown reference link target &#39;T:Xamarin.Forms.ContentPage&#39;. [C:\Users\Sergio\Desktop\SergioDelgadoProyecto\Help\Working\BuildTopics.proj]
BuildAssembler : warning : ResolveReferenceLinksComponent: [T:SergioDelgadoProyecto.formObjetivosCumplidosAjenos.OcAjenos] Unknown reference link target &#39;T:Xamarin.Forms.ContentPage&#39;. [C:\Users\Sergio\Desktop\SergioDelgadoProyecto\Help\Working\BuildTopics.proj]
BuildAssembler : warning : ResolveReferenceLinksComponent: [T:SergioDelgadoProyecto.formObjetivosCumplidosAjenos.TodosObjetivos] Unknown reference link target &#39;T:Xamarin.Forms.ContentPage&#39;. [C:\Users\Sergio\Desktop\SergioDelgadoProyecto\Help\Working\BuildTopics.proj]
BuildAssembler : warning : ResolveReferenceLinksComponent: [T:SergioDelgadoProyecto.formObjetivosCumplidosAjenos.TodosObjetivos] Unknown reference link target &#39;T:Xamarin.Forms.ContentPage&#39;. [C:\Users\Sergio\Desktop\SergioDelgadoProyecto\Help\Working\BuildTopics.proj]
BuildAssembler : warning : ResolveReferenceLinksComponent: [T:SergioDelgadoProyecto.formObjetivosCumplidosAjenos.TodosObjetivos] Unknown reference link target &#39;T:Xamarin.Forms.ContentPage&#39;. [C:\Users\Sergio\Desktop\SergioDelgadoProyecto\Help\Working\BuildTopics.proj]
BuildAssembler : warning : ShowMissingComponent: [N:SergioDelgadoProyecto.ServicioRest] Missing &lt;summary&gt; documentation [C:\Users\Sergio\Desktop\SergioDelgadoProyecto\Help\Working\BuildTopics.proj]
BuildAssembler : warning : ShowMissingComponent: [N:SergioDelgadoProyecto.view.formObjetivosCumplidosAjenos] Missing &lt;summary&gt; documentation [C:\Users\Sergio\Desktop\SergioDelgadoProyecto\Help\Working\BuildTopics.proj]
BuildAssembler : warning : ResolveReferenceLinksComponent: [N:SergioDelgadoProyecto.view.formObjetivosCumplidosAjenos] Unknown reference link target &#39;T:Xamarin.Forms.ContentPage&#39;. [C:\Users\Sergio\Desktop\SergioDelgadoProyecto\Help\Working\BuildTopics.proj]
BuildAssembler : warning : ResolveReferenceLinksComponent: [T:SergioDelgadoProyecto.view.formObjetivosCumplidosAjenos.DetallesAjenos] Unknown reference link target &#39;T:Xamarin.Forms.ContentPage&#39;. [C:\Users\Sergio\Desktop\SergioDelgadoProyecto\Help\Working\BuildTopics.proj]
BuildAssembler : warning : ResolveReferenceLinksComponent: [T:SergioDelgadoProyecto.view.formObjetivosCumplidosAjenos.DetallesAjenos] Unknown reference link target &#39;T:Xamarin.Forms.ContentPage&#39;. [C:\Users\Sergio\Desktop\SergioDelgadoProyecto\Help\Working\BuildTopics.proj]
BuildAssembler : warning : ResolveReferenceLinksComponent: [T:SergioDelgadoProyecto.view.formObjetivosCumplidosAjenos.DetallesAjenos] Unknown reference link target &#39;T:Xamarin.Forms.ContentPage&#39;. [C:\Users\Sergio\Desktop\SergioDelgadoProyecto\Help\Working\BuildTopics.proj]
BuildAssembler : warning : ResolveReferenceLinksComponent: [M:SergioDelgadoProyecto.view.formObjetivosCumplidosAjenos.DetallesAjenos.Fecha_DateSelected(System.Object,Xamarin.Forms.DateChangedEventArgs)] Unknown reference link target &#39;T:Xamarin.Forms.DateChangedEventArgs&#39;. [C:\Users\Sergio\Desktop\SergioDelgadoProyecto\Help\Working\BuildTopics.proj]
BuildAssembler : warning : ResolveReferenceLinksComponent: [M:SergioDelgadoProyecto.view.formObjetivosCumplidosAjenos.DetallesAjenos.Fecha_DateSelected(System.Object,Xamarin.Forms.DateChangedEventArgs)] Unknown reference link target &#39;T:Xamarin.Forms.DateChangedEventArgs&#39;. [C:\Users\Sergio\Desktop\SergioDelgadoProyecto\Help\Working\BuildTopics.proj]
  Processed 182 topic(s)
  95 warning(s)
  CopyFromIndexComponent: &quot;reflection&quot; in-memory cache entries used: 4 of 15.
  CopyFromIndexComponent: &quot;comments&quot; in-memory cache entries used: 2 of 30.
Compilaci&#162;n del proyecto terminada &quot;C:\Users\Sergio\Desktop\SergioDelgadoProyecto\Help\Working\BuildTopics.proj&quot; (destinos predeterminados).

Compilaci&#162;n correcta.

Tiempo transcurrido 00:00:20.63
    Last step completed in 00:00:20,9390
</buildStep>
<buildStep step="CombiningIntermediateTocFiles">
Combining conceptual and API intermediate TOC files...
    Last step completed in 00:00:00,0010
</buildStep>
<buildStep step="ExtractingHtmlInfo">
Extracting HTML info for HTML Help 1 and/or website...
[C:\Program Files (x86)\MSBuild\14.0\bin\amd64\MSBuild.exe - ExtractHtmlInfo.proj]
Sandcastle Help File Builder and Tools, version 2019.4.14.0
Copyright &#184; 2006-2019, Eric Woodruff, All Rights Reserved
E-Mail: Eric@EWoodruff.us

Using LCID &#39;1033&#39;, code page &#39;65001&#39;, encoding charset &#39;UTF-8&#39;.

Processing Help 1 files in C:\Users\Sergio\Desktop\SergioDelgadoProyecto\Help\Working\Output\HtmlHelp1
Processed 182 HTML files
Sorting keywords and generating See Also indices
Saving HTML Help 1 keyword index to C:\Users\Sergio\Desktop\SergioDelgadoProyecto\Help\Working\Documentation.hhk
Saving HTML Help 1 table of contents to C:\Users\Sergio\Desktop\SergioDelgadoProyecto\Help\Working\Documentation.hhc
    Last step completed in 00:00:01,1255
</buildStep>
<buildStep step="CopyStandardHelpContent">
Copying standard help content...
C:\Program Files (x86)\EWSoftware\Sandcastle Help File Builder\PresentationStyles\VS2013\icons\AlertCaution.png -&gt; C:\Users\Sergio\Desktop\SergioDelgadoProyecto\Help\Working\Output\HtmlHelp1\icons\AlertCaution.png
C:\Program Files (x86)\EWSoftware\Sandcastle Help File Builder\PresentationStyles\VS2013\icons\AlertNote.png -&gt; C:\Users\Sergio\Desktop\SergioDelgadoProyecto\Help\Working\Output\HtmlHelp1\icons\AlertNote.png
C:\Program Files (x86)\EWSoftware\Sandcastle Help File Builder\PresentationStyles\VS2013\icons\AlertSecurity.png -&gt; C:\Users\Sergio\Desktop\SergioDelgadoProyecto\Help\Working\Output\HtmlHelp1\icons\AlertSecurity.png
C:\Program Files (x86)\EWSoftware\Sandcastle Help File Builder\PresentationStyles\VS2013\icons\CFW.gif -&gt; C:\Users\Sergio\Desktop\SergioDelgadoProyecto\Help\Working\Output\HtmlHelp1\icons\CFW.gif
C:\Program Files (x86)\EWSoftware\Sandcastle Help File Builder\PresentationStyles\VS2013\icons\CodeExample.png -&gt; C:\Users\Sergio\Desktop\SergioDelgadoProyecto\Help\Working\Output\HtmlHelp1\icons\CodeExample.png
C:\Program Files (x86)\EWSoftware\Sandcastle Help File Builder\PresentationStyles\VS2013\icons\favicon.ico -&gt; C:\Users\Sergio\Desktop\SergioDelgadoProyecto\Help\Working\Output\HtmlHelp1\icons\favicon.ico
C:\Program Files (x86)\EWSoftware\Sandcastle Help File Builder\PresentationStyles\VS2013\icons\privclass.gif -&gt; C:\Users\Sergio\Desktop\SergioDelgadoProyecto\Help\Working\Output\HtmlHelp1\icons\privclass.gif
C:\Program Files (x86)\EWSoftware\Sandcastle Help File Builder\PresentationStyles\VS2013\icons\privdelegate.gif -&gt; C:\Users\Sergio\Desktop\SergioDelgadoProyecto\Help\Working\Output\HtmlHelp1\icons\privdelegate.gif
C:\Program Files (x86)\EWSoftware\Sandcastle Help File Builder\PresentationStyles\VS2013\icons\privenumeration.gif -&gt; C:\Users\Sergio\Desktop\SergioDelgadoProyecto\Help\Working\Output\HtmlHelp1\icons\privenumeration.gif
C:\Program Files (x86)\EWSoftware\Sandcastle Help File Builder\PresentationStyles\VS2013\icons\privevent.gif -&gt; C:\Users\Sergio\Desktop\SergioDelgadoProyecto\Help\Working\Output\HtmlHelp1\icons\privevent.gif
C:\Program Files (x86)\EWSoftware\Sandcastle Help File Builder\PresentationStyles\VS2013\icons\privextension.gif -&gt; C:\Users\Sergio\Desktop\SergioDelgadoProyecto\Help\Working\Output\HtmlHelp1\icons\privextension.gif
C:\Program Files (x86)\EWSoftware\Sandcastle Help File Builder\PresentationStyles\VS2013\icons\privfield.gif -&gt; C:\Users\Sergio\Desktop\SergioDelgadoProyecto\Help\Working\Output\HtmlHelp1\icons\privfield.gif
C:\Program Files (x86)\EWSoftware\Sandcastle Help File Builder\PresentationStyles\VS2013\icons\privinterface.gif -&gt; C:\Users\Sergio\Desktop\SergioDelgadoProyecto\Help\Working\Output\HtmlHelp1\icons\privinterface.gif
C:\Program Files (x86)\EWSoftware\Sandcastle Help File Builder\PresentationStyles\VS2013\icons\privmethod.gif -&gt; C:\Users\Sergio\Desktop\SergioDelgadoProyecto\Help\Working\Output\HtmlHelp1\icons\privmethod.gif
C:\Program Files (x86)\EWSoftware\Sandcastle Help File Builder\PresentationStyles\VS2013\icons\privproperty.gif -&gt; C:\Users\Sergio\Desktop\SergioDelgadoProyecto\Help\Working\Output\HtmlHelp1\icons\privproperty.gif
C:\Program Files (x86)\EWSoftware\Sandcastle Help File Builder\PresentationStyles\VS2013\icons\privstructure.gif -&gt; C:\Users\Sergio\Desktop\SergioDelgadoProyecto\Help\Working\Output\HtmlHelp1\icons\privstructure.gif
C:\Program Files (x86)\EWSoftware\Sandcastle Help File Builder\PresentationStyles\VS2013\icons\protclass.gif -&gt; C:\Users\Sergio\Desktop\SergioDelgadoProyecto\Help\Working\Output\HtmlHelp1\icons\protclass.gif
C:\Program Files (x86)\EWSoftware\Sandcastle Help File Builder\PresentationStyles\VS2013\icons\protdelegate.gif -&gt; C:\Users\Sergio\Desktop\SergioDelgadoProyecto\Help\Working\Output\HtmlHelp1\icons\protdelegate.gif
C:\Program Files (x86)\EWSoftware\Sandcastle Help File Builder\PresentationStyles\VS2013\icons\protenumeration.gif -&gt; C:\Users\Sergio\Desktop\SergioDelgadoProyecto\Help\Working\Output\HtmlHelp1\icons\protenumeration.gif
C:\Program Files (x86)\EWSoftware\Sandcastle Help File Builder\PresentationStyles\VS2013\icons\protevent.gif -&gt; C:\Users\Sergio\Desktop\SergioDelgadoProyecto\Help\Working\Output\HtmlHelp1\icons\protevent.gif
C:\Program Files (x86)\EWSoftware\Sandcastle Help File Builder\PresentationStyles\VS2013\icons\protextension.gif -&gt; C:\Users\Sergio\Desktop\SergioDelgadoProyecto\Help\Working\Output\HtmlHelp1\icons\protextension.gif
C:\Program Files (x86)\EWSoftware\Sandcastle Help File Builder\PresentationStyles\VS2013\icons\protfield.gif -&gt; C:\Users\Sergio\Desktop\SergioDelgadoProyecto\Help\Working\Output\HtmlHelp1\icons\protfield.gif
C:\Program Files (x86)\EWSoftware\Sandcastle Help File Builder\PresentationStyles\VS2013\icons\protinterface.gif -&gt; C:\Users\Sergio\Desktop\SergioDelgadoProyecto\Help\Working\Output\HtmlHelp1\icons\protinterface.gif
C:\Program Files (x86)\EWSoftware\Sandcastle Help File Builder\PresentationStyles\VS2013\icons\protmethod.gif -&gt; C:\Users\Sergio\Desktop\SergioDelgadoProyecto\Help\Working\Output\HtmlHelp1\icons\protmethod.gif
C:\Program Files (x86)\EWSoftware\Sandcastle Help File Builder\PresentationStyles\VS2013\icons\protoperator.gif -&gt; C:\Users\Sergio\Desktop\SergioDelgadoProyecto\Help\Working\Output\HtmlHelp1\icons\protoperator.gif
C:\Program Files (x86)\EWSoftware\Sandcastle Help File Builder\PresentationStyles\VS2013\icons\protproperty.gif -&gt; C:\Users\Sergio\Desktop\SergioDelgadoProyecto\Help\Working\Output\HtmlHelp1\icons\protproperty.gif
C:\Program Files (x86)\EWSoftware\Sandcastle Help File Builder\PresentationStyles\VS2013\icons\protstructure.gif -&gt; C:\Users\Sergio\Desktop\SergioDelgadoProyecto\Help\Working\Output\HtmlHelp1\icons\protstructure.gif
C:\Program Files (x86)\EWSoftware\Sandcastle Help File Builder\PresentationStyles\VS2013\icons\pubclass.gif -&gt; C:\Users\Sergio\Desktop\SergioDelgadoProyecto\Help\Working\Output\HtmlHelp1\icons\pubclass.gif
C:\Program Files (x86)\EWSoftware\Sandcastle Help File Builder\PresentationStyles\VS2013\icons\pubdelegate.gif -&gt; C:\Users\Sergio\Desktop\SergioDelgadoProyecto\Help\Working\Output\HtmlHelp1\icons\pubdelegate.gif
C:\Program Files (x86)\EWSoftware\Sandcastle Help File Builder\PresentationStyles\VS2013\icons\pubenumeration.gif -&gt; C:\Users\Sergio\Desktop\SergioDelgadoProyecto\Help\Working\Output\HtmlHelp1\icons\pubenumeration.gif
C:\Program Files (x86)\EWSoftware\Sandcastle Help File Builder\PresentationStyles\VS2013\icons\pubevent.gif -&gt; C:\Users\Sergio\Desktop\SergioDelgadoProyecto\Help\Working\Output\HtmlHelp1\icons\pubevent.gif
C:\Program Files (x86)\EWSoftware\Sandcastle Help File Builder\PresentationStyles\VS2013\icons\pubextension.gif -&gt; C:\Users\Sergio\Desktop\SergioDelgadoProyecto\Help\Working\Output\HtmlHelp1\icons\pubextension.gif
C:\Program Files (x86)\EWSoftware\Sandcastle Help File Builder\PresentationStyles\VS2013\icons\pubfield.gif -&gt; C:\Users\Sergio\Desktop\SergioDelgadoProyecto\Help\Working\Output\HtmlHelp1\icons\pubfield.gif
C:\Program Files (x86)\EWSoftware\Sandcastle Help File Builder\PresentationStyles\VS2013\icons\pubinterface.gif -&gt; C:\Users\Sergio\Desktop\SergioDelgadoProyecto\Help\Working\Output\HtmlHelp1\icons\pubinterface.gif
C:\Program Files (x86)\EWSoftware\Sandcastle Help File Builder\PresentationStyles\VS2013\icons\pubmethod.gif -&gt; C:\Users\Sergio\Desktop\SergioDelgadoProyecto\Help\Working\Output\HtmlHelp1\icons\pubmethod.gif
C:\Program Files (x86)\EWSoftware\Sandcastle Help File Builder\PresentationStyles\VS2013\icons\puboperator.gif -&gt; C:\Users\Sergio\Desktop\SergioDelgadoProyecto\Help\Working\Output\HtmlHelp1\icons\puboperator.gif
C:\Program Files (x86)\EWSoftware\Sandcastle Help File Builder\PresentationStyles\VS2013\icons\pubproperty.gif -&gt; C:\Users\Sergio\Desktop\SergioDelgadoProyecto\Help\Working\Output\HtmlHelp1\icons\pubproperty.gif
C:\Program Files (x86)\EWSoftware\Sandcastle Help File Builder\PresentationStyles\VS2013\icons\pubstructure.gif -&gt; C:\Users\Sergio\Desktop\SergioDelgadoProyecto\Help\Working\Output\HtmlHelp1\icons\pubstructure.gif
C:\Program Files (x86)\EWSoftware\Sandcastle Help File Builder\PresentationStyles\VS2013\icons\SectionCollapsed.png -&gt; C:\Users\Sergio\Desktop\SergioDelgadoProyecto\Help\Working\Output\HtmlHelp1\icons\SectionCollapsed.png
C:\Program Files (x86)\EWSoftware\Sandcastle Help File Builder\PresentationStyles\VS2013\icons\SectionExpanded.png -&gt; C:\Users\Sergio\Desktop\SergioDelgadoProyecto\Help\Working\Output\HtmlHelp1\icons\SectionExpanded.png
C:\Program Files (x86)\EWSoftware\Sandcastle Help File Builder\PresentationStyles\VS2013\icons\slMobile.gif -&gt; C:\Users\Sergio\Desktop\SergioDelgadoProyecto\Help\Working\Output\HtmlHelp1\icons\slMobile.gif
C:\Program Files (x86)\EWSoftware\Sandcastle Help File Builder\PresentationStyles\VS2013\icons\static.gif -&gt; C:\Users\Sergio\Desktop\SergioDelgadoProyecto\Help\Working\Output\HtmlHelp1\icons\static.gif
C:\Program Files (x86)\EWSoftware\Sandcastle Help File Builder\PresentationStyles\VS2013\icons\xna.gif -&gt; C:\Users\Sergio\Desktop\SergioDelgadoProyecto\Help\Working\Output\HtmlHelp1\icons\xna.gif
C:\Program Files (x86)\EWSoftware\Sandcastle Help File Builder\PresentationStyles\VS2013\scripts\branding.js -&gt; C:\Users\Sergio\Desktop\SergioDelgadoProyecto\Help\Working\Output\HtmlHelp1\scripts\branding.js
C:\Program Files (x86)\EWSoftware\Sandcastle Help File Builder\PresentationStyles\VS2013\styles\branding-cs-CZ.css -&gt; C:\Users\Sergio\Desktop\SergioDelgadoProyecto\Help\Working\Output\HtmlHelp1\styles\branding-cs-CZ.css
C:\Program Files (x86)\EWSoftware\Sandcastle Help File Builder\PresentationStyles\VS2013\styles\branding-de-DE.css -&gt; C:\Users\Sergio\Desktop\SergioDelgadoProyecto\Help\Working\Output\HtmlHelp1\styles\branding-de-DE.css
C:\Program Files (x86)\EWSoftware\Sandcastle Help File Builder\PresentationStyles\VS2013\styles\branding-en-US.css -&gt; C:\Users\Sergio\Desktop\SergioDelgadoProyecto\Help\Working\Output\HtmlHelp1\styles\branding-en-US.css
C:\Program Files (x86)\EWSoftware\Sandcastle Help File Builder\PresentationStyles\VS2013\styles\branding-es-ES.css -&gt; C:\Users\Sergio\Desktop\SergioDelgadoProyecto\Help\Working\Output\HtmlHelp1\styles\branding-es-ES.css
C:\Program Files (x86)\EWSoftware\Sandcastle Help File Builder\PresentationStyles\VS2013\styles\branding-fr-FR.css -&gt; C:\Users\Sergio\Desktop\SergioDelgadoProyecto\Help\Working\Output\HtmlHelp1\styles\branding-fr-FR.css
C:\Program Files (x86)\EWSoftware\Sandcastle Help File Builder\PresentationStyles\VS2013\styles\branding-Help1.css -&gt; C:\Users\Sergio\Desktop\SergioDelgadoProyecto\Help\Working\Output\HtmlHelp1\styles\branding-Help1.css
C:\Program Files (x86)\EWSoftware\Sandcastle Help File Builder\PresentationStyles\VS2013\styles\branding-HelpViewer.css -&gt; C:\Users\Sergio\Desktop\SergioDelgadoProyecto\Help\Working\Output\HtmlHelp1\styles\branding-HelpViewer.css
C:\Program Files (x86)\EWSoftware\Sandcastle Help File Builder\PresentationStyles\VS2013\styles\branding-it-IT.css -&gt; C:\Users\Sergio\Desktop\SergioDelgadoProyecto\Help\Working\Output\HtmlHelp1\styles\branding-it-IT.css
C:\Program Files (x86)\EWSoftware\Sandcastle Help File Builder\PresentationStyles\VS2013\styles\branding-ja-JP.css -&gt; C:\Users\Sergio\Desktop\SergioDelgadoProyecto\Help\Working\Output\HtmlHelp1\styles\branding-ja-JP.css
C:\Program Files (x86)\EWSoftware\Sandcastle Help File Builder\PresentationStyles\VS2013\styles\branding-ko-KR.css -&gt; C:\Users\Sergio\Desktop\SergioDelgadoProyecto\Help\Working\Output\HtmlHelp1\styles\branding-ko-KR.css
C:\Program Files (x86)\EWSoftware\Sandcastle Help File Builder\PresentationStyles\VS2013\styles\branding-pl-PL.css -&gt; C:\Users\Sergio\Desktop\SergioDelgadoProyecto\Help\Working\Output\HtmlHelp1\styles\branding-pl-PL.css
C:\Program Files (x86)\EWSoftware\Sandcastle Help File Builder\PresentationStyles\VS2013\styles\branding-pt-BR.css -&gt; C:\Users\Sergio\Desktop\SergioDelgadoProyecto\Help\Working\Output\HtmlHelp1\styles\branding-pt-BR.css
C:\Program Files (x86)\EWSoftware\Sandcastle Help File Builder\PresentationStyles\VS2013\styles\branding-ru-RU.css -&gt; C:\Users\Sergio\Desktop\SergioDelgadoProyecto\Help\Working\Output\HtmlHelp1\styles\branding-ru-RU.css
C:\Program Files (x86)\EWSoftware\Sandcastle Help File Builder\PresentationStyles\VS2013\styles\branding-tr-TR.css -&gt; C:\Users\Sergio\Desktop\SergioDelgadoProyecto\Help\Working\Output\HtmlHelp1\styles\branding-tr-TR.css
C:\Program Files (x86)\EWSoftware\Sandcastle Help File Builder\PresentationStyles\VS2013\styles\branding-Website.css -&gt; C:\Users\Sergio\Desktop\SergioDelgadoProyecto\Help\Working\Output\HtmlHelp1\styles\branding-Website.css
C:\Program Files (x86)\EWSoftware\Sandcastle Help File Builder\PresentationStyles\VS2013\styles\branding-zh-CN.css -&gt; C:\Users\Sergio\Desktop\SergioDelgadoProyecto\Help\Working\Output\HtmlHelp1\styles\branding-zh-CN.css
C:\Program Files (x86)\EWSoftware\Sandcastle Help File Builder\PresentationStyles\VS2013\styles\branding-zh-TW.css -&gt; C:\Users\Sergio\Desktop\SergioDelgadoProyecto\Help\Working\Output\HtmlHelp1\styles\branding-zh-TW.css
C:\Program Files (x86)\EWSoftware\Sandcastle Help File Builder\PresentationStyles\VS2013\styles\branding.css -&gt; C:\Users\Sergio\Desktop\SergioDelgadoProyecto\Help\Working\Output\HtmlHelp1\styles\branding.css
    Last step completed in 00:00:00,2049
</buildStep>
<buildStep step="GenerateHelpFormatTableOfContents">
Generating HTML Help 1 table of contents file...
    Last step completed in 00:00:00,0000
</buildStep>
<buildStep step="GenerateHelpFileIndex">
Generating HTML Help 1 index file...
    Last step completed in 00:00:00,0000
</buildStep>
<buildStep step="GenerateHelpProject">
Generating HTML Help 1 project file...
    Last step completed in 00:00:00,0110
</buildStep>
<buildStep step="CompilingHelpFile">
Compiling HTML Help 1 file...
[C:\Program Files (x86)\MSBuild\14.0\bin\amd64\MSBuild.exe - Build1xHelpFile.proj]
  Microsoft HTML Help Compiler 4.74.8702
  
  
  
  Compiling c:\Users\Sergio\Desktop\SergioDelgadoProyecto\Help\Working\Output\HtmlHelp1\Documentation.chm
  
  
  
  
  
  Compile time: 0 minutes, 2 seconds
  
  184	Topics
  
  1,760	Local links
  
  374	Internet links
  
  0	Graphics
  
  
  
  
  
  Created c:\Users\Sergio\Desktop\SergioDelgadoProyecto\Help\Working\Output\HtmlHelp1\Documentation.chm, 202,221 bytes
  
  Compression decreased file by 1,007,386 bytes.
  
    Last step completed in 00:00:03,1473
</buildStep>
<buildStep step="CleanIntermediates">
Removing intermediate files...
    Last step completed in 00:00:00,0688
</buildStep>
<buildStep step="Completed">

Build completed successfully at 16/06/2019 21:03:01.  Total time: 00:00:44,1780

</buildStep>
</shfbBuild>
