[2019-05-21 00:43:06] api.DEBUG: POST /objetivo [] []
[2019-05-21 00:43:06] api.DEBUG: POST-DATOS Array (     [objetivos] => prueba     [fecha] => 2019-05-21     [registro_id] => 20 )  [] []
[2019-05-21 00:44:26] api.DEBUG: POST /objetivo [] []
[2019-05-21 00:44:26] api.DEBUG: POST-DATOS Array (     [objetivos] => prueba     [fecha] => 2019-05-21     [registro_id] => 20 )  [] []
[2019-05-21 00:44:34] api.DEBUG: POST /objetivo [] []
[2019-05-21 00:44:34] api.DEBUG: POST-DATOS Array (     [objetivos] => prueba     [fecha] => 2019-05-21     [registro_id] => 20 )  [] []
[2019-05-21 00:46:23] api.DEBUG: POST /objetivo [] []
[2019-05-21 00:46:23] api.DEBUG: POST-DATOS Array (     [objetivos] => prueba     [fecha] => 2019-05-21     [registro_id] => 20 )  [] []
[2019-05-21 00:47:48] api.DEBUG: POST /objetivo [] []
[2019-05-21 00:47:48] api.DEBUG: POST-DATOS Array (     [objetivos] => prueba     [fecha] => 2019-05-21     [registro_id] => 20 )  [] []
[2019-05-21 00:47:59] api.DEBUG: POST /objetivo [] []
[2019-05-21 00:47:59] api.DEBUG: POST-DATOS Array (     [objetivos] => prueba     [fecha] => 2019-05-21     [registro_id] => 20 )  [] []
[2019-05-21 00:49:17] api.DEBUG: POST /objetivo [] []
[2019-05-21 00:49:17] api.DEBUG: POST-DATOS Array (     [objetivos] => prueba     [fecha] => 2019-05-21     [registro_id] => 20 )  [] []
[2019-05-21 00:51:28] api.DEBUG: POST /objetivo [] []
[2019-05-21 00:51:28] api.DEBUG: POST-DATOS Array (     [objetivos] => prueba     [fecha] => 2019-05-21     [registro_id] => 20 )  [] []
[2019-05-21 00:51:28] api.DEBUG: DB_Prov::add  insert into objetivos (objetivos,fecha,registro_id) values ('prueba','2019-05-21','20') [] []
[2019-05-21 00:52:06] api.DEBUG: GET /objetivos [] []
[2019-05-21 00:52:06] api.DEBUG: DB_Prov::getAll  select * from objetivos order by id [] []
[2019-05-21 00:52:13] api.DEBUG: GET /objetivos [] []
[2019-05-21 00:52:13] api.DEBUG: DB_Prov::getAll  select * from objetivos order by id [] []
[2019-05-21 00:52:35] api.DEBUG: GET /objetivos [] []
[2019-05-21 00:52:35] api.DEBUG: DB_Prov::getAll  select * from objetivos order by id [] []
[2019-05-21 00:52:55] api.DEBUG: GET /objetivos [] []
[2019-05-21 00:52:55] api.DEBUG: DB_Prov::getAll  select * from objetivos order by id [] []
[2019-05-21 01:36:51] api.DEBUG: GET /objetivos [] []
[2019-05-21 01:36:51] api.DEBUG: DB_Prov::getAll  select * from objetivos order by id [] []
[2019-05-21 01:36:56] api.DEBUG: POST /objetivo [] []
[2019-05-21 01:36:56] api.DEBUG: POST-DATOS Array (     [objetivos] => visitar McDonalds     [fecha] => 05/18/2019 00:00:00     [registro_id] => 20 )  [] []
[2019-05-21 01:36:56] api.DEBUG: DB_Prov::add  insert into objetivos (objetivos,fecha,registro_id) values ('visitar McDonalds','05/18/2019 00:00:00','20') [] []
[2019-05-21 01:37:42] api.DEBUG: GET /objetivos [] []
[2019-05-21 01:37:42] api.DEBUG: DB_Prov::getAll  select * from objetivos order by id [] []
[2019-05-21 01:48:42] api.DEBUG: GET /objetivos [] []
[2019-05-21 01:48:42] api.DEBUG: DB_Prov::getAll  select * from objetivos order by id [] []
[2019-05-29 18:02:22] api.DEBUG: GET /objetivos [] []
[2019-05-29 18:02:22] api.DEBUG: DB_Prov::getAll  select * from objetivos order by id [] []
[2019-05-29 18:03:05] api.DEBUG: GET /objetivos [] []
[2019-05-29 18:03:05] api.DEBUG: DB_Prov::getAll  select * from objetivos order by id [] []
[2019-05-29 18:03:52] api.DEBUG: GET /objetivos [] []
[2019-05-29 18:03:52] api.DEBUG: DB_Prov::getAll  select * from objetivos order by id [] []
[2019-05-29 18:10:47] api.DEBUG: GET /objetivos [] []
[2019-05-29 18:10:47] api.DEBUG: DB_Prov::getAll  select * from objetivos order by id [] []
[2019-05-29 18:11:13] api.DEBUG: GET /objetivos [] []
[2019-05-29 18:11:13] api.DEBUG: DB_Prov::getAll  select * from objetivos order by id [] []
[2019-05-29 18:11:17] api.DEBUG: GET /objetivos [] []
[2019-05-29 18:11:17] api.DEBUG: DB_Prov::getAll  select * from objetivos order by id [] []
[2019-05-29 18:11:20] api.DEBUG: GET /objetivos [] []
[2019-05-29 18:11:20] api.DEBUG: DB_Prov::getAll  select * from objetivos order by id [] []
[2019-05-29 18:22:55] api.DEBUG: GET /objetivo/20 [] []
[2019-05-29 18:22:55] api.DEBUG: DB_Prov::get  select * from objetivos where registro_id=20 [] []
[2019-05-29 18:22:55] api.DEBUG: DB_Prov::getAll  select * from objetivos order by id [] []
[2019-05-29 18:29:08] api.DEBUG: GET /objetivos [] []
[2019-05-29 18:29:08] api.DEBUG: DB_Prov::getAll  select * from objetivos order by id [] []
[2019-05-29 18:29:27] api.DEBUG: GET /objetivos [] []
[2019-05-29 18:29:27] api.DEBUG: DB_Prov::getAll  select * from objetivos order by id [] []
[2019-05-29 18:29:51] api.DEBUG: GET /objetivos [] []
[2019-05-29 18:29:51] api.DEBUG: DB_Prov::getAll  select * from objetivos order by id [] []
[2019-05-29 18:40:20] api.DEBUG: GET /objetivos [] []
[2019-05-29 18:40:20] api.DEBUG: DB_Prov::getAll  select * from objetivos order by id [] []
[2019-05-29 18:40:46] api.DEBUG: GET /objetivos [] []
[2019-05-29 18:40:46] api.DEBUG: DB_Prov::getAll  select * from objetivos order by id [] []
[2019-05-29 18:41:45] api.DEBUG: GET /objetivos [] []
[2019-05-29 18:41:45] api.DEBUG: DB_Prov::getAll  select * from objetivos order by id [] []
[2019-05-29 18:49:48] api.DEBUG: GET /objetivos [] []
[2019-05-29 18:49:48] api.DEBUG: DB_Prov::getAll  select * from objetivos order by id [] []
[2019-05-29 18:50:36] api.DEBUG: GET /objetivos [] []
[2019-05-29 18:50:36] api.DEBUG: DB_Prov::getAll  select * from objetivos order by id [] []
[2019-05-29 19:16:37] api.DEBUG: GET /objetivos [] []
[2019-05-29 19:16:37] api.DEBUG: DB_Prov::getAll  select * from objetivos order by id [] []
[2019-05-29 19:18:01] api.DEBUG: GET /objetivos [] []
[2019-05-29 19:18:01] api.DEBUG: DB_Prov::getAll  select * from objetivos order by id [] []
[2019-05-29 19:19:06] api.DEBUG: GET /objetivos [] []
[2019-05-29 19:19:06] api.DEBUG: DB_Prov::getAll  select * from objetivos order by id [] []
[2019-05-30 23:15:33] api.DEBUG: GET /objetivo/20 [] []
[2019-05-30 23:15:33] api.DEBUG: DB_Prov::get  select * from objetivos where registro_id=20 [] []
[2019-05-30 23:15:33] api.DEBUG: DB_Prov::getAll  select * from objetivos order by id [] []
[2019-05-30 23:29:56] api.DEBUG: GET /objetivo/20 [] []
[2019-05-30 23:29:56] api.DEBUG: DB_Prov::get  select * from objetivos where registro_id=20 [] []
[2019-05-30 23:29:56] api.DEBUG: DB_Prov::getAll  select * from objetivos order by id [] []
[2019-05-30 23:31:13] api.DEBUG: GET /objetivo/20 [] []
[2019-05-30 23:31:13] api.DEBUG: DB_Prov::get  select * from objetivos where registro_id=20 [] []
[2019-05-30 23:31:13] api.DEBUG: DB_Prov::getAll  select * from objetivos order by id [] []
[2019-05-30 23:31:30] api.DEBUG: GET /objetivo/20 [] []
[2019-05-30 23:31:30] api.DEBUG: DB_Prov::get  select * from objetivos where registro_id=20 [] []
[2019-05-30 23:31:30] api.DEBUG: DB_Prov::getAll  select * from objetivos order by id [] []
[2019-05-30 23:31:54] api.DEBUG: GET /objetivo/1 [] []
[2019-05-30 23:31:54] api.DEBUG: DB_Prov::get  select * from objetivos where registro_id=1 [] []
[2019-05-30 23:31:57] api.DEBUG: GET /objetivo/21 [] []
[2019-05-30 23:31:57] api.DEBUG: DB_Prov::get  select * from objetivos where registro_id=21 [] []
[2019-05-30 23:31:57] api.DEBUG: DB_Prov::getAll  select * from objetivos order by id [] []
[2019-05-30 23:32:16] api.DEBUG: GET /objetivo/cod/21 [] []
[2019-05-30 23:33:42] api.DEBUG: GET /objetivo/21 [] []
[2019-05-30 23:33:42] api.DEBUG: DB_Prov::get  select * from objetivos where registro_id=21 [] []
[2019-05-30 23:33:42] api.DEBUG: DB_Prov::getAll  select * from objetivos order by id [] []
[2019-05-30 23:34:45] api.DEBUG: GET /objetivo/ [] []
[2019-05-30 23:34:45] api.DEBUG: DB_Prov::get  select * from objetivos where registro_id= [] []
[2019-05-30 23:35:54] api.DEBUG: GET /objetivo/ [] []
[2019-05-30 23:35:54] api.DEBUG: DB_Prov::get  select * from objetivos where registro_id= [] []
[2019-05-30 23:38:07] api.DEBUG: GET /objetivo/ [] []
[2019-05-30 23:38:07] api.DEBUG: DB_Prov::get  select * from objetivos where registro_id= [] []
[2019-05-30 23:38:18] api.DEBUG: GET /objetivo/ [] []
[2019-05-30 23:38:18] api.DEBUG: DB_Prov::get  select * from objetivos where registro_id= [] []
[2019-05-30 23:38:37] api.DEBUG: GET /objetivo/21 [] []
[2019-05-30 23:38:37] api.DEBUG: DB_Prov::get  select * from objetivos where registro_id=21 [] []
[2019-05-30 23:38:37] api.DEBUG: DB_Prov::getAll  select * from objetivos order by id [] []
[2019-05-30 23:40:59] api.DEBUG: GET /objetivo/20 [] []
[2019-05-30 23:40:59] api.DEBUG: DB_Prov::get  select * from objetivos where registro_id=20 [] []
[2019-05-30 23:40:59] api.DEBUG: DB_Prov::getAll  select * from objetivos order by id [] []
[2019-05-30 23:42:00] api.DEBUG: GET /objetivo/20 [] []
[2019-05-30 23:42:00] api.DEBUG: DB_Prov::get  select * from objetivos where registro_id=20 [] []
[2019-05-30 23:42:00] api.DEBUG: DB_Prov::get  select * from objetivos where registro_id=20 [] []
[2019-05-30 23:42:08] api.DEBUG: GET /objetivo/21 [] []
[2019-05-30 23:42:08] api.DEBUG: DB_Prov::get  select * from objetivos where registro_id=21 [] []
[2019-05-30 23:42:08] api.DEBUG: DB_Prov::get  select * from objetivos where registro_id=21 [] []
[2019-05-30 23:43:10] api.DEBUG: GET /objetivo/21 [] []
[2019-05-30 23:43:10] api.DEBUG: DB_Prov::get  select * from objetivos where registro_id=21 [] []
[2019-05-30 23:43:10] api.DEBUG: DB_Prov::get  select * from objetivos where registro_id=21 [] []
[2019-05-30 23:43:16] api.DEBUG: GET /objetivo/20 [] []
[2019-05-30 23:43:16] api.DEBUG: DB_Prov::get  select * from objetivos where registro_id=20 [] []
[2019-05-30 23:43:16] api.DEBUG: DB_Prov::get  select * from objetivos where registro_id=20 [] []
[2019-05-30 23:43:29] api.DEBUG: GET /objetivo/20 [] []
[2019-05-30 23:43:29] api.DEBUG: DB_Prov::get  select * from objetivos where registro_id=20 [] []
[2019-05-30 23:43:29] api.DEBUG: DB_Prov::get  select * from objetivos where registro_id=20 [] []
[2019-05-30 23:44:24] api.DEBUG: GET /objetivo/21 [] []
[2019-05-30 23:44:24] api.DEBUG: DB_Prov::get  select * from objetivos where registro_id=21 [] []
[2019-05-30 23:44:24] api.DEBUG: DB_Prov::get  select * from objetivos where registro_id=21 [] []
[2019-05-30 23:44:31] api.DEBUG: GET /objetivo/21 [] []
[2019-05-30 23:44:31] api.DEBUG: DB_Prov::get  select * from objetivos where registro_id=21 [] []
[2019-05-30 23:44:31] api.DEBUG: DB_Prov::get  select * from objetivos where registro_id=21 [] []
[2019-05-30 23:44:33] api.DEBUG: GET /objetivo/21 [] []
[2019-05-30 23:44:33] api.DEBUG: DB_Prov::get  select * from objetivos where registro_id=21 [] []
[2019-05-30 23:44:33] api.DEBUG: DB_Prov::get  select * from objetivos where registro_id=21 [] []
[2019-05-30 23:44:58] api.DEBUG: GET /objetivo/22 [] []
[2019-05-30 23:44:58] api.DEBUG: DB_Prov::get  select * from objetivos where registro_id=22 [] []
[2019-05-30 23:46:55] api.DEBUG: GET /objetivo/22 [] []
[2019-05-30 23:46:55] api.DEBUG: DB_Prov::get  select * from objetivos where registro_id=22 [] []
[2019-05-30 23:46:55] api.DEBUG: DB_Prov::get  select * from objetivos where registro_id=22 [] []
[2019-05-30 23:46:58] api.DEBUG: GET /objetivo/22 [] []
[2019-05-30 23:46:58] api.DEBUG: DB_Prov::get  select * from objetivos where registro_id=22 [] []
[2019-05-30 23:46:58] api.DEBUG: DB_Prov::get  select * from objetivos where registro_id=22 [] []
[2019-05-31 00:21:17] api.DEBUG: GET /objetivo/20 [] []
[2019-05-31 00:21:17] api.DEBUG: DB_Prov::get  select * from objetivos where registro_id=20 [] []
[2019-05-31 00:21:17] api.DEBUG: DB_Prov::get  select * from objetivos where registro_id=20 [] []
[2019-05-31 00:21:25] api.DEBUG: GET /objetivo/20 [] []
[2019-05-31 00:21:25] api.DEBUG: DB_Prov::get  select * from objetivos where registro_id=20 [] []
[2019-05-31 00:21:25] api.DEBUG: DB_Prov::get  select * from objetivos where registro_id=20 [] []
[2019-05-31 00:21:38] api.DEBUG: GET /objetivo/20 [] []
[2019-05-31 00:21:38] api.DEBUG: DB_Prov::get  select * from objetivos where registro_id=20 [] []
[2019-05-31 00:21:38] api.DEBUG: DB_Prov::get  select * from objetivos where registro_id=20 [] []
[2019-05-31 00:21:41] api.DEBUG: GET /objetivo/20 [] []
[2019-05-31 00:21:41] api.DEBUG: DB_Prov::get  select * from objetivos where registro_id=20 [] []
[2019-05-31 00:21:41] api.DEBUG: DB_Prov::get  select * from objetivos where registro_id=20 [] []
[2019-05-31 00:53:48] api.DEBUG: GET /objetivo/25 [] []
[2019-05-31 00:53:48] api.DEBUG: DB_Prov::get  select * from objetivos where registro_id=25 [] []
[2019-05-31 18:33:34] api.DEBUG: GET /objetivo/20 [] []
[2019-05-31 18:33:34] api.DEBUG: DB_Prov::get  select * from objetivos where registro_id=20 [] []
[2019-05-31 18:33:34] api.DEBUG: DB_Prov::get  select * from objetivos where registro_id=20 [] []
[2019-05-31 18:33:42] api.DEBUG: GET /objetivo/20 [] []
[2019-05-31 18:33:42] api.DEBUG: DB_Prov::get  select * from objetivos where registro_id=20 [] []
[2019-05-31 18:33:42] api.DEBUG: DB_Prov::get  select * from objetivos where registro_id=20 [] []
[2019-05-31 18:33:45] api.DEBUG: GET /objetivo/20 [] []
[2019-05-31 18:33:45] api.DEBUG: DB_Prov::get  select * from objetivos where registro_id=20 [] []
[2019-05-31 18:33:45] api.DEBUG: DB_Prov::get  select * from objetivos where registro_id=20 [] []
[2019-05-31 18:33:48] api.DEBUG: GET /objetivo/20 [] []
[2019-05-31 18:33:48] api.DEBUG: DB_Prov::get  select * from objetivos where registro_id=20 [] []
[2019-05-31 18:33:48] api.DEBUG: DB_Prov::get  select * from objetivos where registro_id=20 [] []
[2019-05-31 18:34:08] api.DEBUG: GET /objetivo/20 [] []
[2019-05-31 18:34:08] api.DEBUG: DB_Prov::get  select * from objetivos where registro_id=20 [] []
[2019-05-31 18:34:08] api.DEBUG: DB_Prov::get  select * from objetivos where registro_id=20 [] []
[2019-05-31 18:42:46] api.DEBUG: GET /objetivo/20 [] []
[2019-05-31 18:42:46] api.DEBUG: DB_Prov::get  select * from objetivos where registro_id=20 [] []
[2019-05-31 18:42:46] api.DEBUG: DB_Prov::get  select * from objetivos where registro_id=20 [] []
[2019-06-01 18:54:28] api.DEBUG: GET /objetivo/20 [] []
[2019-06-01 18:54:28] api.DEBUG: DB_Prov::get  select * from objetivos where registro_id=20 [] []
[2019-06-01 18:54:28] api.DEBUG: DB_Prov::get  select * from objetivos where registro_id=20 [] []
[2019-06-01 18:54:37] api.DEBUG: GET /objetivo/20 [] []
[2019-06-01 18:54:37] api.DEBUG: DB_Prov::get  select * from objetivos where registro_id=20 [] []
[2019-06-01 18:54:37] api.DEBUG: DB_Prov::get  select * from objetivos where registro_id=20 [] []
[2019-06-01 19:51:00] api.DEBUG: POST /objetivo [] []
[2019-06-01 19:51:00] api.DEBUG: POST-DATOS Array (     [objetivos] => crearObjetivo     [fecha] => Xamarin.Forms.DatePicker     [registro_id] => 20 )  [] []
[2019-06-01 19:51:00] api.DEBUG: DB_Prov::add  insert into objetivos (objetivos,fecha,registro_id) values ('crearObjetivo','Xamarin.Forms.DatePicker','20') [] []
[2019-06-01 19:51:07] api.DEBUG: GET /objetivo/20 [] []
[2019-06-01 19:51:07] api.DEBUG: DB_Prov::get  select * from objetivos where registro_id=20 [] []
[2019-06-01 19:51:07] api.DEBUG: DB_Prov::get  select * from objetivos where registro_id=20 [] []
[2019-06-01 19:58:25] api.DEBUG: GET /objetivo/20 [] []
[2019-06-01 19:58:25] api.DEBUG: DB_Prov::get  select * from objetivos where registro_id=20 [] []
[2019-06-01 19:58:25] api.DEBUG: DB_Prov::get  select * from objetivos where registro_id=20 [] []
[2019-06-01 19:59:34] api.DEBUG: POST /objetivo [] []
[2019-06-01 19:59:34] api.DEBUG: POST-DATOS Array (     [objetivos] => crearObjetivo     [fecha] => Xamarin.Forms.DatePicker     [registro_id] => 20 )  [] []
[2019-06-01 19:59:34] api.DEBUG: DB_Prov::add  insert into objetivos (objetivos,fecha,registro_id) values ('crearObjetivo','Xamarin.Forms.DatePicker','20') [] []
[2019-06-01 19:59:40] api.DEBUG: GET /objetivo/20 [] []
[2019-06-01 19:59:40] api.DEBUG: DB_Prov::get  select * from objetivos where registro_id=20 [] []
[2019-06-01 19:59:40] api.DEBUG: DB_Prov::get  select * from objetivos where registro_id=20 [] []
[2019-06-01 20:05:34] api.DEBUG: POST /objetivo [] []
[2019-06-01 20:05:34] api.DEBUG: POST-DATOS Array (     [objetivos] => crear Objetivo     [fecha] => Xamarin.Forms.DatePicker     [registro_id] => 20 )  [] []
[2019-06-01 20:05:34] api.DEBUG: DB_Prov::add  insert into objetivos (objetivos,fecha,registro_id) values ('crear Objetivo','Xamarin.Forms.DatePicker','20') [] []
[2019-06-01 20:11:32] api.DEBUG: POST /objetivo [] []
[2019-06-01 20:11:32] api.DEBUG: POST-DATOS Array (     [objetivos] => adsfasfaf     [fecha] => 6/1/2019 12:00:00 AM     [registro_id] => 20 )  [] []
[2019-06-01 20:11:32] api.DEBUG: DB_Prov::add  insert into objetivos (objetivos,fecha,registro_id) values ('adsfasfaf','6/1/2019 12:00:00 AM','20') [] []
[2019-06-01 20:28:16] api.DEBUG: POST /objetivo [] []
[2019-06-01 20:28:16] api.DEBUG: POST-DATOS Array (     [objetivos] => dfdsf     [fecha] => 6/1/2019     [registro_id] => 20 )  [] []
[2019-06-01 20:28:16] api.DEBUG: DB_Prov::add  insert into objetivos (objetivos,fecha,registro_id) values ('dfdsf','6/1/2019','20') [] []
[2019-06-01 20:30:12] api.DEBUG: POST /objetivo [] []
[2019-06-01 20:30:12] api.DEBUG: POST-DATOS Array (     [objetivos] => afsafsaf     [fecha] => 6/1/2019 12:00:00 AM     [registro_id] => 20 )  [] []
[2019-06-01 20:30:12] api.DEBUG: DB_Prov::add  insert into objetivos (objetivos,fecha,registro_id) values ('afsafsaf','6/1/2019 12:00:00 AM','20') [] []
[2019-06-01 20:33:18] api.DEBUG: POST /objetivo [] []
[2019-06-01 20:33:18] api.DEBUG: POST-DATOS Array (     [objetivos] => dsfsadfa     [fecha] => 6/1/2019     [registro_id] => 20 )  [] []
[2019-06-01 20:33:18] api.DEBUG: DB_Prov::add  insert into objetivos (objetivos,fecha,registro_id) values ('dsfsadfa','6/1/2019','20') [] []
[2019-06-01 20:37:32] api.DEBUG: POST /objetivo [] []
[2019-06-01 20:37:32] api.DEBUG: POST-DATOS Array (     [objetivos] => dsafsadfsad     [fecha] => Xamarin.Forms.DatePicker     [registro_id] => 20 )  [] []
[2019-06-01 20:37:32] api.DEBUG: DB_Prov::add  insert into objetivos (objetivos,fecha,registro_id) values ('dsafsadfsad','Xamarin.Forms.DatePicker','20') [] []
[2019-06-01 20:38:38] api.DEBUG: POST /objetivo [] []
[2019-06-01 20:38:38] api.DEBUG: POST-DATOS Array (     [objetivos] => dsa     [fecha] => 6/1/2019 12:00:00 AM     [registro_id] => 20 )  [] []
[2019-06-01 20:38:38] api.DEBUG: DB_Prov::add  insert into objetivos (objetivos,fecha,registro_id) values ('dsa','6/1/2019 12:00:00 AM','20') [] []
[2019-06-01 20:40:27] api.DEBUG: POST /objetivo [] []
[2019-06-01 20:40:27] api.DEBUG: POST-DATOS Array (     [objetivos] => 123234535     [fecha] => 2019-06-01     [registro_id] => 20 )  [] []
[2019-06-01 20:40:27] api.DEBUG: DB_Prov::add  insert into objetivos (objetivos,fecha,registro_id) values ('123234535','2019-06-01','20') [] []
[2019-06-01 20:40:55] api.DEBUG: GET /objetivo/20 [] []
[2019-06-01 20:40:55] api.DEBUG: DB_Prov::get  select * from objetivos where registro_id=20 [] []
[2019-06-01 20:40:55] api.DEBUG: DB_Prov::get  select * from objetivos where registro_id=20 [] []
[2019-06-01 20:40:58] api.DEBUG: GET /objetivo/20 [] []
[2019-06-01 20:40:58] api.DEBUG: DB_Prov::get  select * from objetivos where registro_id=20 [] []
[2019-06-01 20:40:58] api.DEBUG: DB_Prov::get  select * from objetivos where registro_id=20 [] []
[2019-06-01 20:52:17] api.DEBUG: GET /objetivo/20 [] []
[2019-06-01 20:52:17] api.DEBUG: DB_Prov::get  select * from objetivos where registro_id=20 [] []
[2019-06-01 20:52:17] api.DEBUG: DB_Prov::get  select * from objetivos where registro_id=20 [] []
[2019-06-01 20:52:21] api.DEBUG: GET /objetivo/20 [] []
[2019-06-01 20:52:21] api.DEBUG: DB_Prov::get  select * from objetivos where registro_id=20 [] []
[2019-06-01 20:52:21] api.DEBUG: DB_Prov::get  select * from objetivos where registro_id=20 [] []
[2019-06-01 20:52:30] api.DEBUG: GET /objetivo/20 [] []
[2019-06-01 20:52:30] api.DEBUG: DB_Prov::get  select * from objetivos where registro_id=20 [] []
[2019-06-01 20:52:30] api.DEBUG: DB_Prov::get  select * from objetivos where registro_id=20 [] []
[2019-06-01 20:52:34] api.DEBUG: GET /objetivo/20 [] []
[2019-06-01 20:52:34] api.DEBUG: DB_Prov::get  select * from objetivos where registro_id=20 [] []
[2019-06-01 20:52:34] api.DEBUG: DB_Prov::get  select * from objetivos where registro_id=20 [] []
[2019-06-01 20:52:39] api.DEBUG: GET /objetivo/20 [] []
[2019-06-01 20:52:39] api.DEBUG: DB_Prov::get  select * from objetivos where registro_id=20 [] []
[2019-06-01 20:52:39] api.DEBUG: DB_Prov::get  select * from objetivos where registro_id=20 [] []
[2019-06-01 20:52:44] api.DEBUG: GET /objetivo/20 [] []
[2019-06-01 20:52:44] api.DEBUG: DB_Prov::get  select * from objetivos where registro_id=20 [] []
[2019-06-01 20:52:44] api.DEBUG: DB_Prov::get  select * from objetivos where registro_id=20 [] []
[2019-06-01 20:52:49] api.DEBUG: GET /objetivo/20 [] []
[2019-06-01 20:52:49] api.DEBUG: DB_Prov::get  select * from objetivos where registro_id=20 [] []
[2019-06-01 20:52:49] api.DEBUG: DB_Prov::get  select * from objetivos where registro_id=20 [] []
[2019-06-01 20:52:52] api.DEBUG: GET /objetivo/20 [] []
[2019-06-01 20:52:52] api.DEBUG: DB_Prov::get  select * from objetivos where registro_id=20 [] []
[2019-06-01 20:52:52] api.DEBUG: DB_Prov::get  select * from objetivos where registro_id=20 [] []
[2019-06-01 20:53:04] api.DEBUG: GET /objetivo/20 [] []
[2019-06-01 20:53:04] api.DEBUG: DB_Prov::get  select * from objetivos where registro_id=20 [] []
[2019-06-01 20:53:04] api.DEBUG: DB_Prov::get  select * from objetivos where registro_id=20 [] []
[2019-06-02 12:57:18] api.DEBUG: POST /objetivo [] []
[2019-06-02 12:57:18] api.DEBUG: POST-DATOS Array (     [objetivos] =>      [fecha] => 2019-06-01     [registro_id] => 22 )  [] []
[2019-06-02 12:57:39] api.DEBUG: POST /objetivo [] []
[2019-06-02 12:57:39] api.DEBUG: POST-DATOS Array (     [objetivos] => sdlkgfdsgkl     [fecha] => 2019-06-01     [registro_id] => 22 )  [] []
[2019-06-02 12:57:39] api.DEBUG: DB_Prov::add  insert into objetivos (objetivos,fecha,registro_id) values ('sdlkgfdsgkl','2019-06-01','22') [] []
[2019-06-02 13:12:35] api.DEBUG: GET /objetivo/20 [] []
[2019-06-02 13:12:35] api.DEBUG: DB_Prov::get  select * from objetivos where registro_id=20 [] []
[2019-06-02 13:12:35] api.DEBUG: DB_Prov::get  select * from objetivos where registro_id=20 [] []
[2019-06-02 13:14:15] api.DEBUG: GET /objetivo/20 [] []
[2019-06-02 13:14:15] api.DEBUG: DB_Prov::get  select * from objetivos where registro_id=20 and cumplido='0' [] []
[2019-06-02 13:14:15] api.DEBUG: DB_Prov::get  select * from objetivos where registro_id=20 and cumplido='0' [] []
[2019-06-02 13:14:39] api.DEBUG: GET /objetivo/20 [] []
[2019-06-02 13:14:39] api.DEBUG: DB_Prov::get  select * from objetivos where registro_id=20 and cumplido='0' [] []
[2019-06-02 13:14:39] api.DEBUG: DB_Prov::get  select * from objetivos where registro_id=20 and cumplido='0' [] []
[2019-06-02 13:15:49] api.DEBUG: GET /objetivo/20 [] []
[2019-06-02 13:15:49] api.DEBUG: DB_Prov::get  select * from objetivos where registro_id=20 and cumplido='1' [] []
[2019-06-02 13:15:49] api.DEBUG: DB_Prov::get  select * from objetivos where registro_id=20 and cumplido='1' [] []
[2019-06-02 13:23:57] api.DEBUG: GET /objetivo/20 [] []
[2019-06-02 13:23:57] api.DEBUG: DB_Prov::get  select * from objetivos where registro_id=20 and cumplido='1' [] []
[2019-06-02 13:23:57] api.DEBUG: DB_Prov::get  select * from objetivos where registro_id=20 and cumplido='1' [] []
[2019-06-02 13:24:14] api.DEBUG: GET /objetivo/20 [] []
[2019-06-02 13:24:14] api.DEBUG: DB_Prov::get  select * from objetivos where registro_id=20 and cumplido='1' [] []
[2019-06-02 13:24:14] api.DEBUG: DB_Prov::get  select * from objetivos where registro_id=20 and cumplido='1' [] []
[2019-06-02 17:08:51] api.DEBUG: GET /objetivo/20 [] []
[2019-06-02 17:08:51] api.DEBUG: DB_Prov::get  select * from objetivos where registro_id=20 and cumplido='1' [] []
[2019-06-02 17:08:51] api.DEBUG: DB_Prov::get  select * from objetivos where registro_id=20 and cumplido='1' [] []
[2019-06-02 17:10:08] api.DEBUG: GET /objetivo/20 [] []
[2019-06-02 17:10:08] api.DEBUG: DB_Prov::get  select * from objetivos where registro_id=20 and cumplido='1' [] []
[2019-06-02 17:10:08] api.DEBUG: DB_Prov::get  select * from objetivos where registro_id=20 and cumplido='1' [] []
[2019-06-02 17:42:02] api.DEBUG: GET /objetivo/20 [] []
[2019-06-02 17:42:02] api.DEBUG: DB_Prov::get  select * from objetivos where registro_id=20 and cumplido='1' [] []
[2019-06-02 17:42:02] api.DEBUG: DB_Prov::get  select * from objetivos where registro_id=20 and cumplido='1' [] []
[2019-06-02 17:42:28] api.DEBUG: GET /objetivo/20 [] []
[2019-06-02 17:42:28] api.DEBUG: DB_Prov::get  select * from objetivos where registro_id=20 and cumplido='1' [] []
[2019-06-02 17:42:28] api.DEBUG: DB_Prov::get  select * from objetivos where registro_id=20 and cumplido='1' [] []
[2019-06-02 17:43:02] api.DEBUG: GET /objetivo/20 [] []
[2019-06-02 17:43:02] api.DEBUG: DB_Prov::get  select * from objetivos where registro_id=20 and cumplido='1' [] []
[2019-06-02 17:43:02] api.DEBUG: DB_Prov::get  select * from objetivos where registro_id=20 and cumplido='1' [] []
[2019-06-02 17:43:05] api.DEBUG: GET /objetivo/21 [] []
[2019-06-02 17:43:05] api.DEBUG: DB_Prov::get  select * from objetivos where registro_id=21 and cumplido='1' [] []
[2019-06-02 17:53:55] api.DEBUG: GET /objetivo/20 [] []
[2019-06-02 17:53:55] api.DEBUG: DB_Prov::get  select * from objetivos where registro_id=20 and cumplido='1' [] []
[2019-06-02 17:53:55] api.DEBUG: DB_Prov::get  select * from objetivos where registro_id=20 and cumplido='1' [] []
[2019-06-02 17:54:02] api.DEBUG: GET /objetivo/20 [] []
[2019-06-02 17:54:02] api.DEBUG: DB_Prov::get  select * from objetivos where registro_id=20 and cumplido='1' [] []
[2019-06-02 17:54:02] api.DEBUG: DB_Prov::get  select * from objetivos where registro_id=20 and cumplido='1' [] []
[2019-06-05 00:00:21] api.DEBUG: GET /objetivo/20 [] []
[2019-06-05 00:00:21] api.DEBUG: DB_Prov::get  select * from objetivos where registro_id=20 and cumplido='1' [] []
[2019-06-05 00:00:21] api.DEBUG: DB_Prov::get  select * from objetivos where registro_id=20 and cumplido='1' [] []
[2019-06-05 00:00:24] api.DEBUG: GET /objetivo/21 [] []
[2019-06-05 00:00:24] api.DEBUG: DB_Prov::get  select * from objetivos where registro_id=21 and cumplido='1' [] []
[2019-06-05 00:01:08] api.DEBUG: GET /objetivo/21 [] []
[2019-06-05 00:01:08] api.DEBUG: DB_Prov::get  select * from objetivos where registro_id=21 and cumplido='1' [] []
[2019-06-05 00:17:57] api.DEBUG: GET /objetivo/20 [] []
[2019-06-05 00:17:57] api.DEBUG: DB_Prov::get  select * from objetivos where registro_id=20 and cumplido='1' [] []
[2019-06-05 00:17:57] api.DEBUG: DB_Prov::get  select * from objetivos where registro_id=20 and cumplido='1' [] []
[2019-06-05 00:18:05] api.DEBUG: GET /objetivo/20 [] []
[2019-06-05 00:18:05] api.DEBUG: DB_Prov::get  select * from objetivos where registro_id=20 and cumplido='1' [] []
[2019-06-05 00:18:05] api.DEBUG: DB_Prov::get  select * from objetivos where registro_id=20 and cumplido='1' [] []
[2019-06-05 00:18:14] api.DEBUG: GET /objetivo/20 [] []
[2019-06-05 00:18:14] api.DEBUG: DB_Prov::get  select * from objetivos where registro_id=20 and cumplido='1' [] []
[2019-06-05 00:18:14] api.DEBUG: DB_Prov::get  select * from objetivos where registro_id=20 and cumplido='1' [] []
[2019-06-05 00:18:17] api.DEBUG: GET /objetivo/21 [] []
[2019-06-05 00:18:17] api.DEBUG: DB_Prov::get  select * from objetivos where registro_id=21 and cumplido='1' [] []
[2019-06-05 00:21:58] api.DEBUG: GET /objetivo/20 [] []
[2019-06-05 00:21:58] api.DEBUG: DB_Prov::get  select * from objetivos where registro_id=20 and cumplido='1' [] []
[2019-06-05 00:21:58] api.DEBUG: DB_Prov::get  select * from objetivos where registro_id=20 and cumplido='1' [] []
[2019-06-05 00:22:03] api.DEBUG: GET /objetivo/20 [] []
[2019-06-05 00:22:03] api.DEBUG: DB_Prov::get  select * from objetivos where registro_id=20 and cumplido='1' [] []
[2019-06-05 00:22:03] api.DEBUG: DB_Prov::get  select * from objetivos where registro_id=20 and cumplido='1' [] []
[2019-06-05 00:23:00] api.DEBUG: GET /objetivo/20 [] []
[2019-06-05 00:23:00] api.DEBUG: DB_Prov::get  select * from objetivos where registro_id=20 and cumplido='1' [] []
[2019-06-05 00:23:00] api.DEBUG: DB_Prov::get  select * from objetivos where registro_id=20 and cumplido='1' [] []
[2019-06-05 00:23:11] api.DEBUG: GET /objetivo/20 [] []
[2019-06-05 00:23:11] api.DEBUG: DB_Prov::get  select * from objetivos where registro_id=20 and cumplido='1' [] []
[2019-06-05 00:23:11] api.DEBUG: DB_Prov::get  select * from objetivos where registro_id=20 and cumplido='1' [] []
[2019-06-05 00:23:16] api.DEBUG: GET /objetivo/20 [] []
[2019-06-05 00:23:16] api.DEBUG: DB_Prov::get  select * from objetivos where registro_id=20 and cumplido='1' [] []
[2019-06-05 00:23:16] api.DEBUG: DB_Prov::get  select * from objetivos where registro_id=20 and cumplido='1' [] []
[2019-06-05 00:24:06] api.DEBUG: GET /objetivo/20 [] []
[2019-06-05 00:24:06] api.DEBUG: DB_Prov::get  select * from objetivos where registro_id=20 and cumplido='1' [] []
[2019-06-05 00:24:06] api.DEBUG: DB_Prov::get  select * from objetivos where registro_id=20 and cumplido='1' [] []
[2019-06-05 00:38:29] api.DEBUG: GET /objetivo/21 [] []
[2019-06-05 00:38:29] api.DEBUG: DB_Prov::get  select * from objetivos where registro_id=21 and cumplido='1' [] []
[2019-06-05 00:42:53] api.DEBUG: GET /objetivo/21 [] []
[2019-06-05 00:42:53] api.DEBUG: DB_Prov::get  select * from objetivos where registro_id=21 and cumplido='1' [] []
[2019-06-05 00:55:23] api.DEBUG: GET /objetivo/20 [] []
[2019-06-05 00:55:23] api.DEBUG: DB_Prov::get  select * from objetivos where registro_id=20 and cumplido='1' [] []
[2019-06-05 00:55:23] api.DEBUG: DB_Prov::get  select * from objetivos where registro_id=20 and cumplido='1' [] []
[2019-06-05 00:56:02] api.DEBUG: GET /objetivo/21 [] []
[2019-06-05 00:56:02] api.DEBUG: DB_Prov::get  select * from objetivos where registro_id=21 and cumplido='1' [] []
[2019-06-05 00:57:07] api.DEBUG: GET /objetivo/21 [] []
[2019-06-05 00:57:07] api.DEBUG: DB_Prov::get  select * from objetivos where registro_id=21 and cumplido='1' [] []
[2019-06-05 00:59:32] api.DEBUG: GET /objetivo/20 [] []
[2019-06-05 00:59:32] api.DEBUG: DB_Prov::get  select * from objetivos where registro_id=20 and cumplido='1' [] []
[2019-06-05 00:59:32] api.DEBUG: DB_Prov::get  select * from objetivos where registro_id=20 and cumplido='1' [] []
[2019-06-05 01:00:06] api.DEBUG: GET /objetivo/21 [] []
[2019-06-05 01:00:06] api.DEBUG: DB_Prov::get  select * from objetivos where registro_id=21 and cumplido='1' [] []
[2019-06-05 01:00:12] api.DEBUG: GET /objetivo/101 [] []
[2019-06-05 01:00:12] api.DEBUG: DB_Prov::get  select * from objetivos where registro_id=101 and cumplido='1' [] []
[2019-06-05 01:00:25] api.DEBUG: GET /objetivo/20 [] []
[2019-06-05 01:00:25] api.DEBUG: DB_Prov::get  select * from objetivos where registro_id=20 and cumplido='1' [] []
[2019-06-05 01:00:25] api.DEBUG: DB_Prov::get  select * from objetivos where registro_id=20 and cumplido='1' [] []
[2019-06-05 01:00:56] api.DEBUG: GET /objetivo/202 [] []
[2019-06-05 01:00:56] api.DEBUG: DB_Prov::get  select * from objetivos where registro_id=202 and cumplido='1' [] []
[2019-06-05 01:01:28] api.DEBUG: GET /objetivo/21 [] []
[2019-06-05 01:01:28] api.DEBUG: DB_Prov::get  select * from objetivos where registro_id=21 and cumplido='1' [] []
[2019-06-05 01:02:55] api.DEBUG: GET /objetivo/21 [] []
[2019-06-05 01:02:55] api.DEBUG: DB_Prov::get  select * from objetivos where registro_id=21 and cumplido='1' [] []
[2019-06-05 01:05:57] api.DEBUG: GET /objetivo/40 [] []
[2019-06-05 01:05:57] api.DEBUG: DB_Prov::get  select * from objetivos where registro_id=40 and cumplido='1' [] []
[2019-06-05 01:05:57] api.DEBUG: DB_Prov::get  select * from objetivos where registro_id=40 and cumplido='1' [] []
[2019-06-05 01:06:42] api.DEBUG: GET /objetivo/21 [] []
[2019-06-05 01:06:42] api.DEBUG: DB_Prov::get  select * from objetivos where registro_id=21 and cumplido='1' [] []
[2019-06-05 01:06:42] api.DEBUG: DB_Prov::get  select * from objetivos where registro_id=40 and cumplido='1' [] []
[2019-06-05 01:07:48] api.DEBUG: GET /objetivo/40 [] []
[2019-06-05 01:07:48] api.DEBUG: DB_Prov::get  select * from objetivos where registro_id=40 and cumplido='1' [] []
[2019-06-05 01:07:48] api.DEBUG: DB_Prov::get  select * from objetivos where registro_id=40 and cumplido='1' [] []
[2019-06-05 01:08:04] api.DEBUG: GET /objetivo/20 [] []
[2019-06-05 01:08:04] api.DEBUG: DB_Prov::get  select * from objetivos where registro_id=20 and cumplido='1' [] []
[2019-06-05 01:08:04] api.DEBUG: DB_Prov::get  select * from objetivos where registro_id=20 and cumplido='1' [] []
[2019-06-05 01:08:07] api.DEBUG: GET /objetivo/21 [] []
[2019-06-05 01:08:07] api.DEBUG: DB_Prov::get  select * from objetivos where registro_id=21 and cumplido='1' [] []
[2019-06-05 01:08:07] api.DEBUG: DB_Prov::get  select * from objetivos where registro_id=40 and cumplido='1' [] []
[2019-06-05 01:09:49] api.DEBUG: GET /objetivo/40 [] []
[2019-06-05 01:09:49] api.DEBUG: DB_Prov::get  select * from objetivos where registro_id=40 and cumplido='1' [] []
[2019-06-05 01:09:49] api.DEBUG: DB_Prov::get  select * from objetivos where registro_id=40 and cumplido='1' [] []
[2019-06-05 01:09:57] api.DEBUG: GET /objetivo/202 [] []
[2019-06-05 01:09:57] api.DEBUG: DB_Prov::get  select * from objetivos where registro_id=202 and cumplido='1' [] []
[2019-06-05 01:09:57] api.DEBUG: DB_Prov::get  select * from objetivos where registro_id=40 and cumplido='1' [] []
[2019-06-05 01:10:03] api.DEBUG: GET /objetivo/202 [] []
[2019-06-05 01:10:03] api.DEBUG: DB_Prov::get  select * from objetivos where registro_id=202 and cumplido='1' [] []
[2019-06-05 01:10:03] api.DEBUG: DB_Prov::get  select * from objetivos where registro_id=40 and cumplido='1' [] []
[2019-06-05 01:10:58] api.DEBUG: GET /objetivo/202 [] []
[2019-06-05 01:10:58] api.DEBUG: DB_Prov::get  select * from objetivos where registro_id=202 and cumplido='1' [] []
[2019-06-05 01:10:58] api.DEBUG: DB_Prov::get  select * from objetivos where registro_id=40 and cumplido='1' [] []
[2019-06-05 01:11:26] api.DEBUG: GET /objetivo/21 [] []
[2019-06-05 01:11:26] api.DEBUG: DB_Prov::get  select * from objetivos where registro_id=21 and cumplido='1' [] []
[2019-06-05 01:11:26] api.DEBUG: DB_Prov::get  select * from objetivos where registro_id=40 and cumplido='1' [] []
[2019-06-05 01:12:52] api.DEBUG: GET /objetivo/21 [] []
[2019-06-05 01:12:52] api.DEBUG: DB_Prov::get  select * from objetivos where registro_id=21 and cumplido='1' [] []
[2019-06-05 01:12:52] api.DEBUG: DB_Prov::get  select * from objetivos where registro_id=40 and cumplido='1' [] []
[2019-06-05 01:14:43] api.DEBUG: GET /objetivo/27 [] []
[2019-06-05 01:14:43] api.DEBUG: DB_Prov::get  select * from objetivos where registro_id=27 and cumplido='1' [] []
[2019-06-05 01:14:43] api.DEBUG: DB_Prov::get  select * from objetivos where registro_id=40 and cumplido='1' [] []
[2019-06-05 01:15:39] api.DEBUG: GET /objetivo/30 [] []
[2019-06-05 01:15:39] api.DEBUG: DB_Prov::get  select * from objetivos where registro_id=30 and cumplido='1' [] []
[2019-06-05 01:15:39] api.DEBUG: DB_Prov::get  select * from objetivos where registro_id=40 and cumplido='1' [] []
[2019-06-05 01:15:53] api.DEBUG: GET /objetivo/40 [] []
[2019-06-05 01:15:53] api.DEBUG: DB_Prov::get  select * from objetivos where registro_id=40 and cumplido='1' [] []
[2019-06-05 01:15:53] api.DEBUG: DB_Prov::get  select * from objetivos where registro_id=40 and cumplido='1' [] []
[2019-06-05 01:15:56] api.DEBUG: GET /objetivo/38 [] []
[2019-06-05 01:15:56] api.DEBUG: DB_Prov::get  select * from objetivos where registro_id=38 and cumplido='1' [] []
[2019-06-05 01:15:56] api.DEBUG: DB_Prov::get  select * from objetivos where registro_id=40 and cumplido='1' [] []
[2019-06-05 01:16:37] api.DEBUG: GET /objetivo/24 [] []
[2019-06-05 01:16:37] api.DEBUG: DB_Prov::get  select * from objetivos where registro_id=24 and cumplido='1' [] []
[2019-06-05 01:16:37] api.DEBUG: DB_Prov::get  select * from objetivos where registro_id=40 and cumplido='1' [] []
[2019-06-05 01:19:24] api.DEBUG: GET /objetivo/22 [] []
[2019-06-05 01:19:24] api.DEBUG: DB_Prov::get  select * from objetivos where registro_id=22 and cumplido='1' [] []
[2019-06-05 01:19:24] api.DEBUG: DB_Prov::get  select * from objetivos where registro_id=40 and cumplido='1' [] []
[2019-06-05 01:19:44] api.DEBUG: GET /objetivo/25 [] []
[2019-06-05 01:19:44] api.DEBUG: DB_Prov::get  select * from objetivos where registro_id=25 and cumplido='1' [] []
[2019-06-05 01:19:44] api.DEBUG: DB_Prov::get  select * from objetivos where registro_id=40 and cumplido='1' [] []
[2019-06-05 01:19:49] api.DEBUG: GET /objetivo/26 [] []
[2019-06-05 01:19:49] api.DEBUG: DB_Prov::get  select * from objetivos where registro_id=26 and cumplido='1' [] []
[2019-06-05 01:19:49] api.DEBUG: DB_Prov::get  select * from objetivos where registro_id=40 and cumplido='1' [] []
[2019-06-05 01:19:53] api.DEBUG: GET /objetivo/22 [] []
[2019-06-05 01:19:53] api.DEBUG: DB_Prov::get  select * from objetivos where registro_id=22 and cumplido='1' [] []
[2019-06-05 01:19:53] api.DEBUG: DB_Prov::get  select * from objetivos where registro_id=40 and cumplido='1' [] []
[2019-06-05 01:20:55] api.DEBUG: GET /objetivo/20 [] []
[2019-06-05 01:20:55] api.DEBUG: DB_Prov::get  select * from objetivos where registro_id=20 and cumplido='1' [] []
[2019-06-05 01:20:55] api.DEBUG: DB_Prov::get  select * from objetivos where registro_id=20 and cumplido='1' [] []
[2019-06-05 01:21:14] api.DEBUG: GET /objetivo/23 [] []
[2019-06-05 01:21:14] api.DEBUG: DB_Prov::get  select * from objetivos where registro_id=23 and cumplido='1' [] []
[2019-06-05 01:21:14] api.DEBUG: DB_Prov::get  select * from objetivos where registro_id=40 and cumplido='1' [] []
[2019-06-05 01:23:23] api.DEBUG: GET /objetivo/21 [] []
[2019-06-05 01:23:23] api.DEBUG: DB_Prov::get  select * from objetivos where registro_id=21 and cumplido='1' [] []
[2019-06-05 01:23:23] api.DEBUG: DB_Prov::get  select * from objetivos where registro_id=40 and cumplido='1' [] []
[2019-06-05 01:23:25] api.DEBUG: GET /objetivo/21 [] []
[2019-06-05 01:23:25] api.DEBUG: DB_Prov::get  select * from objetivos where registro_id=21 and cumplido='1' [] []
[2019-06-05 01:23:25] api.DEBUG: DB_Prov::get  select * from objetivos where registro_id=40 and cumplido='1' [] []
[2019-06-05 01:23:27] api.DEBUG: GET /objetivo/20 [] []
[2019-06-05 01:23:27] api.DEBUG: DB_Prov::get  select * from objetivos where registro_id=20 and cumplido='1' [] []
[2019-06-05 01:23:27] api.DEBUG: DB_Prov::get  select * from objetivos where registro_id=20 and cumplido='1' [] []
[2019-06-05 01:23:31] api.DEBUG: GET /objetivo/24 [] []
[2019-06-05 01:23:31] api.DEBUG: DB_Prov::get  select * from objetivos where registro_id=24 and cumplido='1' [] []
[2019-06-05 01:23:31] api.DEBUG: DB_Prov::get  select * from objetivos where registro_id=40 and cumplido='1' [] []
[2019-06-05 01:23:34] api.DEBUG: GET /objetivo/22 [] []
[2019-06-05 01:23:34] api.DEBUG: DB_Prov::get  select * from objetivos where registro_id=22 and cumplido='1' [] []
[2019-06-05 01:23:34] api.DEBUG: DB_Prov::get  select * from objetivos where registro_id=40 and cumplido='1' [] []
[2019-06-05 01:35:09] api.DEBUG: GET /objetivo/23 [] []
[2019-06-05 01:35:09] api.DEBUG: DB_Prov::get  select * from objetivos where registro_id=23 and cumplido='1' [] []
[2019-06-05 01:35:09] api.DEBUG: DB_Prov::get  select * from objetivos where registro_id=40 and cumplido='1' [] []
[2019-06-05 01:37:30] api.DEBUG: GET /objetivo/20 [] []
[2019-06-05 01:37:30] api.DEBUG: DB_Prov::get  select * from objetivos where registro_id=20 and cumplido='1' [] []
[2019-06-05 01:37:30] api.DEBUG: DB_Prov::get  select * from objetivos where registro_id=20 and cumplido='1' [] []
[2019-06-05 01:37:34] api.DEBUG: GET /objetivo/22 [] []
[2019-06-05 01:37:34] api.DEBUG: DB_Prov::get  select * from objetivos where registro_id=22 and cumplido='1' [] []
[2019-06-05 01:37:34] api.DEBUG: DB_Prov::get  select * from objetivos where registro_id=40 and cumplido='1' [] []
[2019-06-05 01:37:37] api.DEBUG: GET /objetivo/23 [] []
[2019-06-05 01:37:37] api.DEBUG: DB_Prov::get  select * from objetivos where registro_id=23 and cumplido='1' [] []
[2019-06-05 01:37:37] api.DEBUG: DB_Prov::get  select * from objetivos where registro_id=40 and cumplido='1' [] []
[2019-06-05 01:43:53] api.DEBUG: GET /objetivo/23 [] []
[2019-06-05 01:43:53] api.DEBUG: DB_Prov::get  select * from objetivos where registro_id=23 and cumplido='1' [] []
[2019-06-05 01:43:53] api.DEBUG: DB_Prov::get  select * from objetivos where registro_id=40 and cumplido='1' [] []
[2019-06-05 01:44:06] api.DEBUG: GET /objetivo/23 [] []
[2019-06-05 01:44:06] api.DEBUG: DB_Prov::get  select * from objetivos where registro_id=23 and cumplido='1' [] []
[2019-06-05 01:44:06] api.DEBUG: DB_Prov::get  select * from objetivos where registro_id=40 and cumplido='1' [] []
[2019-06-07 17:57:14] api.DEBUG: GET /objetivo/20 [] []
[2019-06-07 17:57:14] api.DEBUG: DB_Prov::get  select * from objetivos where registro_id=20 and cumplido='1' [] []
[2019-06-07 17:57:14] api.DEBUG: DB_Prov::get  select * from objetivos where registro_id=20 and cumplido='1' [] []
[2019-06-07 17:57:18] api.DEBUG: GET /objetivo/30 [] []
[2019-06-07 17:57:18] api.DEBUG: DB_Prov::get  select * from objetivos where registro_id=30 and cumplido='1' [] []
[2019-06-07 17:57:18] api.DEBUG: DB_Prov::get  select * from objetivos where registro_id=40 and cumplido='1' [] []
[2019-06-07 17:57:26] api.DEBUG: GET /objetivo/21 [] []
[2019-06-07 17:57:26] api.DEBUG: DB_Prov::get  select * from objetivos where registro_id=21 and cumplido='1' [] []
[2019-06-07 17:57:26] api.DEBUG: DB_Prov::get  select * from objetivos where registro_id=40 and cumplido='1' [] []
[2019-06-07 17:57:29] api.DEBUG: GET /objetivo/23 [] []
[2019-06-07 17:57:29] api.DEBUG: DB_Prov::get  select * from objetivos where registro_id=23 and cumplido='1' [] []
[2019-06-07 17:57:29] api.DEBUG: DB_Prov::get  select * from objetivos where registro_id=40 and cumplido='1' [] []
[2019-06-07 18:04:20] api.DEBUG: GET /objetivo/40 [] []
[2019-06-07 18:04:20] api.DEBUG: DB_Prov::get  select * from objetivos where registro_id=40 and cumplido='1' [] []
[2019-06-07 18:04:20] api.DEBUG: DB_Prov::get  select * from objetivos where registro_id=40 and cumplido='1' [] []
[2019-06-07 18:56:39] api.DEBUG: GET /objetivo/20 [] []
[2019-06-07 18:56:39] api.DEBUG: DB_Prov::get  select * from objetivos where registro_id=20 and cumplido='1' [] []
[2019-06-07 18:56:39] api.DEBUG: DB_Prov::get  select * from objetivos where registro_id=20 and cumplido='1' [] []
[2019-06-07 19:00:41] api.DEBUG: GET /objetivo/20 [] []
[2019-06-07 19:00:41] api.DEBUG: DB_Prov::get  select * from objetivos where registro_id=20 and cumplido='1' [] []
[2019-06-07 19:00:41] api.DEBUG: DB_Prov::get  select * from objetivos where registro_id=20 and cumplido='1' [] []
[2019-06-09 15:49:31] api.DEBUG: GET /objetivo/20 [] []
[2019-06-09 15:49:31] api.DEBUG: DB_Prov::get  select * from objetivos where registro_id=20 and cumplido='1' [] []
[2019-06-09 15:49:31] api.DEBUG: DB_Prov::get  select * from objetivos where registro_id=20 and cumplido='1' [] []
[2019-06-09 15:50:59] api.DEBUG: GET /objetivo/20 [] []
[2019-06-09 15:50:59] api.DEBUG: DB_Prov::get  select * from objetivos where registro_id=20 and cumplido='1' [] []
[2019-06-09 15:50:59] api.DEBUG: DB_Prov::get  select * from objetivos where registro_id=20 and cumplido='1' [] []
[2019-06-09 18:22:14] api.DEBUG: GET /objetivo/20 [] []
[2019-06-09 18:22:14] api.DEBUG: DB_Prov::get  select * from objetivos where registro_id=20 and cumplido='1' [] []
[2019-06-09 18:22:14] api.DEBUG: DB_Prov::get  select * from objetivos where registro_id=20 and cumplido='1' [] []
[2019-06-09 18:23:00] api.DEBUG: GET /objetivo/20 [] []
[2019-06-09 18:23:00] api.DEBUG: DB_Prov::get  select * from objetivos where registro_id=20 and cumplido='1' [] []
[2019-06-09 18:23:00] api.DEBUG: DB_Prov::get  select * from objetivos where registro_id=20 and cumplido='1' [] []
[2019-06-09 18:23:35] api.DEBUG: GET /objetivo/20 [] []
[2019-06-09 18:23:35] api.DEBUG: DB_Prov::get  select * from objetivos where registro_id=20 and cumplido='1' [] []
[2019-06-09 18:23:35] api.DEBUG: DB_Prov::get  select * from objetivos where registro_id=20 and cumplido='1' [] []
[2019-06-09 18:24:32] api.DEBUG: GET /objetivo/20 [] []
[2019-06-09 18:24:32] api.DEBUG: DB_Prov::get  select * from objetivos where registro_id=20 and cumplido='1' [] []
[2019-06-09 18:24:32] api.DEBUG: DB_Prov::get  select * from objetivos where registro_id=20 and cumplido='1' [] []
[2019-06-09 18:24:55] api.DEBUG: GET /objetivo/20 [] []
[2019-06-09 18:24:55] api.DEBUG: DB_Prov::get  select * from objetivos where registro_id=20 and cumplido='1' [] []
[2019-06-09 18:24:55] api.DEBUG: DB_Prov::get  select * from objetivos where registro_id=20 and cumplido='1' [] []
[2019-06-10 17:28:25] api.DEBUG: GET /objetivo/20 [] []
[2019-06-10 17:28:25] api.DEBUG: DB_Prov::get  select * from objetivos where registro_id=20 and cumplido='1' [] []
[2019-06-10 17:28:25] api.DEBUG: DB_Prov::get  select * from objetivos where registro_id=20 and cumplido='1' [] []
[2019-06-10 17:28:28] api.DEBUG: GET /objetivo/20 [] []
[2019-06-10 17:28:28] api.DEBUG: DB_Prov::get  select * from objetivos where registro_id=20 and cumplido='1' [] []
[2019-06-10 17:28:28] api.DEBUG: DB_Prov::get  select * from objetivos where registro_id=20 and cumplido='1' [] []
[2019-06-10 17:29:08] api.DEBUG: GET /objetivo/20 [] []
[2019-06-10 17:29:08] api.DEBUG: DB_Prov::get  select * from objetivos where registro_id=20 and cumplido='1' [] []
[2019-06-10 17:29:08] api.DEBUG: DB_Prov::get  select * from objetivos where registro_id=20 and cumplido='1' [] []
[2019-06-10 17:29:12] api.DEBUG: GET /objetivo/20 [] []
[2019-06-10 17:29:12] api.DEBUG: DB_Prov::get  select * from objetivos where registro_id=20 and cumplido='1' [] []
[2019-06-10 17:29:12] api.DEBUG: DB_Prov::get  select * from objetivos where registro_id=20 and cumplido='1' [] []
[2019-06-10 17:29:26] api.DEBUG: GET /objetivo/20 [] []
[2019-06-10 17:29:26] api.DEBUG: DB_Prov::get  select * from objetivos where registro_id=20 and cumplido='1' [] []
[2019-06-10 17:29:26] api.DEBUG: DB_Prov::get  select * from objetivos where registro_id=20 and cumplido='1' [] []
[2019-06-10 17:29:27] api.DEBUG: GET /objetivo/20 [] []
[2019-06-10 17:29:27] api.DEBUG: DB_Prov::get  select * from objetivos where registro_id=20 and cumplido='1' [] []
[2019-06-10 17:29:27] api.DEBUG: DB_Prov::get  select * from objetivos where registro_id=20 and cumplido='1' [] []
[2019-06-10 17:30:49] api.DEBUG: GET /objetivo/20 [] []
[2019-06-10 17:30:49] api.DEBUG: DB_Prov::get  select * from objetivos where registro_id=20 and cumplido='1' [] []
[2019-06-10 17:30:49] api.DEBUG: DB_Prov::get  select * from objetivos where registro_id=20 and cumplido='1' [] []
[2019-06-10 17:31:02] api.DEBUG: GET /objetivo/23 [] []
[2019-06-10 17:31:02] api.DEBUG: DB_Prov::get  select * from objetivos where registro_id=23 and cumplido='1' [] []
[2019-06-10 17:31:02] api.DEBUG: DB_Prov::get  select * from objetivos where registro_id=40 and cumplido='1' [] []
