[2019-05-21 00:43:06] api.DEBUG: POST /objetivo [] []
[2019-05-21 00:43:06] api.DEBUG: POST-DATOS Array (     [objetivos] => prueba     [fecha] => 2019-05-21     [registro_id] => 20 )  [] []
[2019-05-21 00:44:26] api.DEBUG: POST /objetivo [] []
[2019-05-21 00:44:26] api.DEBUG: POST-DATOS Array (     [objetivos] => prueba     [fecha] => 2019-05-21     [registro_id] => 20 )  [] []
[2019-05-21 00:44:34] api.DEBUG: POST /objetivo [] []
[2019-05-21 00:44:34] api.DEBUG: POST-DATOS Array (     [objetivos] => prueba     [fecha] => 2019-05-21     [registro_id] => 20 )  [] []
[2019-05-21 00:46:23] api.DEBUG: POST /objetivo [] []
[2019-05-21 00:46:23] api.DEBUG: POST-DATOS Array (     [objetivos] => prueba     [fecha] => 2019-05-21     [registro_id] => 20 )  [] []
[2019-05-21 00:47:48] api.DEBUG: POST /objetivo [] []
[2019-05-21 00:47:48] api.DEBUG: POST-DATOS Array (     [objetivos] => prueba     [fecha] => 2019-05-21     [registro_id] => 20 )  [] []
[2019-05-21 00:47:59] api.DEBUG: POST /objetivo [] []
[2019-05-21 00:47:59] api.DEBUG: POST-DATOS Array (     [objetivos] => prueba     [fecha] => 2019-05-21     [registro_id] => 20 )  [] []
[2019-05-21 00:49:17] api.DEBUG: POST /objetivo [] []
[2019-05-21 00:49:17] api.DEBUG: POST-DATOS Array (     [objetivos] => prueba     [fecha] => 2019-05-21     [registro_id] => 20 )  [] []
[2019-05-21 00:51:28] api.DEBUG: POST /objetivo [] []
[2019-05-21 00:51:28] api.DEBUG: POST-DATOS Array (     [objetivos] => prueba     [fecha] => 2019-05-21     [registro_id] => 20 )  [] []
[2019-05-21 00:51:28] api.DEBUG: DB_Prov::add  insert into objetivos (objetivos,fecha,registro_id) values ('prueba','2019-05-21','20') [] []
[2019-05-21 00:52:06] api.DEBUG: GET /objetivos [] []
[2019-05-21 00:52:06] api.DEBUG: DB_Prov::getAll  select * from objetivos order by id [] []
[2019-05-21 00:52:13] api.DEBUG: GET /objetivos [] []
[2019-05-21 00:52:13] api.DEBUG: DB_Prov::getAll  select * from objetivos order by id [] []
[2019-05-21 00:52:35] api.DEBUG: GET /objetivos [] []
[2019-05-21 00:52:35] api.DEBUG: DB_Prov::getAll  select * from objetivos order by id [] []
[2019-05-21 00:52:55] api.DEBUG: GET /objetivos [] []
[2019-05-21 00:52:55] api.DEBUG: DB_Prov::getAll  select * from objetivos order by id [] []
[2019-05-21 01:36:51] api.DEBUG: GET /objetivos [] []
[2019-05-21 01:36:51] api.DEBUG: DB_Prov::getAll  select * from objetivos order by id [] []
[2019-05-21 01:36:56] api.DEBUG: POST /objetivo [] []
[2019-05-21 01:36:56] api.DEBUG: POST-DATOS Array (     [objetivos] => visitar McDonalds     [fecha] => 05/18/2019 00:00:00     [registro_id] => 20 )  [] []
[2019-05-21 01:36:56] api.DEBUG: DB_Prov::add  insert into objetivos (objetivos,fecha,registro_id) values ('visitar McDonalds','05/18/2019 00:00:00','20') [] []
[2019-05-21 01:37:42] api.DEBUG: GET /objetivos [] []
[2019-05-21 01:37:42] api.DEBUG: DB_Prov::getAll  select * from objetivos order by id [] []
[2019-05-21 01:48:42] api.DEBUG: GET /objetivos [] []
[2019-05-21 01:48:42] api.DEBUG: DB_Prov::getAll  select * from objetivos order by id [] []
[2019-05-29 18:02:22] api.DEBUG: GET /objetivos [] []
[2019-05-29 18:02:22] api.DEBUG: DB_Prov::getAll  select * from objetivos order by id [] []
[2019-05-29 18:03:05] api.DEBUG: GET /objetivos [] []
[2019-05-29 18:03:05] api.DEBUG: DB_Prov::getAll  select * from objetivos order by id [] []
[2019-05-29 18:03:52] api.DEBUG: GET /objetivos [] []
[2019-05-29 18:03:52] api.DEBUG: DB_Prov::getAll  select * from objetivos order by id [] []
[2019-05-29 18:10:47] api.DEBUG: GET /objetivos [] []
[2019-05-29 18:10:47] api.DEBUG: DB_Prov::getAll  select * from objetivos order by id [] []
[2019-05-29 18:11:13] api.DEBUG: GET /objetivos [] []
[2019-05-29 18:11:13] api.DEBUG: DB_Prov::getAll  select * from objetivos order by id [] []
[2019-05-29 18:11:17] api.DEBUG: GET /objetivos [] []
[2019-05-29 18:11:17] api.DEBUG: DB_Prov::getAll  select * from objetivos order by id [] []
[2019-05-29 18:11:20] api.DEBUG: GET /objetivos [] []
[2019-05-29 18:11:20] api.DEBUG: DB_Prov::getAll  select * from objetivos order by id [] []
[2019-05-29 18:22:55] api.DEBUG: GET /objetivo/20 [] []
[2019-05-29 18:22:55] api.DEBUG: DB_Prov::get  select * from objetivos where registro_id=20 [] []
[2019-05-29 18:22:55] api.DEBUG: DB_Prov::getAll  select * from objetivos order by id [] []
[2019-05-29 18:29:08] api.DEBUG: GET /objetivos [] []
[2019-05-29 18:29:08] api.DEBUG: DB_Prov::getAll  select * from objetivos order by id [] []
[2019-05-29 18:29:27] api.DEBUG: GET /objetivos [] []
[2019-05-29 18:29:27] api.DEBUG: DB_Prov::getAll  select * from objetivos order by id [] []
[2019-05-29 18:29:51] api.DEBUG: GET /objetivos [] []
[2019-05-29 18:29:51] api.DEBUG: DB_Prov::getAll  select * from objetivos order by id [] []
[2019-05-29 18:40:20] api.DEBUG: GET /objetivos [] []
[2019-05-29 18:40:20] api.DEBUG: DB_Prov::getAll  select * from objetivos order by id [] []
[2019-05-29 18:40:46] api.DEBUG: GET /objetivos [] []
[2019-05-29 18:40:46] api.DEBUG: DB_Prov::getAll  select * from objetivos order by id [] []
[2019-05-29 18:41:45] api.DEBUG: GET /objetivos [] []
[2019-05-29 18:41:45] api.DEBUG: DB_Prov::getAll  select * from objetivos order by id [] []
[2019-05-29 18:49:48] api.DEBUG: GET /objetivos [] []
[2019-05-29 18:49:48] api.DEBUG: DB_Prov::getAll  select * from objetivos order by id [] []
[2019-05-29 18:50:36] api.DEBUG: GET /objetivos [] []
[2019-05-29 18:50:36] api.DEBUG: DB_Prov::getAll  select * from objetivos order by id [] []
[2019-05-29 19:16:37] api.DEBUG: GET /objetivos [] []
[2019-05-29 19:16:37] api.DEBUG: DB_Prov::getAll  select * from objetivos order by id [] []
[2019-05-29 19:18:01] api.DEBUG: GET /objetivos [] []
[2019-05-29 19:18:01] api.DEBUG: DB_Prov::getAll  select * from objetivos order by id [] []
[2019-05-29 19:19:06] api.DEBUG: GET /objetivos [] []
[2019-05-29 19:19:06] api.DEBUG: DB_Prov::getAll  select * from objetivos order by id [] []
[2019-05-30 23:15:33] api.DEBUG: GET /objetivo/20 [] []
[2019-05-30 23:15:33] api.DEBUG: DB_Prov::get  select * from objetivos where registro_id=20 [] []
[2019-05-30 23:15:33] api.DEBUG: DB_Prov::getAll  select * from objetivos order by id [] []
[2019-05-30 23:29:56] api.DEBUG: GET /objetivo/20 [] []
[2019-05-30 23:29:56] api.DEBUG: DB_Prov::get  select * from objetivos where registro_id=20 [] []
[2019-05-30 23:29:56] api.DEBUG: DB_Prov::getAll  select * from objetivos order by id [] []
[2019-05-30 23:31:13] api.DEBUG: GET /objetivo/20 [] []
[2019-05-30 23:31:13] api.DEBUG: DB_Prov::get  select * from objetivos where registro_id=20 [] []
[2019-05-30 23:31:13] api.DEBUG: DB_Prov::getAll  select * from objetivos order by id [] []
[2019-05-30 23:31:30] api.DEBUG: GET /objetivo/20 [] []
[2019-05-30 23:31:30] api.DEBUG: DB_Prov::get  select * from objetivos where registro_id=20 [] []
[2019-05-30 23:31:30] api.DEBUG: DB_Prov::getAll  select * from objetivos order by id [] []
[2019-05-30 23:31:54] api.DEBUG: GET /objetivo/1 [] []
[2019-05-30 23:31:54] api.DEBUG: DB_Prov::get  select * from objetivos where registro_id=1 [] []
[2019-05-30 23:31:57] api.DEBUG: GET /objetivo/21 [] []
[2019-05-30 23:31:57] api.DEBUG: DB_Prov::get  select * from objetivos where registro_id=21 [] []
[2019-05-30 23:31:57] api.DEBUG: DB_Prov::getAll  select * from objetivos order by id [] []
[2019-05-30 23:32:16] api.DEBUG: GET /objetivo/cod/21 [] []
[2019-05-30 23:33:42] api.DEBUG: GET /objetivo/21 [] []
[2019-05-30 23:33:42] api.DEBUG: DB_Prov::get  select * from objetivos where registro_id=21 [] []
[2019-05-30 23:33:42] api.DEBUG: DB_Prov::getAll  select * from objetivos order by id [] []
[2019-05-30 23:34:45] api.DEBUG: GET /objetivo/ [] []
[2019-05-30 23:34:45] api.DEBUG: DB_Prov::get  select * from objetivos where registro_id= [] []
[2019-05-30 23:35:54] api.DEBUG: GET /objetivo/ [] []
[2019-05-30 23:35:54] api.DEBUG: DB_Prov::get  select * from objetivos where registro_id= [] []
[2019-05-30 23:38:07] api.DEBUG: GET /objetivo/ [] []
[2019-05-30 23:38:07] api.DEBUG: DB_Prov::get  select * from objetivos where registro_id= [] []
[2019-05-30 23:38:18] api.DEBUG: GET /objetivo/ [] []
[2019-05-30 23:38:18] api.DEBUG: DB_Prov::get  select * from objetivos where registro_id= [] []
[2019-05-30 23:38:37] api.DEBUG: GET /objetivo/21 [] []
[2019-05-30 23:38:37] api.DEBUG: DB_Prov::get  select * from objetivos where registro_id=21 [] []
[2019-05-30 23:38:37] api.DEBUG: DB_Prov::getAll  select * from objetivos order by id [] []
[2019-05-30 23:40:59] api.DEBUG: GET /objetivo/20 [] []
[2019-05-30 23:40:59] api.DEBUG: DB_Prov::get  select * from objetivos where registro_id=20 [] []
[2019-05-30 23:40:59] api.DEBUG: DB_Prov::getAll  select * from objetivos order by id [] []
[2019-05-30 23:42:00] api.DEBUG: GET /objetivo/20 [] []
[2019-05-30 23:42:00] api.DEBUG: DB_Prov::get  select * from objetivos where registro_id=20 [] []
[2019-05-30 23:42:00] api.DEBUG: DB_Prov::get  select * from objetivos where registro_id=20 [] []
[2019-05-30 23:42:08] api.DEBUG: GET /objetivo/21 [] []
[2019-05-30 23:42:08] api.DEBUG: DB_Prov::get  select * from objetivos where registro_id=21 [] []
[2019-05-30 23:42:08] api.DEBUG: DB_Prov::get  select * from objetivos where registro_id=21 [] []
[2019-05-30 23:43:10] api.DEBUG: GET /objetivo/21 [] []
[2019-05-30 23:43:10] api.DEBUG: DB_Prov::get  select * from objetivos where registro_id=21 [] []
[2019-05-30 23:43:10] api.DEBUG: DB_Prov::get  select * from objetivos where registro_id=21 [] []
[2019-05-30 23:43:16] api.DEBUG: GET /objetivo/20 [] []
[2019-05-30 23:43:16] api.DEBUG: DB_Prov::get  select * from objetivos where registro_id=20 [] []
[2019-05-30 23:43:16] api.DEBUG: DB_Prov::get  select * from objetivos where registro_id=20 [] []
[2019-05-30 23:43:29] api.DEBUG: GET /objetivo/20 [] []
[2019-05-30 23:43:29] api.DEBUG: DB_Prov::get  select * from objetivos where registro_id=20 [] []
[2019-05-30 23:43:29] api.DEBUG: DB_Prov::get  select * from objetivos where registro_id=20 [] []
[2019-05-30 23:44:24] api.DEBUG: GET /objetivo/21 [] []
[2019-05-30 23:44:24] api.DEBUG: DB_Prov::get  select * from objetivos where registro_id=21 [] []
[2019-05-30 23:44:24] api.DEBUG: DB_Prov::get  select * from objetivos where registro_id=21 [] []
[2019-05-30 23:44:31] api.DEBUG: GET /objetivo/21 [] []
[2019-05-30 23:44:31] api.DEBUG: DB_Prov::get  select * from objetivos where registro_id=21 [] []
[2019-05-30 23:44:31] api.DEBUG: DB_Prov::get  select * from objetivos where registro_id=21 [] []
[2019-05-30 23:44:33] api.DEBUG: GET /objetivo/21 [] []
[2019-05-30 23:44:33] api.DEBUG: DB_Prov::get  select * from objetivos where registro_id=21 [] []
[2019-05-30 23:44:33] api.DEBUG: DB_Prov::get  select * from objetivos where registro_id=21 [] []
[2019-05-30 23:44:58] api.DEBUG: GET /objetivo/22 [] []
[2019-05-30 23:44:58] api.DEBUG: DB_Prov::get  select * from objetivos where registro_id=22 [] []
[2019-05-30 23:46:55] api.DEBUG: GET /objetivo/22 [] []
[2019-05-30 23:46:55] api.DEBUG: DB_Prov::get  select * from objetivos where registro_id=22 [] []
[2019-05-30 23:46:55] api.DEBUG: DB_Prov::get  select * from objetivos where registro_id=22 [] []
[2019-05-30 23:46:58] api.DEBUG: GET /objetivo/22 [] []
[2019-05-30 23:46:58] api.DEBUG: DB_Prov::get  select * from objetivos where registro_id=22 [] []
[2019-05-30 23:46:58] api.DEBUG: DB_Prov::get  select * from objetivos where registro_id=22 [] []
[2019-05-31 00:21:17] api.DEBUG: GET /objetivo/20 [] []
[2019-05-31 00:21:17] api.DEBUG: DB_Prov::get  select * from objetivos where registro_id=20 [] []
[2019-05-31 00:21:17] api.DEBUG: DB_Prov::get  select * from objetivos where registro_id=20 [] []
[2019-05-31 00:21:25] api.DEBUG: GET /objetivo/20 [] []
[2019-05-31 00:21:25] api.DEBUG: DB_Prov::get  select * from objetivos where registro_id=20 [] []
[2019-05-31 00:21:25] api.DEBUG: DB_Prov::get  select * from objetivos where registro_id=20 [] []
[2019-05-31 00:21:38] api.DEBUG: GET /objetivo/20 [] []
[2019-05-31 00:21:38] api.DEBUG: DB_Prov::get  select * from objetivos where registro_id=20 [] []
[2019-05-31 00:21:38] api.DEBUG: DB_Prov::get  select * from objetivos where registro_id=20 [] []
[2019-05-31 00:21:41] api.DEBUG: GET /objetivo/20 [] []
[2019-05-31 00:21:41] api.DEBUG: DB_Prov::get  select * from objetivos where registro_id=20 [] []
[2019-05-31 00:21:41] api.DEBUG: DB_Prov::get  select * from objetivos where registro_id=20 [] []
[2019-05-31 00:53:48] api.DEBUG: GET /objetivo/25 [] []
[2019-05-31 00:53:48] api.DEBUG: DB_Prov::get  select * from objetivos where registro_id=25 [] []
[2019-05-31 18:33:34] api.DEBUG: GET /objetivo/20 [] []
[2019-05-31 18:33:34] api.DEBUG: DB_Prov::get  select * from objetivos where registro_id=20 [] []
[2019-05-31 18:33:34] api.DEBUG: DB_Prov::get  select * from objetivos where registro_id=20 [] []
[2019-05-31 18:33:42] api.DEBUG: GET /objetivo/20 [] []
[2019-05-31 18:33:42] api.DEBUG: DB_Prov::get  select * from objetivos where registro_id=20 [] []
[2019-05-31 18:33:42] api.DEBUG: DB_Prov::get  select * from objetivos where registro_id=20 [] []
[2019-05-31 18:33:45] api.DEBUG: GET /objetivo/20 [] []
[2019-05-31 18:33:45] api.DEBUG: DB_Prov::get  select * from objetivos where registro_id=20 [] []
[2019-05-31 18:33:45] api.DEBUG: DB_Prov::get  select * from objetivos where registro_id=20 [] []
[2019-05-31 18:33:48] api.DEBUG: GET /objetivo/20 [] []
[2019-05-31 18:33:48] api.DEBUG: DB_Prov::get  select * from objetivos where registro_id=20 [] []
[2019-05-31 18:33:48] api.DEBUG: DB_Prov::get  select * from objetivos where registro_id=20 [] []
[2019-05-31 18:34:08] api.DEBUG: GET /objetivo/20 [] []
[2019-05-31 18:34:08] api.DEBUG: DB_Prov::get  select * from objetivos where registro_id=20 [] []
[2019-05-31 18:34:08] api.DEBUG: DB_Prov::get  select * from objetivos where registro_id=20 [] []
[2019-05-31 18:42:46] api.DEBUG: GET /objetivo/20 [] []
[2019-05-31 18:42:46] api.DEBUG: DB_Prov::get  select * from objetivos where registro_id=20 [] []
[2019-05-31 18:42:46] api.DEBUG: DB_Prov::get  select * from objetivos where registro_id=20 [] []
[2019-06-01 18:54:28] api.DEBUG: GET /objetivo/20 [] []
[2019-06-01 18:54:28] api.DEBUG: DB_Prov::get  select * from objetivos where registro_id=20 [] []
[2019-06-01 18:54:28] api.DEBUG: DB_Prov::get  select * from objetivos where registro_id=20 [] []
[2019-06-01 18:54:37] api.DEBUG: GET /objetivo/20 [] []
[2019-06-01 18:54:37] api.DEBUG: DB_Prov::get  select * from objetivos where registro_id=20 [] []
[2019-06-01 18:54:37] api.DEBUG: DB_Prov::get  select * from objetivos where registro_id=20 [] []
[2019-06-01 19:51:00] api.DEBUG: POST /objetivo [] []
[2019-06-01 19:51:00] api.DEBUG: POST-DATOS Array (     [objetivos] => crearObjetivo     [fecha] => Xamarin.Forms.DatePicker     [registro_id] => 20 )  [] []
[2019-06-01 19:51:00] api.DEBUG: DB_Prov::add  insert into objetivos (objetivos,fecha,registro_id) values ('crearObjetivo','Xamarin.Forms.DatePicker','20') [] []
[2019-06-01 19:51:07] api.DEBUG: GET /objetivo/20 [] []
[2019-06-01 19:51:07] api.DEBUG: DB_Prov::get  select * from objetivos where registro_id=20 [] []
[2019-06-01 19:51:07] api.DEBUG: DB_Prov::get  select * from objetivos where registro_id=20 [] []
[2019-06-01 19:58:25] api.DEBUG: GET /objetivo/20 [] []
[2019-06-01 19:58:25] api.DEBUG: DB_Prov::get  select * from objetivos where registro_id=20 [] []
[2019-06-01 19:58:25] api.DEBUG: DB_Prov::get  select * from objetivos where registro_id=20 [] []
[2019-06-01 19:59:34] api.DEBUG: POST /objetivo [] []
[2019-06-01 19:59:34] api.DEBUG: POST-DATOS Array (     [objetivos] => crearObjetivo     [fecha] => Xamarin.Forms.DatePicker     [registro_id] => 20 )  [] []
[2019-06-01 19:59:34] api.DEBUG: DB_Prov::add  insert into objetivos (objetivos,fecha,registro_id) values ('crearObjetivo','Xamarin.Forms.DatePicker','20') [] []
[2019-06-01 19:59:40] api.DEBUG: GET /objetivo/20 [] []
[2019-06-01 19:59:40] api.DEBUG: DB_Prov::get  select * from objetivos where registro_id=20 [] []
[2019-06-01 19:59:40] api.DEBUG: DB_Prov::get  select * from objetivos where registro_id=20 [] []
[2019-06-01 20:05:34] api.DEBUG: POST /objetivo [] []
[2019-06-01 20:05:34] api.DEBUG: POST-DATOS Array (     [objetivos] => crear Objetivo     [fecha] => Xamarin.Forms.DatePicker     [registro_id] => 20 )  [] []
[2019-06-01 20:05:34] api.DEBUG: DB_Prov::add  insert into objetivos (objetivos,fecha,registro_id) values ('crear Objetivo','Xamarin.Forms.DatePicker','20') [] []
[2019-06-01 20:11:32] api.DEBUG: POST /objetivo [] []
[2019-06-01 20:11:32] api.DEBUG: POST-DATOS Array (     [objetivos] => adsfasfaf     [fecha] => 6/1/2019 12:00:00 AM     [registro_id] => 20 )  [] []
[2019-06-01 20:11:32] api.DEBUG: DB_Prov::add  insert into objetivos (objetivos,fecha,registro_id) values ('adsfasfaf','6/1/2019 12:00:00 AM','20') [] []
[2019-06-01 20:28:16] api.DEBUG: POST /objetivo [] []
[2019-06-01 20:28:16] api.DEBUG: POST-DATOS Array (     [objetivos] => dfdsf     [fecha] => 6/1/2019     [registro_id] => 20 )  [] []
[2019-06-01 20:28:16] api.DEBUG: DB_Prov::add  insert into objetivos (objetivos,fecha,registro_id) values ('dfdsf','6/1/2019','20') [] []
[2019-06-01 20:30:12] api.DEBUG: POST /objetivo [] []
[2019-06-01 20:30:12] api.DEBUG: POST-DATOS Array (     [objetivos] => afsafsaf     [fecha] => 6/1/2019 12:00:00 AM     [registro_id] => 20 )  [] []
[2019-06-01 20:30:12] api.DEBUG: DB_Prov::add  insert into objetivos (objetivos,fecha,registro_id) values ('afsafsaf','6/1/2019 12:00:00 AM','20') [] []
[2019-06-01 20:33:18] api.DEBUG: POST /objetivo [] []
[2019-06-01 20:33:18] api.DEBUG: POST-DATOS Array (     [objetivos] => dsfsadfa     [fecha] => 6/1/2019     [registro_id] => 20 )  [] []
[2019-06-01 20:33:18] api.DEBUG: DB_Prov::add  insert into objetivos (objetivos,fecha,registro_id) values ('dsfsadfa','6/1/2019','20') [] []
[2019-06-01 20:37:32] api.DEBUG: POST /objetivo [] []
[2019-06-01 20:37:32] api.DEBUG: POST-DATOS Array (     [objetivos] => dsafsadfsad     [fecha] => Xamarin.Forms.DatePicker     [registro_id] => 20 )  [] []
[2019-06-01 20:37:32] api.DEBUG: DB_Prov::add  insert into objetivos (objetivos,fecha,registro_id) values ('dsafsadfsad','Xamarin.Forms.DatePicker','20') [] []
[2019-06-01 20:38:38] api.DEBUG: POST /objetivo [] []
[2019-06-01 20:38:38] api.DEBUG: POST-DATOS Array (     [objetivos] => dsa     [fecha] => 6/1/2019 12:00:00 AM     [registro_id] => 20 )  [] []
[2019-06-01 20:38:38] api.DEBUG: DB_Prov::add  insert into objetivos (objetivos,fecha,registro_id) values ('dsa','6/1/2019 12:00:00 AM','20') [] []
[2019-06-01 20:40:27] api.DEBUG: POST /objetivo [] []
[2019-06-01 20:40:27] api.DEBUG: POST-DATOS Array (     [objetivos] => 123234535     [fecha] => 2019-06-01     [registro_id] => 20 )  [] []
[2019-06-01 20:40:27] api.DEBUG: DB_Prov::add  insert into objetivos (objetivos,fecha,registro_id) values ('123234535','2019-06-01','20') [] []
[2019-06-01 20:40:55] api.DEBUG: GET /objetivo/20 [] []
[2019-06-01 20:40:55] api.DEBUG: DB_Prov::get  select * from objetivos where registro_id=20 [] []
[2019-06-01 20:40:55] api.DEBUG: DB_Prov::get  select * from objetivos where registro_id=20 [] []
[2019-06-01 20:40:58] api.DEBUG: GET /objetivo/20 [] []
[2019-06-01 20:40:58] api.DEBUG: DB_Prov::get  select * from objetivos where registro_id=20 [] []
[2019-06-01 20:40:58] api.DEBUG: DB_Prov::get  select * from objetivos where registro_id=20 [] []
[2019-06-01 20:52:17] api.DEBUG: GET /objetivo/20 [] []
[2019-06-01 20:52:17] api.DEBUG: DB_Prov::get  select * from objetivos where registro_id=20 [] []
[2019-06-01 20:52:17] api.DEBUG: DB_Prov::get  select * from objetivos where registro_id=20 [] []
[2019-06-01 20:52:21] api.DEBUG: GET /objetivo/20 [] []
[2019-06-01 20:52:21] api.DEBUG: DB_Prov::get  select * from objetivos where registro_id=20 [] []
[2019-06-01 20:52:21] api.DEBUG: DB_Prov::get  select * from objetivos where registro_id=20 [] []
[2019-06-01 20:52:30] api.DEBUG: GET /objetivo/20 [] []
[2019-06-01 20:52:30] api.DEBUG: DB_Prov::get  select * from objetivos where registro_id=20 [] []
[2019-06-01 20:52:30] api.DEBUG: DB_Prov::get  select * from objetivos where registro_id=20 [] []
[2019-06-01 20:52:34] api.DEBUG: GET /objetivo/20 [] []
[2019-06-01 20:52:34] api.DEBUG: DB_Prov::get  select * from objetivos where registro_id=20 [] []
[2019-06-01 20:52:34] api.DEBUG: DB_Prov::get  select * from objetivos where registro_id=20 [] []
[2019-06-01 20:52:39] api.DEBUG: GET /objetivo/20 [] []
[2019-06-01 20:52:39] api.DEBUG: DB_Prov::get  select * from objetivos where registro_id=20 [] []
[2019-06-01 20:52:39] api.DEBUG: DB_Prov::get  select * from objetivos where registro_id=20 [] []
[2019-06-01 20:52:44] api.DEBUG: GET /objetivo/20 [] []
[2019-06-01 20:52:44] api.DEBUG: DB_Prov::get  select * from objetivos where registro_id=20 [] []
[2019-06-01 20:52:44] api.DEBUG: DB_Prov::get  select * from objetivos where registro_id=20 [] []
[2019-06-01 20:52:49] api.DEBUG: GET /objetivo/20 [] []
[2019-06-01 20:52:49] api.DEBUG: DB_Prov::get  select * from objetivos where registro_id=20 [] []
[2019-06-01 20:52:49] api.DEBUG: DB_Prov::get  select * from objetivos where registro_id=20 [] []
[2019-06-01 20:52:52] api.DEBUG: GET /objetivo/20 [] []
[2019-06-01 20:52:52] api.DEBUG: DB_Prov::get  select * from objetivos where registro_id=20 [] []
[2019-06-01 20:52:52] api.DEBUG: DB_Prov::get  select * from objetivos where registro_id=20 [] []
[2019-06-01 20:53:04] api.DEBUG: GET /objetivo/20 [] []
[2019-06-01 20:53:04] api.DEBUG: DB_Prov::get  select * from objetivos where registro_id=20 [] []
[2019-06-01 20:53:04] api.DEBUG: DB_Prov::get  select * from objetivos where registro_id=20 [] []
[2019-06-02 12:57:18] api.DEBUG: POST /objetivo [] []
[2019-06-02 12:57:18] api.DEBUG: POST-DATOS Array (     [objetivos] =>      [fecha] => 2019-06-01     [registro_id] => 22 )  [] []
[2019-06-02 12:57:39] api.DEBUG: POST /objetivo [] []
[2019-06-02 12:57:39] api.DEBUG: POST-DATOS Array (     [objetivos] => sdlkgfdsgkl     [fecha] => 2019-06-01     [registro_id] => 22 )  [] []
[2019-06-02 12:57:39] api.DEBUG: DB_Prov::add  insert into objetivos (objetivos,fecha,registro_id) values ('sdlkgfdsgkl','2019-06-01','22') [] []
[2019-06-02 13:12:35] api.DEBUG: GET /objetivo/20 [] []
[2019-06-02 13:12:35] api.DEBUG: DB_Prov::get  select * from objetivos where registro_id=20 [] []
[2019-06-02 13:12:35] api.DEBUG: DB_Prov::get  select * from objetivos where registro_id=20 [] []
[2019-06-02 13:14:15] api.DEBUG: GET /objetivo/20 [] []
[2019-06-02 13:14:15] api.DEBUG: DB_Prov::get  select * from objetivos where registro_id=20 and cumplido='0' [] []
[2019-06-02 13:14:15] api.DEBUG: DB_Prov::get  select * from objetivos where registro_id=20 and cumplido='0' [] []
[2019-06-02 13:14:39] api.DEBUG: GET /objetivo/20 [] []
[2019-06-02 13:14:39] api.DEBUG: DB_Prov::get  select * from objetivos where registro_id=20 and cumplido='0' [] []
[2019-06-02 13:14:39] api.DEBUG: DB_Prov::get  select * from objetivos where registro_id=20 and cumplido='0' [] []
[2019-06-02 13:24:12] api.DEBUG: GET /objetivo/20 [] []
[2019-06-02 13:24:12] api.DEBUG: DB_Prov::get  select * from objetivos where registro_id=20 and cumplido='0' [] []
[2019-06-02 13:24:12] api.DEBUG: DB_Prov::get  select * from objetivos where registro_id=20 and cumplido='0' [] []
[2019-06-02 16:46:22] api.DEBUG: GET /objetivo/0 [] []
[2019-06-02 16:46:22] api.DEBUG: DB_Prov::get  select * from objetivos where registro_id=0 and cumplido='0' [] []
[2019-06-02 16:48:02] api.DEBUG: GET /objetivo/0 [] []
[2019-06-02 16:48:02] api.DEBUG: DB_Prov::get  select * from objetivos where registro_id=0 and cumplido='0' [] []
[2019-06-02 16:53:40] api.DEBUG: GET /objetivo/0 [] []
[2019-06-02 16:53:40] api.DEBUG: DB_Prov::get  select * from objetivos where registro_id=0 and cumplido='0' [] []
[2019-06-02 17:08:51] api.DEBUG: GET /objetivo/20 [] []
[2019-06-02 17:08:51] api.DEBUG: DB_Prov::get  select * from objetivos where registro_id=20 and cumplido='0' [] []
[2019-06-02 17:08:51] api.DEBUG: DB_Prov::get  select * from objetivos where registro_id=20 and cumplido='0' [] []
[2019-06-02 17:10:08] api.DEBUG: GET /objetivo/20 [] []
[2019-06-02 17:10:08] api.DEBUG: DB_Prov::get  select * from objetivos where registro_id=20 and cumplido='0' [] []
[2019-06-02 17:10:08] api.DEBUG: DB_Prov::get  select * from objetivos where registro_id=20 and cumplido='0' [] []
[2019-06-02 17:42:07] api.DEBUG: GET /objetivo/20 [] []
[2019-06-02 17:42:07] api.DEBUG: DB_Prov::get  select * from objetivos where registro_id=20 and cumplido='0' [] []
[2019-06-02 17:42:07] api.DEBUG: DB_Prov::get  select * from objetivos where registro_id=20 and cumplido='0' [] []
[2019-06-02 17:42:25] api.DEBUG: GET /objetivo/20 [] []
[2019-06-02 17:42:25] api.DEBUG: DB_Prov::get  select * from objetivos where registro_id=20 and cumplido='0' [] []
[2019-06-02 17:42:25] api.DEBUG: DB_Prov::get  select * from objetivos where registro_id=20 and cumplido='0' [] []
[2019-06-02 17:42:30] api.DEBUG: GET /objetivo/20 [] []
[2019-06-02 17:42:30] api.DEBUG: DB_Prov::get  select * from objetivos where registro_id=20 and cumplido='0' [] []
[2019-06-02 17:42:30] api.DEBUG: DB_Prov::get  select * from objetivos where registro_id=20 and cumplido='0' [] []
[2019-06-02 17:43:02] api.DEBUG: GET /objetivo/20 [] []
[2019-06-02 17:43:02] api.DEBUG: DB_Prov::get  select * from objetivos where registro_id=20 and cumplido='0' [] []
[2019-06-02 17:43:02] api.DEBUG: DB_Prov::get  select * from objetivos where registro_id=20 and cumplido='0' [] []
[2019-06-02 17:43:05] api.DEBUG: GET /objetivo/21 [] []
[2019-06-02 17:43:05] api.DEBUG: DB_Prov::get  select * from objetivos where registro_id=21 and cumplido='0' [] []
[2019-06-02 17:43:05] api.DEBUG: DB_Prov::get  select * from objetivos where registro_id=21 and cumplido='0' [] []
[2019-06-02 17:50:12] api.DEBUG: GET /objetivo/20 [] []
[2019-06-02 17:50:12] api.DEBUG: DB_Prov::get  select * from objetivos where registro_id=20 and cumplido='0' [] []
[2019-06-02 17:50:12] api.DEBUG: DB_Prov::get  select * from objetivos where registro_id=20 and cumplido='0' [] []
[2019-06-02 17:53:16] api.DEBUG: GET /objetivo/20 [] []
[2019-06-02 17:53:16] api.DEBUG: DB_Prov::get  select * from objetivos where registro_id=20 and cumplido='0' [] []
[2019-06-02 17:53:16] api.DEBUG: DB_Prov::get  select * from objetivos where registro_id=20 and cumplido='0' [] []
[2019-06-02 17:53:54] api.DEBUG: GET /objetivo/20 [] []
[2019-06-02 17:53:54] api.DEBUG: DB_Prov::get  select * from objetivos where registro_id=20 and cumplido='0' [] []
[2019-06-02 17:53:54] api.DEBUG: DB_Prov::get  select * from objetivos where registro_id=20 and cumplido='0' [] []
[2019-06-02 17:54:13] api.DEBUG: GET /objetivo/20 [] []
[2019-06-02 17:54:13] api.DEBUG: DB_Prov::get  select * from objetivos where registro_id=20 and cumplido='0' [] []
[2019-06-02 17:54:13] api.DEBUG: DB_Prov::get  select * from objetivos where registro_id=20 and cumplido='0' [] []
[2019-06-02 17:54:17] api.DEBUG: GET /objetivo/20 [] []
[2019-06-02 17:54:17] api.DEBUG: DB_Prov::get  select * from objetivos where registro_id=20 and cumplido='0' [] []
[2019-06-02 17:54:17] api.DEBUG: DB_Prov::get  select * from objetivos where registro_id=20 and cumplido='0' [] []
[2019-06-02 17:54:22] api.DEBUG: GET /objetivo/20 [] []
[2019-06-02 17:54:22] api.DEBUG: DB_Prov::get  select * from objetivos where registro_id=20 and cumplido='0' [] []
[2019-06-02 17:54:22] api.DEBUG: DB_Prov::get  select * from objetivos where registro_id=20 and cumplido='0' [] []
[2019-06-02 17:57:31] api.DEBUG: GET /objetivo/20 [] []
[2019-06-02 17:57:31] api.DEBUG: DB_Prov::get  select * from objetivos where registro_id=20 and cumplido='0' [] []
[2019-06-02 17:57:31] api.DEBUG: DB_Prov::get  select * from objetivos where registro_id=20 and cumplido='0' [] []
[2019-06-02 17:57:34] api.DEBUG: PUT /objetivo/20 [] []
[2019-06-02 17:57:34] api.DEBUG: PUT-BODY=objetivos=visitar+McDonalds&fecha=05%2F18%2F2019+00%3A00%3A00&cumplido=1&registro_id=20 [] []
[2019-06-02 17:57:34] api.DEBUG: PUT-DATOS Array (     [objetivos] => visitar McDonalds     [fecha] => 05/18/2019 00:00:00     [cumplido] => 1     [registro_id] => 20 )  [] []
[2019-06-02 17:57:38] api.DEBUG: GET /objetivo/20 [] []
[2019-06-02 17:57:38] api.DEBUG: DB_Prov::get  select * from objetivos where registro_id=20 and cumplido='0' [] []
[2019-06-02 17:57:38] api.DEBUG: DB_Prov::get  select * from objetivos where registro_id=20 and cumplido='0' [] []
[2019-06-02 17:57:42] api.DEBUG: GET /objetivo/20 [] []
[2019-06-02 17:57:42] api.DEBUG: DB_Prov::get  select * from objetivos where registro_id=20 and cumplido='0' [] []
[2019-06-02 17:57:42] api.DEBUG: DB_Prov::get  select * from objetivos where registro_id=20 and cumplido='0' [] []
[2019-06-02 17:57:54] api.DEBUG: PUT /objetivo/20 [] []
[2019-06-02 17:57:54] api.DEBUG: PUT-BODY=objetivos=visitar+McDonalds&fecha=05%2F18%2F2019+00%3A00%3A00&cumplido=1&registro_id=20 [] []
[2019-06-02 17:57:54] api.DEBUG: PUT-DATOS Array (     [objetivos] => visitar McDonalds     [fecha] => 05/18/2019 00:00:00     [cumplido] => 1     [registro_id] => 20 )  [] []
[2019-06-02 17:58:27] api.DEBUG: GET /objetivo/20 [] []
[2019-06-02 17:58:27] api.DEBUG: DB_Prov::get  select * from objetivos where registro_id=20 and cumplido='0' [] []
[2019-06-02 17:58:27] api.DEBUG: DB_Prov::get  select * from objetivos where registro_id=20 and cumplido='0' [] []
[2019-06-02 17:58:30] api.DEBUG: PUT /objetivo/20 [] []
[2019-06-02 17:58:30] api.DEBUG: PUT-BODY=objetivos=visitar+McDonalds&fecha=05%2F18%2F2019+00%3A00%3A00&cumplido=1&registro_id=20 [] []
[2019-06-02 17:58:30] api.DEBUG: PUT-DATOS Array (     [objetivos] => visitar McDonalds     [fecha] => 05/18/2019 00:00:00     [cumplido] => 1     [registro_id] => 20 )  [] []
[2019-06-02 17:58:59] api.DEBUG: GET /objetivo/20 [] []
[2019-06-02 17:58:59] api.DEBUG: DB_Prov::get  select * from objetivos where registro_id=20 and cumplido='0' [] []
[2019-06-02 17:58:59] api.DEBUG: DB_Prov::get  select * from objetivos where registro_id=20 and cumplido='0' [] []
[2019-06-02 17:59:01] api.DEBUG: GET /objetivo/20 [] []
[2019-06-02 17:59:01] api.DEBUG: DB_Prov::get  select * from objetivos where registro_id=20 and cumplido='0' [] []
[2019-06-02 17:59:01] api.DEBUG: DB_Prov::get  select * from objetivos where registro_id=20 and cumplido='0' [] []
[2019-06-02 18:15:28] api.DEBUG: GET /objetivo/20 [] []
[2019-06-02 18:15:28] api.DEBUG: DB_Prov::get  select * from objetivos where registro_id=20 and cumplido='0' [] []
[2019-06-02 18:15:28] api.DEBUG: DB_Prov::get  select * from objetivos where registro_id=20 and cumplido='0' [] []
[2019-06-02 18:17:01] api.DEBUG: GET /objetivo/20 [] []
[2019-06-02 18:17:01] api.DEBUG: DB_Prov::get  select * from objetivos where registro_id=20 and cumplido='0' [] []
[2019-06-02 18:17:01] api.DEBUG: DB_Prov::get  select * from objetivos where registro_id=20 and cumplido='0' [] []
[2019-06-02 18:21:05] api.DEBUG: GET /objetivo/20 [] []
[2019-06-02 18:21:05] api.DEBUG: DB_Prov::get  select * from objetivos where registro_id=20 and cumplido='0' [] []
[2019-06-02 18:21:05] api.DEBUG: DB_Prov::get  select * from objetivos where registro_id=20 and cumplido='0' [] []
[2019-06-02 18:22:03] api.DEBUG: GET /objetivo/20 [] []
[2019-06-02 18:22:03] api.DEBUG: DB_Prov::get  select * from objetivos where registro_id=20 and cumplido='0' [] []
[2019-06-02 18:22:03] api.DEBUG: DB_Prov::get  select * from objetivos where registro_id=20 and cumplido='0' [] []
[2019-06-05 00:00:04] api.DEBUG: GET /objetivo/20 [] []
[2019-06-05 00:00:04] api.DEBUG: DB_Prov::get  select * from objetivos where registro_id=20 and cumplido='0' [] []
[2019-06-05 00:00:04] api.DEBUG: DB_Prov::get  select * from objetivos where registro_id=20 and cumplido='0' [] []
[2019-06-05 00:00:07] api.DEBUG: GET /objetivo/20 [] []
[2019-06-05 00:00:07] api.DEBUG: DB_Prov::get  select * from objetivos where registro_id=20 and cumplido='0' [] []
[2019-06-05 00:00:07] api.DEBUG: DB_Prov::get  select * from objetivos where registro_id=20 and cumplido='0' [] []
[2019-06-05 00:00:21] api.DEBUG: GET /objetivo/20 [] []
[2019-06-05 00:00:21] api.DEBUG: DB_Prov::get  select * from objetivos where registro_id=20 and cumplido='0' [] []
[2019-06-05 00:00:21] api.DEBUG: DB_Prov::get  select * from objetivos where registro_id=20 and cumplido='0' [] []
[2019-06-05 00:00:24] api.DEBUG: GET /objetivo/21 [] []
[2019-06-05 00:00:24] api.DEBUG: DB_Prov::get  select * from objetivos where registro_id=21 and cumplido='0' [] []
[2019-06-05 00:00:24] api.DEBUG: DB_Prov::get  select * from objetivos where registro_id=21 and cumplido='0' [] []
[2019-06-05 00:01:08] api.DEBUG: GET /objetivo/21 [] []
[2019-06-05 00:01:08] api.DEBUG: DB_Prov::get  select * from objetivos where registro_id=21 and cumplido='0' [] []
[2019-06-05 00:01:08] api.DEBUG: DB_Prov::get  select * from objetivos where registro_id=21 and cumplido='0' [] []
[2019-06-05 00:18:01] api.DEBUG: GET /objetivo/20 [] []
[2019-06-05 00:18:01] api.DEBUG: DB_Prov::get  select * from objetivos where registro_id=20 and cumplido='0' [] []
[2019-06-05 00:18:01] api.DEBUG: DB_Prov::get  select * from objetivos where registro_id=20 and cumplido='0' [] []
[2019-06-05 00:18:05] api.DEBUG: GET /objetivo/20 [] []
[2019-06-05 00:18:05] api.DEBUG: DB_Prov::get  select * from objetivos where registro_id=20 and cumplido='0' [] []
[2019-06-05 00:18:05] api.DEBUG: DB_Prov::get  select * from objetivos where registro_id=20 and cumplido='0' [] []
[2019-06-05 00:18:17] api.DEBUG: GET /objetivo/21 [] []
[2019-06-05 00:18:17] api.DEBUG: DB_Prov::get  select * from objetivos where registro_id=21 and cumplido='0' [] []
[2019-06-05 00:18:17] api.DEBUG: DB_Prov::get  select * from objetivos where registro_id=21 and cumplido='0' [] []
[2019-06-05 00:22:14] api.DEBUG: POST /objetivo [] []
[2019-06-05 00:22:14] api.DEBUG: POST-DATOS Array (     [objetivos] => hola     [fecha] => 2019-06-01     [registro_id] => 20 )  [] []
[2019-06-05 00:22:19] api.DEBUG: GET /objetivo/20 [] []
[2019-06-05 00:22:19] api.DEBUG: DB_Prov::get  select * from objetivos where registro_id=20 and cumplido='0' [] []
[2019-06-05 00:22:19] api.DEBUG: DB_Prov::get  select * from objetivos where registro_id=20 and cumplido='0' [] []
[2019-06-05 00:22:31] api.DEBUG: POST /objetivo [] []
[2019-06-05 00:22:31] api.DEBUG: POST-DATOS Array (     [objetivos] => ejejrjr     [fecha] => 2019-06-01     [registro_id] => 20 )  [] []
[2019-06-05 00:22:33] api.DEBUG: GET /objetivo/20 [] []
[2019-06-05 00:22:33] api.DEBUG: DB_Prov::get  select * from objetivos where registro_id=20 and cumplido='0' [] []
[2019-06-05 00:22:33] api.DEBUG: DB_Prov::get  select * from objetivos where registro_id=20 and cumplido='0' [] []
[2019-06-05 00:22:35] api.DEBUG: GET /objetivo/20 [] []
[2019-06-05 00:22:35] api.DEBUG: DB_Prov::get  select * from objetivos where registro_id=20 and cumplido='0' [] []
[2019-06-05 00:22:35] api.DEBUG: DB_Prov::get  select * from objetivos where registro_id=20 and cumplido='0' [] []
[2019-06-05 00:22:37] api.DEBUG: GET /objetivo/20 [] []
[2019-06-05 00:22:37] api.DEBUG: DB_Prov::get  select * from objetivos where registro_id=20 and cumplido='0' [] []
[2019-06-05 00:22:37] api.DEBUG: DB_Prov::get  select * from objetivos where registro_id=20 and cumplido='0' [] []
[2019-06-05 00:22:45] api.DEBUG: GET /objetivo/20 [] []
[2019-06-05 00:22:45] api.DEBUG: DB_Prov::get  select * from objetivos where registro_id=20 and cumplido='0' [] []
[2019-06-05 00:22:45] api.DEBUG: DB_Prov::get  select * from objetivos where registro_id=20 and cumplido='0' [] []
[2019-06-05 00:22:49] api.DEBUG: GET /objetivo/20 [] []
[2019-06-05 00:22:49] api.DEBUG: DB_Prov::get  select * from objetivos where registro_id=20 and cumplido='0' [] []
[2019-06-05 00:22:49] api.DEBUG: DB_Prov::get  select * from objetivos where registro_id=20 and cumplido='0' [] []
[2019-06-05 00:23:04] api.DEBUG: GET /objetivo/20 [] []
[2019-06-05 00:23:04] api.DEBUG: DB_Prov::get  select * from objetivos where registro_id=20 and cumplido='0' [] []
[2019-06-05 00:23:04] api.DEBUG: DB_Prov::get  select * from objetivos where registro_id=20 and cumplido='0' [] []
[2019-06-05 00:23:07] api.DEBUG: GET /objetivo/20 [] []
[2019-06-05 00:23:07] api.DEBUG: DB_Prov::get  select * from objetivos where registro_id=20 and cumplido='0' [] []
[2019-06-05 00:23:07] api.DEBUG: DB_Prov::get  select * from objetivos where registro_id=20 and cumplido='0' [] []
[2019-06-05 00:23:11] api.DEBUG: GET /objetivo/20 [] []
[2019-06-05 00:23:11] api.DEBUG: DB_Prov::get  select * from objetivos where registro_id=20 and cumplido='0' [] []
[2019-06-05 00:23:11] api.DEBUG: DB_Prov::get  select * from objetivos where registro_id=20 and cumplido='0' [] []
[2019-06-05 00:23:17] api.DEBUG: GET /objetivo/20 [] []
[2019-06-05 00:23:17] api.DEBUG: DB_Prov::get  select * from objetivos where registro_id=20 and cumplido='0' [] []
[2019-06-05 00:23:17] api.DEBUG: DB_Prov::get  select * from objetivos where registro_id=20 and cumplido='0' [] []
[2019-06-05 00:23:21] api.DEBUG: GET /objetivo/20 [] []
[2019-06-05 00:23:21] api.DEBUG: DB_Prov::get  select * from objetivos where registro_id=20 and cumplido='0' [] []
[2019-06-05 00:23:21] api.DEBUG: DB_Prov::get  select * from objetivos where registro_id=20 and cumplido='0' [] []
[2019-06-05 00:23:42] api.DEBUG: GET /objetivo/20 [] []
[2019-06-05 00:23:42] api.DEBUG: DB_Prov::get  select * from objetivos where registro_id=20 and cumplido='0' [] []
[2019-06-05 00:23:42] api.DEBUG: DB_Prov::get  select * from objetivos where registro_id=20 and cumplido='0' [] []
[2019-06-05 00:23:43] api.DEBUG: GET /objetivo/20 [] []
[2019-06-05 00:23:43] api.DEBUG: DB_Prov::get  select * from objetivos where registro_id=20 and cumplido='0' [] []
[2019-06-05 00:23:43] api.DEBUG: DB_Prov::get  select * from objetivos where registro_id=20 and cumplido='0' [] []
[2019-06-05 00:23:45] api.DEBUG: GET /objetivo/20 [] []
[2019-06-05 00:23:45] api.DEBUG: DB_Prov::get  select * from objetivos where registro_id=20 and cumplido='0' [] []
[2019-06-05 00:23:45] api.DEBUG: DB_Prov::get  select * from objetivos where registro_id=20 and cumplido='0' [] []
[2019-06-05 00:24:28] api.DEBUG: POST /objetivo [] []
[2019-06-05 00:24:28] api.DEBUG: POST-DATOS Array (     [objetivos] => hola     [fecha] => 2019-06-01     [registro_id] => 38 )  [] []
[2019-06-05 00:24:29] api.DEBUG: POST /objetivo [] []
[2019-06-05 00:24:29] api.DEBUG: POST-DATOS Array (     [objetivos] => hola     [fecha] => 2019-06-01     [registro_id] => 38 )  [] []
[2019-06-05 00:24:29] api.DEBUG: POST /objetivo [] []
[2019-06-05 00:24:29] api.DEBUG: POST-DATOS Array (     [objetivos] => hola     [fecha] => 2019-06-01     [registro_id] => 38 )  [] []
[2019-06-05 00:24:29] api.DEBUG: POST /objetivo [] []
[2019-06-05 00:24:29] api.DEBUG: POST-DATOS Array (     [objetivos] => hola     [fecha] => 2019-06-01     [registro_id] => 38 )  [] []
[2019-06-05 00:24:29] api.DEBUG: POST /objetivo [] []
[2019-06-05 00:24:29] api.DEBUG: POST-DATOS Array (     [objetivos] => hola     [fecha] => 2019-06-01     [registro_id] => 38 )  [] []
[2019-06-05 00:24:29] api.DEBUG: POST /objetivo [] []
[2019-06-05 00:24:29] api.DEBUG: POST-DATOS Array (     [objetivos] => hola     [fecha] => 2019-06-01     [registro_id] => 38 )  [] []
[2019-06-05 00:24:30] api.DEBUG: POST /objetivo [] []
[2019-06-05 00:24:30] api.DEBUG: POST-DATOS Array (     [objetivos] => hola     [fecha] => 2019-06-01     [registro_id] => 38 )  [] []
[2019-06-05 00:24:30] api.DEBUG: POST /objetivo [] []
[2019-06-05 00:24:30] api.DEBUG: POST-DATOS Array (     [objetivos] => hola     [fecha] => 2019-06-01     [registro_id] => 38 )  [] []
[2019-06-05 00:24:34] api.DEBUG: GET /objetivo/38 [] []
[2019-06-05 00:24:34] api.DEBUG: DB_Prov::get  select * from objetivos where registro_id=38 and cumplido='0' [] []
[2019-06-05 00:38:29] api.DEBUG: GET /objetivo/21 [] []
[2019-06-05 00:38:29] api.DEBUG: DB_Prov::get  select * from objetivos where registro_id=21 and cumplido='0' [] []
[2019-06-05 00:38:29] api.DEBUG: DB_Prov::get  select * from objetivos where registro_id=21 and cumplido='0' [] []
[2019-06-05 00:42:53] api.DEBUG: GET /objetivo/21 [] []
[2019-06-05 00:42:53] api.DEBUG: DB_Prov::get  select * from objetivos where registro_id=21 and cumplido='0' [] []
[2019-06-05 00:42:53] api.DEBUG: DB_Prov::get  select * from objetivos where registro_id=21 and cumplido='0' [] []
[2019-06-05 00:48:25] api.DEBUG: GET /objetivo/21 [] []
[2019-06-05 00:48:25] api.DEBUG: DB_Prov::get  select * from objetivos where registro_id=21 and cumplido='0' [] []
[2019-06-05 00:48:25] api.DEBUG: DB_Prov::get  select * from objetivos where registro_id=21 and cumplido='0' [] []
[2019-06-05 00:49:17] api.DEBUG: GET /objetivo/21 [] []
[2019-06-05 00:49:17] api.DEBUG: DB_Prov::get  select * from objetivos where registro_id=21 and cumplido='0' [] []
[2019-06-05 00:49:17] api.DEBUG: DB_Prov::get  select * from objetivos where registro_id=21 and cumplido='0' [] []
[2019-06-05 00:50:07] api.DEBUG: GET /objetivo/21 [] []
[2019-06-05 00:50:07] api.DEBUG: DB_Prov::get  select * from objetivos where registro_id=21 and cumplido='0' [] []
[2019-06-05 00:50:07] api.DEBUG: DB_Prov::get  select * from objetivos where registro_id=21 and cumplido='0' [] []
[2019-06-05 00:52:34] api.DEBUG: GET /objetivo/21 [] []
[2019-06-05 00:52:34] api.DEBUG: DB_Prov::get  select * from objetivos where registro_id=21 and cumplido='0' [] []
[2019-06-05 00:52:34] api.DEBUG: DB_Prov::get  select * from objetivos where registro_id=21 and cumplido='0' [] []
[2019-06-05 00:53:55] api.DEBUG: GET /objetivo/21 [] []
[2019-06-05 00:53:55] api.DEBUG: DB_Prov::get  select * from objetivos where registro_id=21 and cumplido='0' [] []
[2019-06-05 00:53:55] api.DEBUG: DB_Prov::get  select * from objetivos where registro_id=21 and cumplido='0' [] []
[2019-06-05 00:56:01] api.DEBUG: GET /objetivo/21 [] []
[2019-06-05 00:56:01] api.DEBUG: DB_Prov::get  select * from objetivos where registro_id=21 and cumplido='0' [] []
[2019-06-05 00:56:01] api.DEBUG: DB_Prov::get  select * from objetivos where registro_id=21 and cumplido='0' [] []
[2019-06-05 00:57:07] api.DEBUG: GET /objetivo/21 [] []
[2019-06-05 00:57:07] api.DEBUG: DB_Prov::get  select * from objetivos where registro_id=21 and cumplido='0' [] []
[2019-06-05 00:57:07] api.DEBUG: DB_Prov::get  select * from objetivos where registro_id=21 and cumplido='0' [] []
[2019-06-05 00:58:24] api.DEBUG: GET /objetivo/21 [] []
[2019-06-05 00:58:24] api.DEBUG: DB_Prov::get  select * from objetivos where registro_id=21 and cumplido='0' [] []
[2019-06-05 00:58:24] api.DEBUG: DB_Prov::get  select * from objetivos where registro_id=21 and cumplido='0' [] []
[2019-06-05 01:00:06] api.DEBUG: GET /objetivo/21 [] []
[2019-06-05 01:00:06] api.DEBUG: DB_Prov::get  select * from objetivos where registro_id=21 and cumplido='0' [] []
[2019-06-05 01:00:06] api.DEBUG: DB_Prov::get  select * from objetivos where registro_id=21 and cumplido='0' [] []
[2019-06-05 01:01:28] api.DEBUG: GET /objetivo/21 [] []
[2019-06-05 01:01:28] api.DEBUG: DB_Prov::get  select * from objetivos where registro_id=21 and cumplido='0' [] []
[2019-06-05 01:01:28] api.DEBUG: DB_Prov::get  select * from objetivos where registro_id=21 and cumplido='0' [] []
[2019-06-05 01:02:55] api.DEBUG: GET /objetivo/21 [] []
[2019-06-05 01:02:55] api.DEBUG: DB_Prov::get  select * from objetivos where registro_id=21 and cumplido='0' [] []
[2019-06-05 01:02:55] api.DEBUG: DB_Prov::get  select * from objetivos where registro_id=21 and cumplido='0' [] []
[2019-06-05 01:06:42] api.DEBUG: GET /objetivo/21 [] []
[2019-06-05 01:06:42] api.DEBUG: DB_Prov::get  select * from objetivos where registro_id=21 and cumplido='0' [] []
[2019-06-05 01:06:42] api.DEBUG: DB_Prov::get  select * from objetivos where registro_id=21 and cumplido='0' [] []
[2019-06-05 01:08:07] api.DEBUG: GET /objetivo/21 [] []
[2019-06-05 01:08:07] api.DEBUG: DB_Prov::get  select * from objetivos where registro_id=21 and cumplido='0' [] []
[2019-06-05 01:08:07] api.DEBUG: DB_Prov::get  select * from objetivos where registro_id=21 and cumplido='0' [] []
[2019-06-05 01:11:26] api.DEBUG: GET /objetivo/21 [] []
[2019-06-05 01:11:26] api.DEBUG: DB_Prov::get  select * from objetivos where registro_id=21 and cumplido='0' [] []
[2019-06-05 01:11:26] api.DEBUG: DB_Prov::get  select * from objetivos where registro_id=21 and cumplido='0' [] []
[2019-06-05 01:12:51] api.DEBUG: GET /objetivo/21 [] []
[2019-06-05 01:12:51] api.DEBUG: DB_Prov::get  select * from objetivos where registro_id=21 and cumplido='0' [] []
[2019-06-05 01:12:51] api.DEBUG: DB_Prov::get  select * from objetivos where registro_id=21 and cumplido='0' [] []
[2019-06-05 01:14:43] api.DEBUG: GET /objetivo/27 [] []
[2019-06-05 01:14:43] api.DEBUG: DB_Prov::get  select * from objetivos where registro_id=27 and cumplido='0' [] []
[2019-06-05 01:14:43] api.DEBUG: DB_Prov::get  select * from objetivos where registro_id=40 and cumplido='0' [] []
[2019-06-05 01:15:01] api.DEBUG: POST /objetivo [] []
[2019-06-05 01:15:01] api.DEBUG: POST-DATOS Array (     [objetivos] => dfs     [fecha] => 2019-06-01     [registro_id] => 20 )  [] []
[2019-06-05 01:15:04] api.DEBUG: GET /objetivo/20 [] []
[2019-06-05 01:15:04] api.DEBUG: DB_Prov::get  select * from objetivos where registro_id=20 and cumplido='0' [] []
[2019-06-05 01:15:04] api.DEBUG: DB_Prov::get  select * from objetivos where registro_id=20 and cumplido='0' [] []
[2019-06-05 01:15:22] api.DEBUG: POST /objetivo [] []
[2019-06-05 01:15:22] api.DEBUG: POST-DATOS Array (     [objetivos] => asfsf     [fecha] => 2019-06-01     [registro_id] => 20 )  [] []
[2019-06-05 01:15:28] api.DEBUG: GET /objetivo/20 [] []
[2019-06-05 01:15:28] api.DEBUG: DB_Prov::get  select * from objetivos where registro_id=20 and cumplido='0' [] []
[2019-06-05 01:15:28] api.DEBUG: DB_Prov::get  select * from objetivos where registro_id=20 and cumplido='0' [] []
[2019-06-05 01:15:39] api.DEBUG: GET /objetivo/30 [] []
[2019-06-05 01:15:39] api.DEBUG: DB_Prov::get  select * from objetivos where registro_id=30 and cumplido='0' [] []
[2019-06-05 01:15:39] api.DEBUG: DB_Prov::get  select * from objetivos where registro_id=40 and cumplido='0' [] []
[2019-06-05 01:15:53] api.DEBUG: GET /objetivo/40 [] []
[2019-06-05 01:15:53] api.DEBUG: DB_Prov::get  select * from objetivos where registro_id=40 and cumplido='0' [] []
[2019-06-05 01:15:53] api.DEBUG: DB_Prov::get  select * from objetivos where registro_id=40 and cumplido='0' [] []
[2019-06-05 01:15:56] api.DEBUG: GET /objetivo/38 [] []
[2019-06-05 01:15:56] api.DEBUG: DB_Prov::get  select * from objetivos where registro_id=38 and cumplido='0' [] []
[2019-06-05 01:15:56] api.DEBUG: DB_Prov::get  select * from objetivos where registro_id=40 and cumplido='0' [] []
[2019-06-05 01:16:37] api.DEBUG: GET /objetivo/24 [] []
[2019-06-05 01:16:37] api.DEBUG: DB_Prov::get  select * from objetivos where registro_id=24 and cumplido='0' [] []
[2019-06-05 01:16:37] api.DEBUG: DB_Prov::get  select * from objetivos where registro_id=40 and cumplido='0' [] []
[2019-06-05 01:19:24] api.DEBUG: GET /objetivo/22 [] []
[2019-06-05 01:19:24] api.DEBUG: DB_Prov::get  select * from objetivos where registro_id=22 and cumplido='0' [] []
[2019-06-05 01:19:24] api.DEBUG: DB_Prov::get  select * from objetivos where registro_id=22 and cumplido='0' [] []
[2019-06-05 01:19:44] api.DEBUG: GET /objetivo/25 [] []
[2019-06-05 01:19:44] api.DEBUG: DB_Prov::get  select * from objetivos where registro_id=25 and cumplido='0' [] []
[2019-06-05 01:19:44] api.DEBUG: DB_Prov::get  select * from objetivos where registro_id=40 and cumplido='0' [] []
[2019-06-05 01:19:49] api.DEBUG: GET /objetivo/26 [] []
[2019-06-05 01:19:49] api.DEBUG: DB_Prov::get  select * from objetivos where registro_id=26 and cumplido='0' [] []
[2019-06-05 01:19:49] api.DEBUG: DB_Prov::get  select * from objetivos where registro_id=40 and cumplido='0' [] []
[2019-06-05 01:19:53] api.DEBUG: GET /objetivo/22 [] []
[2019-06-05 01:19:53] api.DEBUG: DB_Prov::get  select * from objetivos where registro_id=22 and cumplido='0' [] []
[2019-06-05 01:19:53] api.DEBUG: DB_Prov::get  select * from objetivos where registro_id=22 and cumplido='0' [] []
[2019-06-05 01:20:14] api.DEBUG: GET /objetivo/20 [] []
[2019-06-05 01:20:14] api.DEBUG: DB_Prov::get  select * from objetivos where registro_id=20 and cumplido='0' [] []
[2019-06-05 01:20:14] api.DEBUG: DB_Prov::get  select * from objetivos where registro_id=20 and cumplido='0' [] []
[2019-06-05 01:21:14] api.DEBUG: GET /objetivo/23 [] []
[2019-06-05 01:21:14] api.DEBUG: DB_Prov::get  select * from objetivos where registro_id=23 and cumplido='0' [] []
[2019-06-05 01:21:14] api.DEBUG: DB_Prov::get  select * from objetivos where registro_id=40 and cumplido='0' [] []
[2019-06-05 01:23:23] api.DEBUG: GET /objetivo/21 [] []
[2019-06-05 01:23:23] api.DEBUG: DB_Prov::get  select * from objetivos where registro_id=21 and cumplido='0' [] []
[2019-06-05 01:23:23] api.DEBUG: DB_Prov::get  select * from objetivos where registro_id=21 and cumplido='0' [] []
[2019-06-05 01:23:25] api.DEBUG: GET /objetivo/21 [] []
[2019-06-05 01:23:25] api.DEBUG: DB_Prov::get  select * from objetivos where registro_id=21 and cumplido='0' [] []
[2019-06-05 01:23:25] api.DEBUG: DB_Prov::get  select * from objetivos where registro_id=21 and cumplido='0' [] []
[2019-06-05 01:23:27] api.DEBUG: GET /objetivo/20 [] []
[2019-06-05 01:23:27] api.DEBUG: DB_Prov::get  select * from objetivos where registro_id=20 and cumplido='0' [] []
[2019-06-05 01:23:27] api.DEBUG: DB_Prov::get  select * from objetivos where registro_id=20 and cumplido='0' [] []
[2019-06-05 01:23:31] api.DEBUG: GET /objetivo/24 [] []
[2019-06-05 01:23:31] api.DEBUG: DB_Prov::get  select * from objetivos where registro_id=24 and cumplido='0' [] []
[2019-06-05 01:23:31] api.DEBUG: DB_Prov::get  select * from objetivos where registro_id=40 and cumplido='0' [] []
[2019-06-05 01:23:34] api.DEBUG: GET /objetivo/22 [] []
[2019-06-05 01:23:34] api.DEBUG: DB_Prov::get  select * from objetivos where registro_id=22 and cumplido='0' [] []
[2019-06-05 01:23:34] api.DEBUG: DB_Prov::get  select * from objetivos where registro_id=22 and cumplido='0' [] []
[2019-06-05 01:25:54] api.DEBUG: POST /objetivo [] []
[2019-06-05 01:25:54] api.DEBUG: POST-DATOS Array (     [objetivos] => pruebaasd     [fecha] => 2019-05-21     [registro_id] => 21 )  [] []
[2019-06-05 01:26:55] api.DEBUG: POST /objetivo [] []
[2019-06-05 01:26:55] api.DEBUG: POST-DATOS Array (     [objetivos] => pruebaasd     [fecha] => 2019-05-21     [cumplido] => 0     [registro_id] => 21 )  [] []
[2019-06-05 01:28:11] api.DEBUG: POST /objetivo [] []
[2019-06-05 01:28:11] api.DEBUG: POST-DATOS Array (     [objetivos] => pruebaasd     [fecha] => 2019-05-21     [cumplido] => 0     [registro_id] => 21 )  [] []
[2019-06-05 01:29:03] api.DEBUG: POST /objetivo [] []
[2019-06-05 01:29:03] api.DEBUG: POST-DATOS Array (     [objetivos] => pruebaasd     [fecha] => 2019-05-21     [cumplido] => 0     [registro_id] => 21 )  [] []
[2019-06-05 01:30:41] api.DEBUG: POST /objetivo [] []
[2019-06-05 01:30:41] api.DEBUG: POST-DATOS Array (     [objetivos] => pruebaasd     [fecha] => 2019-05-21     [cumplido] => 0     [registro_id] => 21 )  [] []
[2019-06-05 01:31:45] api.DEBUG: POST /objetivo [] []
[2019-06-05 01:31:45] api.DEBUG: POST-DATOS Array (     [objetivos] => pruebaasd     [fecha] => 21-05-2019     [cumplido] => 0     [registro_id] => 21 )  [] []
[2019-06-05 01:31:58] api.DEBUG: POST /objetivo [] []
[2019-06-05 01:31:58] api.DEBUG: POST-DATOS Array (     [objetivos] => pruebaasd     [fecha] => 2019-05-21     [cumplido] => 0     [registro_id] => 21 )  [] []
[2019-06-05 01:33:45] api.DEBUG: POST /objetivo [] []
[2019-06-05 01:33:45] api.DEBUG: POST-DATOS Array (     [objetivos] => pruebaasd     [fecha] => 2019-05-21     [cumplido] => 0     [registro_id] => 21 )  [] []
[2019-06-05 01:35:03] api.DEBUG: POST /objetivo [] []
[2019-06-05 01:35:03] api.DEBUG: POST-DATOS Array (     [objetivos] => sdfsf1:34     [fecha] => 2019-06-01     [cumplido] => 0     [registro_id] => 23 )  [] []
[2019-06-05 01:35:09] api.DEBUG: GET /objetivo/23 [] []
[2019-06-05 01:35:09] api.DEBUG: DB_Prov::get  select * from objetivos where registro_id=23 and cumplido='0' [] []
[2019-06-05 01:35:09] api.DEBUG: DB_Prov::get  select * from objetivos where registro_id=40 and cumplido='0' [] []
[2019-06-05 01:35:40] api.DEBUG: POST /objetivo [] []
[2019-06-05 01:35:40] api.DEBUG: POST-DATOS Array (     [objetivos] => pruebaasd     [fecha] => 2019-05-21     [cumplido] => 0     [registro_id] => 21 )  [] []
[2019-06-05 01:37:02] api.DEBUG: POST /objetivo [] []
[2019-06-05 01:37:02] api.DEBUG: POST-DATOS Array (     [objetivos] => holaLuna     [fecha] => 2019-06-01     [cumplido] => 0     [registro_id] => 21 )  [] []
[2019-06-05 01:37:09] api.DEBUG: POST /objetivo [] []
[2019-06-05 01:37:09] api.DEBUG: POST-DATOS Array (     [objetivos] => holaLuna     [fecha] => 2019-06-01     [cumplido] => 0     [registro_id] => 23 )  [] []
[2019-06-05 01:37:33] api.DEBUG: GET /objetivo/22 [] []
[2019-06-05 01:37:33] api.DEBUG: DB_Prov::get  select * from objetivos where registro_id=22 and cumplido='0' [] []
[2019-06-05 01:37:33] api.DEBUG: DB_Prov::get  select * from objetivos where registro_id=22 and cumplido='0' [] []
[2019-06-05 01:37:37] api.DEBUG: GET /objetivo/23 [] []
[2019-06-05 01:37:37] api.DEBUG: DB_Prov::get  select * from objetivos where registro_id=23 and cumplido='0' [] []
[2019-06-05 01:37:37] api.DEBUG: DB_Prov::get  select * from objetivos where registro_id=40 and cumplido='0' [] []
[2019-06-05 01:38:02] api.DEBUG: POST /objetivo [] []
[2019-06-05 01:38:02] api.DEBUG: POST-DATOS Array (     [objetivos] => pruebaasd     [fecha] => 2019-05-21     [cumplido] => 0     [registro_id] => 21 )  [] []
[2019-06-05 01:38:27] api.DEBUG: POST /objetivo [] []
[2019-06-05 01:38:27] api.DEBUG: POST-DATOS Array (     [objetivos] => pruebaasd     [cumplido] => 0     [registro_id] => 21 )  [] []
[2019-06-05 01:38:39] api.DEBUG: POST /objetivo [] []
[2019-06-05 01:38:39] api.DEBUG: POST-DATOS Array (     [objetivos] => pruebaasd     [fecha] => 2019/05/21     [cumplido] => 0     [registro_id] => 21 )  [] []
[2019-06-05 01:39:13] api.DEBUG: POST /objetivo [] []
[2019-06-05 01:39:13] api.DEBUG: POST-DATOS Array (     [objetivos] => pruebaasd     [fecha] => 2019/05/21     [cumplido] => 0     [registro_id] => 21 )  [] []
[2019-06-05 01:39:18] api.DEBUG: POST /objetivo [] []
[2019-06-05 01:39:18] api.DEBUG: POST-DATOS Array (     [objetivos] => pruebaasd     [fecha] => 2019/05/21     [cumplido] => 0     [registro_id] => 21 )  [] []
[2019-06-05 01:39:49] api.DEBUG: POST /objetivo [] []
[2019-06-05 01:39:49] api.DEBUG: POST-DATOS Array (     [objetivos] => pruebaasd     [fecha] => 2019/05/21     [cumplido] => 0     [registro_id] => 21 )  [] []
[2019-06-05 01:39:58] api.DEBUG: POST /objetivo [] []
[2019-06-05 01:39:58] api.DEBUG: POST-DATOS Array (     [objetivos] => pruebaasd     [fecha] => 2019/05/21     [cumplido] => 0     [registro_id] => 21 )  [] []
[2019-06-05 01:40:22] api.DEBUG: POST /objetivo [] []
[2019-06-05 01:40:22] api.DEBUG: POST-DATOS Array (     [objetivos] => pruebaasd     [fecha] => 2019-05-21     [cumplido] => 0     [registro_id] => 21 )  [] []
[2019-06-05 01:40:27] api.DEBUG: POST /objetivo [] []
[2019-06-05 01:40:27] api.DEBUG: POST-DATOS Array (     [objetivos] => prueba     [fecha] => 2019-05-21     [cumplido] => 0     [registro_id] => 21 )  [] []
[2019-06-05 01:40:38] api.DEBUG: POST /objetivo [] []
[2019-06-05 01:40:38] api.DEBUG: POST-DATOS Array (     [objetivos] => prueba     [fecha] => 2019-05-21     [cumplido] => 0     [registro_id] => 21 )  [] []
[2019-06-05 01:40:55] api.DEBUG: POST /objetivo [] []
[2019-06-05 01:40:55] api.DEBUG: POST-DATOS Array (     [objetivos] => prueba     [fecha] => 2019-05-21     [registro_id] => 20 )  [] []
[2019-06-05 01:41:14] api.DEBUG: POST /objetivo [] []
[2019-06-05 01:41:14] api.DEBUG: POST-DATOS Array (     [objetivos] => prueba     [fecha] => 2019-05-21     [cumplido] => 1     [registro_id] => 20 )  [] []
[2019-06-05 01:41:35] api.DEBUG: POST /objetivo [] []
[2019-06-05 01:41:35] api.DEBUG: POST-DATOS Array (     [objetivos] => prueba     [fecha] => 2019-05-21     [registro_id] => 20 )  [] []
[2019-06-05 01:43:34] api.DEBUG: POST /objetivo [] []
[2019-06-05 01:43:34] api.DEBUG: POST-DATOS Array (     [objetivos] => prueba     [fecha] => 2019-05-21     [cumplido] => 1     [registro_id] => 20 )  [] []
[2019-06-05 01:43:34] api.DEBUG: DB_Prov::add  insert into objetivos (objetivos,fecha,cumplido,registro_id) values ('prueba','2019-05-21','1','20') [] []
[2019-06-05 01:43:49] api.DEBUG: POST /objetivo [] []
[2019-06-05 01:43:49] api.DEBUG: POST-DATOS Array (     [objetivos] => 65622     [fecha] => 2019-06-01     [cumplido] => 0     [registro_id] => 23 )  [] []
[2019-06-05 01:43:49] api.DEBUG: DB_Prov::add  insert into objetivos (objetivos,fecha,cumplido,registro_id) values ('65622','2019-06-01','0','23') [] []
[2019-06-05 01:43:53] api.DEBUG: GET /objetivo/23 [] []
[2019-06-05 01:43:53] api.DEBUG: DB_Prov::get  select * from objetivos where registro_id=23 and cumplido='0' [] []
[2019-06-05 01:43:53] api.DEBUG: DB_Prov::get  select * from objetivos where registro_id=23 and cumplido='0' [] []
[2019-06-05 01:44:06] api.DEBUG: GET /objetivo/23 [] []
[2019-06-05 01:44:06] api.DEBUG: DB_Prov::get  select * from objetivos where registro_id=23 and cumplido='0' [] []
[2019-06-05 01:44:06] api.DEBUG: DB_Prov::get  select * from objetivos where registro_id=23 and cumplido='0' [] []
[2019-06-05 01:46:12] api.DEBUG: GET /objetivo/20 [] []
[2019-06-05 01:46:12] api.DEBUG: DB_Prov::get  select * from objetivos where registro_id=20 and cumplido='0' [] []
[2019-06-05 01:46:12] api.DEBUG: DB_Prov::get  select * from objetivos where registro_id=20 and cumplido='0' [] []
[2019-06-07 17:57:02] api.DEBUG: GET /objetivo/20 [] []
[2019-06-07 17:57:02] api.DEBUG: DB_Prov::get  select * from objetivos where registro_id=20 and cumplido='0' [] []
[2019-06-07 17:57:02] api.DEBUG: DB_Prov::get  select * from objetivos where registro_id=20 and cumplido='0' [] []
[2019-06-07 17:57:04] api.DEBUG: GET /objetivo/20 [] []
[2019-06-07 17:57:04] api.DEBUG: DB_Prov::get  select * from objetivos where registro_id=20 and cumplido='0' [] []
[2019-06-07 17:57:04] api.DEBUG: DB_Prov::get  select * from objetivos where registro_id=20 and cumplido='0' [] []
[2019-06-07 17:57:18] api.DEBUG: GET /objetivo/30 [] []
[2019-06-07 17:57:18] api.DEBUG: DB_Prov::get  select * from objetivos where registro_id=30 and cumplido='0' [] []
[2019-06-07 17:57:18] api.DEBUG: DB_Prov::get  select * from objetivos where registro_id=40 and cumplido='0' [] []
[2019-06-07 17:57:26] api.DEBUG: GET /objetivo/21 [] []
[2019-06-07 17:57:26] api.DEBUG: DB_Prov::get  select * from objetivos where registro_id=21 and cumplido='0' [] []
[2019-06-07 17:57:26] api.DEBUG: DB_Prov::get  select * from objetivos where registro_id=21 and cumplido='0' [] []
[2019-06-07 17:57:29] api.DEBUG: GET /objetivo/23 [] []
[2019-06-07 17:57:29] api.DEBUG: DB_Prov::get  select * from objetivos where registro_id=23 and cumplido='0' [] []
[2019-06-07 17:57:29] api.DEBUG: DB_Prov::get  select * from objetivos where registro_id=23 and cumplido='0' [] []
[2019-06-07 18:49:55] api.DEBUG: GET /objetivo/40 [] []
[2019-06-07 18:49:55] api.DEBUG: DB_Prov::get  select * from objetivos where registro_id=40 and cumplido='0' [] []
[2019-06-07 18:49:55] api.DEBUG: DB_Prov::get  select * from objetivos where registro_id=40 and cumplido='0' [] []
[2019-06-07 18:50:00] api.DEBUG: GET /objetivo/40 [] []
[2019-06-07 18:50:00] api.DEBUG: DB_Prov::get  select * from objetivos where registro_id=40 and cumplido='0' [] []
[2019-06-07 18:50:00] api.DEBUG: DB_Prov::get  select * from objetivos where registro_id=40 and cumplido='0' [] []
[2019-06-07 18:50:33] api.DEBUG: POST /objetivo [] []
[2019-06-07 18:50:33] api.DEBUG: POST-DATOS Array (     [objetivos] => objetivo de Prueba     [fecha] => 2019-06-01     [cumplido] => 0     [registro_id] => 38 )  [] []
[2019-06-07 18:50:33] api.DEBUG: DB_Prov::add  insert into objetivos (objetivos,fecha,cumplido,registro_id) values ('objetivo de Prueba','2019-06-01','0','38') [] []
[2019-06-07 18:50:36] api.DEBUG: GET /objetivo/40 [] []
[2019-06-07 18:50:36] api.DEBUG: DB_Prov::get  select * from objetivos where registro_id=40 and cumplido='0' [] []
[2019-06-07 18:50:36] api.DEBUG: DB_Prov::get  select * from objetivos where registro_id=40 and cumplido='0' [] []
[2019-06-07 18:51:00] api.DEBUG: GET /objetivo/20 [] []
[2019-06-07 18:51:00] api.DEBUG: DB_Prov::get  select * from objetivos where registro_id=20 and cumplido='0' [] []
[2019-06-07 18:51:00] api.DEBUG: DB_Prov::get  select * from objetivos where registro_id=20 and cumplido='0' [] []
[2019-06-07 18:54:11] api.DEBUG: GET /objetivo/20 [] []
[2019-06-07 18:54:11] api.DEBUG: DB_Prov::get  select * from objetivos where registro_id=20 and cumplido='0' [] []
[2019-06-07 18:54:11] api.DEBUG: DB_Prov::get  select * from objetivos where registro_id=20 and cumplido='0' [] []
[2019-06-07 19:00:41] api.DEBUG: GET /objetivo/20 [] []
[2019-06-07 19:00:41] api.DEBUG: DB_Prov::get  select * from objetivos where registro_id=20 and cumplido='0' [] []
[2019-06-07 19:00:41] api.DEBUG: DB_Prov::get  select * from objetivos where registro_id=20 and cumplido='0' [] []
[2019-06-09 15:46:05] api.DEBUG: GET /objetivo/20 [] []
[2019-06-09 15:46:06] api.DEBUG: DB_Prov::get  select * from objetivos where registro_id=20 and cumplido='0' [] []
[2019-06-09 15:46:06] api.DEBUG: DB_Prov::get  select * from objetivos where registro_id=20 and cumplido='0' [] []
[2019-06-09 15:47:58] api.DEBUG: GET /objetivo/20 [] []
[2019-06-09 15:47:58] api.DEBUG: DB_Prov::get  select * from objetivos where registro_id=20 and cumplido='0' [] []
[2019-06-09 15:47:58] api.DEBUG: DB_Prov::get  select * from objetivos where registro_id=20 and cumplido='0' [] []
[2019-06-09 15:50:59] api.DEBUG: GET /objetivo/20 [] []
[2019-06-09 15:50:59] api.DEBUG: DB_Prov::get  select * from objetivos where registro_id=20 and cumplido='0' [] []
[2019-06-09 15:50:59] api.DEBUG: DB_Prov::get  select * from objetivos where registro_id=20 and cumplido='0' [] []
[2019-06-09 17:59:31] api.DEBUG: GET /objetivo/20 [] []
[2019-06-09 17:59:31] api.DEBUG: DB_Prov::get  select * from objetivos where registro_id=20 and cumplido='0' [] []
[2019-06-09 17:59:31] api.DEBUG: DB_Prov::get  select * from objetivos where registro_id=20 and cumplido='0' [] []
[2019-06-09 17:59:37] api.DEBUG: GET /objetivo/20 [] []
[2019-06-09 17:59:37] api.DEBUG: DB_Prov::get  select * from objetivos where registro_id=20 and cumplido='0' [] []
[2019-06-09 17:59:37] api.DEBUG: DB_Prov::get  select * from objetivos where registro_id=20 and cumplido='0' [] []
[2019-06-09 18:08:53] api.DEBUG: GET /objetivo/20 [] []
[2019-06-09 18:08:53] api.DEBUG: DB_Prov::get  select * from objetivos where registro_id=20 and cumplido='0' [] []
[2019-06-09 18:08:53] api.DEBUG: DB_Prov::get  select * from objetivos where registro_id=20 and cumplido='0' [] []
[2019-06-09 18:10:04] api.DEBUG: GET /objetivo/20 [] []
[2019-06-09 18:10:04] api.DEBUG: DB_Prov::get  select * from objetivos where registro_id=20 and cumplido='0' [] []
[2019-06-09 18:10:04] api.DEBUG: DB_Prov::get  select * from objetivos where registro_id=20 and cumplido='0' [] []
[2019-06-09 18:15:36] api.DEBUG: GET /objetivo/20 [] []
[2019-06-09 18:15:36] api.DEBUG: DB_Prov::get  select * from objetivos where registro_id=20 and cumplido='0' [] []
[2019-06-09 18:15:36] api.DEBUG: DB_Prov::get  select * from objetivos where registro_id=20 and cumplido='0' [] []
[2019-06-09 18:23:00] api.DEBUG: GET /objetivo/20 [] []
[2019-06-09 18:23:00] api.DEBUG: DB_Prov::get  select * from objetivos where registro_id=20 and cumplido='0' [] []
[2019-06-09 18:23:00] api.DEBUG: DB_Prov::get  select * from objetivos where registro_id=20 and cumplido='0' [] []
[2019-06-09 18:23:35] api.DEBUG: GET /objetivo/20 [] []
[2019-06-09 18:23:35] api.DEBUG: DB_Prov::get  select * from objetivos where registro_id=20 and cumplido='0' [] []
[2019-06-09 18:23:35] api.DEBUG: DB_Prov::get  select * from objetivos where registro_id=20 and cumplido='0' [] []
[2019-06-09 18:24:31] api.DEBUG: GET /objetivo/20 [] []
[2019-06-09 18:24:31] api.DEBUG: DB_Prov::get  select * from objetivos where registro_id=20 and cumplido='0' [] []
[2019-06-09 18:24:31] api.DEBUG: DB_Prov::get  select * from objetivos where registro_id=20 and cumplido='0' [] []
[2019-06-10 17:28:16] api.DEBUG: GET /objetivo/20 [] []
[2019-06-10 17:28:16] api.DEBUG: DB_Prov::get  select * from objetivos where registro_id=20 and cumplido='0' [] []
[2019-06-10 17:28:16] api.DEBUG: DB_Prov::get  select * from objetivos where registro_id=20 and cumplido='0' [] []
[2019-06-10 17:28:28] api.DEBUG: GET /objetivo/20 [] []
[2019-06-10 17:28:28] api.DEBUG: DB_Prov::get  select * from objetivos where registro_id=20 and cumplido='0' [] []
[2019-06-10 17:28:28] api.DEBUG: DB_Prov::get  select * from objetivos where registro_id=20 and cumplido='0' [] []
[2019-06-10 17:29:01] api.DEBUG: GET /objetivo/20 [] []
[2019-06-10 17:29:01] api.DEBUG: DB_Prov::get  select * from objetivos where registro_id=20 and cumplido='0' [] []
[2019-06-10 17:29:01] api.DEBUG: DB_Prov::get  select * from objetivos where registro_id=20 and cumplido='0' [] []
[2019-06-10 17:29:12] api.DEBUG: GET /objetivo/20 [] []
[2019-06-10 17:29:12] api.DEBUG: DB_Prov::get  select * from objetivos where registro_id=20 and cumplido='0' [] []
[2019-06-10 17:29:12] api.DEBUG: DB_Prov::get  select * from objetivos where registro_id=20 and cumplido='0' [] []
[2019-06-10 17:29:25] api.DEBUG: GET /objetivo/20 [] []
[2019-06-10 17:29:25] api.DEBUG: DB_Prov::get  select * from objetivos where registro_id=20 and cumplido='0' [] []
[2019-06-10 17:29:25] api.DEBUG: DB_Prov::get  select * from objetivos where registro_id=20 and cumplido='0' [] []
[2019-06-10 17:30:58] api.DEBUG: POST /objetivo [] []
[2019-06-10 17:30:58] api.DEBUG: POST-DATOS Array (     [objetivos] => hola     [fecha] => 2019-06-01     [cumplido] => 0     [registro_id] => 20 )  [] []
[2019-06-10 17:30:58] api.DEBUG: DB_Prov::add  insert into objetivos (objetivos,fecha,cumplido,registro_id) values ('hola','2019-06-01','0','20') [] []
[2019-06-10 17:31:02] api.DEBUG: GET /objetivo/23 [] []
[2019-06-10 17:31:02] api.DEBUG: DB_Prov::get  select * from objetivos where registro_id=23 and cumplido='0' [] []
[2019-06-10 17:31:02] api.DEBUG: DB_Prov::get  select * from objetivos where registro_id=23 and cumplido='0' [] []
[2019-06-10 17:31:07] api.DEBUG: GET /objetivo/20 [] []
[2019-06-10 17:31:07] api.DEBUG: DB_Prov::get  select * from objetivos where registro_id=20 and cumplido='0' [] []
[2019-06-10 17:31:07] api.DEBUG: DB_Prov::get  select * from objetivos where registro_id=20 and cumplido='0' [] []
[2019-06-10 17:31:12] api.DEBUG: GET /objetivo/20 [] []
[2019-06-10 17:31:12] api.DEBUG: DB_Prov::get  select * from objetivos where registro_id=20 and cumplido='0' [] []
[2019-06-10 17:31:12] api.DEBUG: DB_Prov::get  select * from objetivos where registro_id=20 and cumplido='0' [] []
[2019-06-10 18:40:53] api.DEBUG: PUT /objetivo/26 [] []
[2019-06-10 18:40:53] api.DEBUG: PUT-BODY=objetivos=Esto%20es%20una%20prueba&fecha=2019-05-21&cumplido=1&registro_id=20 [] []
[2019-06-10 18:40:53] api.DEBUG: PUT-DATOS Array (     [objetivos] => Esto es una prueba     [fecha] => 2019-05-21     [cumplido] => 1     [registro_id] => 20 )  [] []
[2019-06-10 18:41:08] api.DEBUG: PUT /objetivo/26 [] []
[2019-06-10 18:41:08] api.DEBUG: PUT-BODY=objetivos=Esto%20es%20una%20prueba&fecha=2019-05-21&cumplido=1&registro_id=20 [] []
[2019-06-10 18:41:08] api.DEBUG: PUT-DATOS Array (     [objetivos] => Esto es una prueba     [fecha] => 2019-05-21     [cumplido] => 1     [registro_id] => 20 )  [] []
[2019-06-10 18:42:27] api.DEBUG: PUT /objetivo/26 [] []
[2019-06-10 18:42:27] api.DEBUG: PUT-BODY=objetivos=Esto%20es%20una%20prueba&fecha=2019-05-21&cumplido=1&registro_id=20 [] []
[2019-06-10 18:42:27] api.DEBUG: PUT-DATOS Array (     [objetivos] => Esto es una prueba     [fecha] => 2019-05-21     [cumplido] => 1     [registro_id] => 20 )  [] []
[2019-06-10 18:43:03] api.DEBUG: PUT /objetivo/26 [] []
[2019-06-10 18:43:03] api.DEBUG: PUT-BODY=objetivos=Estoesunaprueba&fecha=2019-05-21&cumplido=1&registro_id=20 [] []
[2019-06-10 18:43:03] api.DEBUG: PUT-DATOS Array (     [objetivos] => Estoesunaprueba     [fecha] => 2019-05-21     [cumplido] => 1     [registro_id] => 20 )  [] []
[2019-06-10 18:43:41] api.DEBUG: PUT /objetivo/17 [] []
[2019-06-10 18:43:41] api.DEBUG: PUT-BODY=objetivos=Estoesunaprueba&fecha=2019-05-21&cumplido=1&registro_id=20 [] []
[2019-06-10 18:43:41] api.DEBUG: PUT-DATOS Array (     [objetivos] => Estoesunaprueba     [fecha] => 2019-05-21     [cumplido] => 1     [registro_id] => 20 )  [] []
[2019-06-10 18:44:04] api.DEBUG: PUT /objetivo/17 [] []
[2019-06-10 18:44:04] api.DEBUG: PUT-BODY=objetivos=Estoesunaprueba&fecha=2019-05-21&cumplido=1&registro_id=20 [] []
[2019-06-10 18:44:04] api.DEBUG: PUT-DATOS Array (     [objetivos] => Estoesunaprueba     [fecha] => 2019-05-21     [cumplido] => 1     [registro_id] => 20 )  [] []
[2019-06-10 18:47:41] api.DEBUG: PUT /objetivo/17 [] []
[2019-06-10 18:47:41] api.DEBUG: PUT-BODY=objetivos=Estoesunaprueba&fecha=2019-05-21&cumplido=1&registro_id=20 [] []
[2019-06-10 18:47:41] api.DEBUG: PUT-DATOS Array (     [objetivos] => Estoesunaprueba     [fecha] => 2019-05-21     [cumplido] => 1     [registro_id] => 20 )  [] []
[2019-06-10 18:51:20] api.DEBUG: PUT /objetivo/17 [] []
[2019-06-10 18:51:20] api.DEBUG: PUT-BODY=objetivos=Estoesunaprueba&fecha=2019-05-21&cumplido=1&registro_id=20 [] []
[2019-06-10 18:51:20] api.DEBUG: PUT-DATOS Array (     [objetivos] => Estoesunaprueba     [fecha] => 2019-05-21     [cumplido] => 1     [registro_id] => 20 )  [] []
[2019-06-10 18:52:50] api.DEBUG: PUT /objetivo/17 [] []
[2019-06-10 18:52:50] api.DEBUG: PUT-BODY=objetivos=Estoesunaprueba&fecha=2019-05-21&cumplido=1&registro_id=20 [] []
[2019-06-10 18:52:50] api.DEBUG: PUT-DATOS Array (     [objetivos] => Estoesunaprueba     [fecha] => 2019-05-21     [cumplido] => 1     [registro_id] => 20 )  [] []
[2019-06-10 18:54:34] api.DEBUG: PUT /objetivo/17 [] []
[2019-06-10 18:54:34] api.DEBUG: PUT-BODY=objetivos=Estoesunaprueba&fecha=2019-05-21&cumplido=1&registro_id=20 [] []
[2019-06-10 18:54:34] api.DEBUG: PUT-DATOS Array (     [objetivos] => Estoesunaprueba     [fecha] => 2019-05-21     [cumplido] => 1     [registro_id] => 20 )  [] []
[2019-06-10 18:54:48] api.DEBUG: PUT /objetivo/17 [] []
[2019-06-10 18:54:48] api.DEBUG: PUT-BODY=objetivos=Estoesunaprueba&fecha=2019-05-21&cumplido=1&registro_id=20 [] []
[2019-06-10 18:54:48] api.DEBUG: PUT-DATOS Array (     [objetivos] => Estoesunaprueba     [fecha] => 2019-05-21     [cumplido] => 1     [registro_id] => 20 )  [] []
[2019-06-10 18:55:15] api.DEBUG: PUT /objetivo/17 [] []
[2019-06-10 18:55:15] api.DEBUG: PUT-BODY=objetivos=Estoesunaprueba&fecha=2019-05-21&cumplido=1&registro_id=20 [] []
[2019-06-10 18:55:15] api.DEBUG: PUT-DATOS Array (     [objetivos] => Estoesunaprueba     [fecha] => 2019-05-21     [cumplido] => 1     [registro_id] => 20 )  [] []
[2019-06-10 18:59:46] api.DEBUG: PUT /objetivo/17 [] []
[2019-06-10 18:59:46] api.DEBUG: PUT-BODY=objetivos=Estoesunaprueba&fecha=2019-05-21&cumplido=1&registro_id=20 [] []
[2019-06-10 18:59:46] api.DEBUG: PUT-DATOS Array (     [objetivos] => Estoesunaprueba     [fecha] => 2019-05-21     [cumplido] => 1     [registro_id] => 20 )  [] []
[2019-06-10 18:59:46] api.DEBUG: PUT 1 [] []
[2019-06-10 18:59:46] api.DEBUG: PUT 2 [] []
[2019-06-10 18:59:46] api.DEBUG: DB_Prov::update  update objetivos set objetivos='Estoesunaprueba', fecha='2019-05-21', cumplido='1', registro_id='20' where id=17 [] []
[2019-06-10 18:59:46] api.DEBUG: PUT 3 [] []
[2019-06-10 18:59:46] api.DEBUG: PUT 5 [] []
