
[2019-01-26 14:36:35] api.DEBUG: POST /provincia [] []
[2019-01-26 14:36:35] api.DEBUG: POST-DATOS Array (     [cod] => 11     [nombre] => Cadiz )  [] []
[2019-01-26 14:36:35] api.DEBUG: DB_Prov::add  insert into provincias (cod, nombre) values ('11', 'Cadiz') [] []
[2019-01-26 14:36:41] api.DEBUG: GET /provincias [] []
[2019-01-26 14:36:41] api.DEBUG: DB_Prov::getAll  select * from provincias order by cod [] []
[2019-01-26 14:39:10] api.DEBUG: GET /provincias [] []
[2019-01-26 14:39:10] api.DEBUG: DB_Prov::getAll  select * from provincias order by cod [] []
[2019-01-26 14:39:27] api.DEBUG: GET /provincias [] []
[2019-01-26 14:39:27] api.DEBUG: DB_Prov::getAll  select * from provincias order by cod [] []
[2019-02-20 14:18:24] api.DEBUG: GET /peliculas [] []
[2019-02-20 14:18:24] api.DEBUG: DB_Prov::getAll  select * from peliculas order by nombre [] []
[2019-02-20 14:21:08] api.DEBUG: GET /provincia/1 [] []
[2019-02-20 14:21:08] api.DEBUG: DB_Prov::get  select * from peliculas where id=1 [] []
[2019-02-20 14:21:53] api.DEBUG: PUT /provincia/1 [] []
[2019-02-20 14:21:53] api.DEBUG: PUT-BODY=nombre=harry%20potter&desCorta=pelicula%20chunga&desLarga=hola%20que%20tal [] []
[2019-02-20 14:21:53] api.DEBUG: PUT-DATOS Array (     [nombre] => harry potter     [desCorta] => pelicula chunga     [desLarga] => hola que tal )  [] []
[2019-02-20 14:21:53] api.DEBUG: DB_Prov::update  update peliculas set cod='hola que tal', cod='', nombre='' where id=1 [] []
[2019-02-20 14:23:08] api.DEBUG: PUT /provincia/1 [] []
[2019-02-20 14:23:08] api.DEBUG: PUT-BODY=nombre=harry%20potter&desCorta=pelicula%20chunga&desLarga=hola%20que%20tal [] []
[2019-02-20 14:23:08] api.DEBUG: PUT-DATOS Array (     [nombre] => harry potter     [desCorta] => pelicula chunga     [desLarga] => hola que tal )  [] []
[2019-02-20 14:23:08] api.DEBUG: DB_Prov::update  update peliculas set cod='hola que tal', cod='', nombre='' where id=1 [] []
[2019-02-20 14:24:40] api.DEBUG: PUT /provincia/1 [] []
[2019-02-20 14:24:40] api.DEBUG: PUT-BODY=nombre=harry%20potter&desCorta=pelicula%20chunga&desLarga=hola%20que%20tal [] []
[2019-02-20 14:24:40] api.DEBUG: PUT-DATOS Array (     [nombre] => harry potter     [desCorta] => pelicula chunga     [desLarga] => hola que tal )  [] []
[2019-02-20 14:24:40] api.DEBUG: DB_Prov::update  update peliculas set cod='hola que tal', cod='', nombre='' where id=1 [] []
[2019-02-20 14:24:52] api.DEBUG: PUT /provincia/1 [] []
[2019-02-20 14:24:52] api.DEBUG: PUT-BODY=nombre=harry%20potter&desCorta=pelicula%20chunga&desLarga=hola%20que%20tal [] []
[2019-02-20 14:24:52] api.DEBUG: PUT-DATOS Array (     [nombre] => harry potter     [desCorta] => pelicula chunga     [desLarga] => hola que tal )  [] []
[2019-02-20 14:24:52] api.DEBUG: DB_Prov::update  update peliculas set cod='hola que tal', cod='', nombre='' where id=1 [] []
[2019-02-20 14:25:00] api.DEBUG: PUT /provincia/1 [] []
[2019-02-20 14:25:00] api.DEBUG: PUT-BODY= [] []
[2019-02-20 14:25:00] api.DEBUG: PUT-DATOS  [] []
[2019-02-20 14:25:18] api.DEBUG: PUT /provincia/1 [] []
[2019-02-20 14:25:18] api.DEBUG: PUT-BODY=nombre=harrypotter&desCorta=peliculachunga&desLarga=holaquetal [] []
[2019-02-20 14:25:18] api.DEBUG: PUT-DATOS Array (     [nombre] => harrypotter     [desCorta] => peliculachunga     [desLarga] => holaquetal )  [] []
[2019-02-20 14:25:18] api.DEBUG: DB_Prov::update  update peliculas set cod='holaquetal', cod='', nombre='' where id=1 [] []
[2019-02-20 14:25:57] api.DEBUG: PUT /provincia/2 [] []
[2019-02-20 14:25:57] api.DEBUG: PUT-BODY=nombre=harrypotter&desCorta=peliculachunga&desLarga=holaquetal [] []
[2019-02-20 14:25:57] api.DEBUG: PUT-DATOS Array (     [nombre] => harrypotter     [desCorta] => peliculachunga     [desLarga] => holaquetal )  [] []
[2019-02-20 14:25:57] api.DEBUG: DB_Prov::update  update peliculas set cod='holaquetal', cod='', nombre='' where id=2 [] []
[2019-02-20 14:26:38] api.DEBUG: PUT /provincia/2 [] []
[2019-02-20 14:26:38] api.DEBUG: PUT-BODY=nombre=harrypotter&desCorta=peliculachunga&desLarga=holaquetal [] []
[2019-02-20 14:26:38] api.DEBUG: PUT-DATOS Array (     [nombre] => harrypotter     [desCorta] => peliculachunga     [desLarga] => holaquetal )  [] []
[2019-02-20 14:26:38] api.DEBUG: PUT 1 [] []
[2019-02-20 14:26:38] api.DEBUG: DB_Prov::update  update peliculas set cod='holaquetal', cod='', nombre='' where id=2 [] []
[2019-02-21 11:40:09] api.DEBUG: PUT /provincia/2 [] []
[2019-02-21 11:40:09] api.DEBUG: PUT-BODY=nombre=harrypotter&desCorta=peliculachunga&desLarga=holaquetal [] []
[2019-02-21 11:40:09] api.DEBUG: PUT-DATOS Array (     [nombre] => harrypotter     [desCorta] => peliculachunga     [desLarga] => holaquetal )  [] []
[2019-02-21 11:40:09] api.DEBUG: PUT 1 [] []
[2019-02-21 11:40:09] api.DEBUG: PUT 2 [] []
[2019-02-21 11:40:09] api.DEBUG: DB_Prov::update  update peliculas set cod='holaquetal', cod='', nombre='' where id=2 [] []
[2019-02-21 11:40:09] api.DEBUG: PUT 3 [] []
[2019-02-21 11:40:09] api.DEBUG: PUT 5 [] []
[2019-02-21 11:43:32] api.DEBUG: PUT /provincia/2 [] []
[2019-02-21 11:43:32] api.DEBUG: PUT-BODY=nombre=harrypotter&desCorta=peliculachunga&desLarga=holaquetal [] []
[2019-02-21 11:43:32] api.DEBUG: PUT-DATOS Array (     [nombre] => harrypotter     [desCorta] => peliculachunga     [desLarga] => holaquetal )  [] []
[2019-02-21 11:43:32] api.DEBUG: PUT 1 [] []
[2019-02-21 11:43:32] api.DEBUG: PUT 2 [] []
[2019-02-21 11:43:32] api.DEBUG: DB_Prov::update  update peliculas set nombre='holaquetal', desCorta='', desLarga='' where id=2 [] []
[2019-02-21 11:43:32] api.DEBUG: PUT 3 [] []
[2019-02-21 11:43:32] api.DEBUG: PUT 5 [] []
[2019-02-21 11:44:20] api.DEBUG: PUT /provincia/2 [] []
[2019-02-21 11:44:20] api.DEBUG: PUT-BODY=nombre=harrypotter&desCorta=peliculachunga&desLarga=hola%20k%20ase [] []
[2019-02-21 11:44:20] api.DEBUG: PUT-DATOS Array (     [nombre] => harrypotter     [desCorta] => peliculachunga     [desLarga] => hola k ase )  [] []
[2019-02-21 11:44:20] api.DEBUG: PUT 1 [] []
[2019-02-21 11:44:20] api.DEBUG: PUT 2 [] []
[2019-02-21 11:44:20] api.DEBUG: DB_Prov::update  update peliculas set nombre='hola k ase', desCorta='', desLarga='' where id=2 [] []
[2019-02-21 11:44:20] api.DEBUG: PUT 3 [] []
[2019-02-21 11:44:20] api.DEBUG: PUT 5 [] []
[2019-02-21 11:53:18] api.DEBUG: PUT /provincia/2 [] []
[2019-02-21 11:53:18] api.DEBUG: PUT-BODY=nombre=harrypotter&desCorta=peliculachunga&desLarga=hola%20k%20ase [] []
[2019-02-21 11:53:18] api.DEBUG: PUT-DATOS Array (     [nombre] => harrypotter     [desCorta] => peliculachunga     [desLarga] => hola k ase )  [] []
[2019-02-21 11:53:18] api.DEBUG: PUT 1 [] []
[2019-02-21 11:53:18] api.DEBUG: PUT 2 [] []
[2019-02-21 11:53:18] api.DEBUG: DB_Prov::update  update peliculas set nombre='', desCorta='', desLarga='' where id=2 [] []
[2019-02-21 11:53:18] api.DEBUG: PUT 3 [] []
[2019-02-21 11:53:18] api.DEBUG: PUT 5 [] []
[2019-02-21 11:55:04] api.DEBUG: PUT /provincia/2 [] []
[2019-02-21 11:55:04] api.DEBUG: PUT-BODY=nombre=harrypotter&desCorta=peliculachunga&desLarga=hola%20k%20ase [] []
[2019-02-21 11:55:04] api.DEBUG: PUT-DATOS Array (     [nombre] => harrypotter     [desCorta] => peliculachunga     [desLarga] => hola k ase )  [] []
[2019-02-21 11:55:04] api.DEBUG: PUT 1 [] []
[2019-02-21 11:55:04] api.DEBUG: PUT 2 [] []
[2019-02-21 11:55:04] api.DEBUG: DB_Prov::update  update peliculas set nombre='harrypotter', desCorta='peliculachunga', desLarga='hola k ase' where id=2 [] []
[2019-02-21 11:55:04] api.DEBUG: PUT 3 [] []
[2019-02-21 11:55:04] api.DEBUG: PUT 5 [] []
[2019-02-21 12:04:45] api.DEBUG: PUT /pelicula/2 [] []
[2019-02-21 12:04:45] api.DEBUG: PUT-BODY=nombre=harrypotter&desCorta=peliculachunga&desLarga=hola%20k%20ase2 [] []
[2019-02-21 12:04:45] api.DEBUG: PUT-DATOS Array (     [nombre] => harrypotter     [desCorta] => peliculachunga     [desLarga] => hola k ase2 )  [] []
[2019-02-21 12:04:45] api.DEBUG: PUT 1 [] []
[2019-02-21 12:04:45] api.DEBUG: PUT 2 [] []
[2019-02-21 12:04:45] api.DEBUG: DB_Prov::update  update peliculas set nombre='harrypotter', desCorta='peliculachunga', desLarga='hola k ase2' where id=2 [] []
[2019-02-21 12:04:45] api.DEBUG: PUT 3 [] []
[2019-02-21 12:04:45] api.DEBUG: PUT 5 [] []
[2019-02-21 12:26:08] api.DEBUG: POST /pelicula [] []
[2019-02-21 12:26:08] api.DEBUG: POST-DATOS Array (     [nombre] => jsjs     [desCorta] => ksjsnjsjsjs     [desLarga] => hola k ase23 )  [] []
[2019-02-21 12:26:08] api.DEBUG: DB_Prov::add  insert into peliculas (nombre,desCorta,desLarga) values ('jsjs', 'ksjsnjsjsjs,'hola k ase23') [] []
[2019-02-21 12:35:45] api.DEBUG: POST /pelicula [] []
[2019-02-21 12:35:45] api.DEBUG: POST-DATOS Array (     [nombre] => jsjs     [desCorta] => ksjsnjsjsjs     [desLarga] => hola k ase23 )  [] []
[2019-02-21 12:35:45] api.DEBUG: DB_Prov::add  insert into peliculas (nombre,desCorta,desLarga) values ('jsjs', 'ksjsnjsjsjs,'hola k ase23') [] []
[2019-02-21 12:39:41] api.DEBUG: POST /pelicula [] []
[2019-02-21 12:39:41] api.DEBUG: POST-DATOS Array ( )  [] []
[2019-02-21 12:40:01] api.DEBUG: POST /pelicula [] []
[2019-02-21 12:40:01] api.DEBUG: POST-DATOS Array (     [nombre] => jsjs     [desCorta] => ksjsnjsjsjs     [desLarga] => hola k ase23 )  [] []
[2019-02-21 12:40:01] api.DEBUG: DB_Prov::add  insert into peliculas (nombre,desCorta,desLarga) values ('jsjs', 'ksjsnjsjsjs,'hola k ase23') [] []
[2019-02-21 12:43:55] api.DEBUG: POST /pelicula [] []
[2019-02-21 12:43:55] api.DEBUG: POST-DATOS Array (     [nombre] => jsjs     [desCorta] => ksjsnjsjsjs     [desLarga] => hola k ase23 )  [] []
[2019-02-21 12:43:55] api.DEBUG: DB_Prov::add  insert into peliculas (nombre,desCorta,desLarga) values ('jsjs', 'ksjsnjsjsjs,'hola k ase23') [] []
[2019-02-21 12:45:15] api.DEBUG: POST /pelicula [] []
[2019-02-21 12:45:15] api.DEBUG: POST-DATOS Array (     [nombre] => jsjs     [desCorta] => ksjsnjsjsjs     [desLarga] => holakase23 )  [] []
[2019-02-21 12:45:15] api.DEBUG: DB_Prov::add  insert into peliculas (nombre,desCorta,desLarga) values ('jsjs', 'ksjsnjsjsjs,'holakase23') [] []
[2019-02-21 12:46:06] api.DEBUG: PUT /pelicula/2 [] []
[2019-02-21 12:46:06] api.DEBUG: PUT-BODY=nombre=jsjs&desCorta=ksjsnjsjsjs&desLarga=holakase23 [] []
[2019-02-21 12:46:06] api.DEBUG: PUT-DATOS Array (     [nombre] => jsjs     [desCorta] => ksjsnjsjsjs     [desLarga] => holakase23 )  [] []
[2019-02-21 12:46:06] api.DEBUG: PUT 1 [] []
[2019-02-21 12:46:06] api.DEBUG: PUT 2 [] []
[2019-02-21 12:46:06] api.DEBUG: DB_Prov::update  update peliculas set nombre='jsjs', desCorta='ksjsnjsjsjs', desLarga='holakase23' where id=2 [] []
[2019-02-21 12:46:07] api.DEBUG: PUT 3 [] []
[2019-02-21 12:46:07] api.DEBUG: PUT 5 [] []
[2019-02-21 12:46:52] api.DEBUG: POST /pelicula [] []
[2019-02-21 12:46:52] api.DEBUG: POST-DATOS Array (     [nombre] => jsjs     [desCorta] => ksjsnjsjsjs     [desLarga] => holakase23 )  [] []
[2019-02-21 12:46:52] api.DEBUG: DB_Prov::add  insert into peliculas (nombre, desCorta, desLarga) values ('jsjs', 'ksjsnjsjsjs,'holakase23') [] []
[2019-02-21 12:50:58] api.DEBUG: POST /pelicula [] []
[2019-02-21 12:50:58] api.DEBUG: POST-DATOS Array (     [nombre] => jsjs     [desCorta] => ksjsnjsjsjs     [desLarga] => holakase23 )  [] []
[2019-02-21 12:50:58] api.DEBUG: DB_Prov::add  insert into peliculas (nombre, desCorta, desLarga) values ('jsjs', 'ksjsnjsjsjs,'holakase23') [] []
[2019-02-21 12:52:13] api.DEBUG: POST /pelicula [] []
[2019-02-21 12:52:13] api.DEBUG: POST-DATOS Array (     [nombre] => jsjs     [desCorta] => ksjsnjsjsjs     [desLarga] => holakase23 )  [] []
[2019-02-21 12:52:13] api.DEBUG: DB_Prov::add  insert into peliculas (nombre, desCorta, desLarga) values ('jsjs', 'ksjsnjsjsjs,'holakase23') [] []
[2019-02-21 12:52:22] api.DEBUG: POST /pelicula [] []
[2019-02-21 12:52:22] api.DEBUG: POST-DATOS Array (     [nombre] => jsjs     [desCorta] => ksjsnjsjsjs     [desLarga] => holakase23 )  [] []
[2019-02-21 12:52:22] api.DEBUG: DB_Prov::add  insert into peliculas (nombre, desCorta, desLarga) values ('jsjs', 'ksjsnjsjsjs,'holakase23') [] []
[2019-02-21 12:53:11] api.DEBUG: POST /pelicula [] []
[2019-02-21 12:53:11] api.DEBUG: POST-DATOS Array (     [nombre] => jsjs     [desCorta] => ksjsnjsjsjs     [desLarga] => holakase23 )  [] []
[2019-02-21 12:53:11] api.DEBUG: DB_Prov::add  insert into peliculas (nombre, desCorta, desLarga) values ('jsjs', 'ksjsnjsjsjs,'holakase23') [] []
[2019-02-21 12:53:11] api.DEBUG: POST-DATOS Array (     [nombre] => jsjs     [desCorta] => ksjsnjsjsjs     [desLarga] => holakase23 )  [] []
[2019-02-21 12:54:15] api.DEBUG: POST /pelicula [] []
[2019-02-21 12:54:15] api.DEBUG: POST-DATOS Array (     [nombre] => jsjs     [desCorta] => ksjsnjsjsjs     [desLarga] => holakase )  [] []
[2019-02-21 12:54:15] api.DEBUG: DB_Prov::add  insert into peliculas (nombre, desCorta, desLarga) values ('jsjs', 'ksjsnjsjsjs,'holakase') [] []
[2019-02-21 12:54:15] api.DEBUG: POST-DATOS Array (     [nombre] => jsjs     [desCorta] => ksjsnjsjsjs     [desLarga] => holakase )  [] []
[2019-02-21 12:56:19] api.DEBUG: POST /pelicula [] []
[2019-02-21 12:56:19] api.DEBUG: POST-DATOS Array (     [nombre] => jsjs     [desCorta] => ksjsnjsjsjs     [desLarga] => holakase )  [] []
[2019-02-21 12:56:19] api.DEBUG: DB_Prov::add  insert into peliculas (nombre,desCorta,desLarga) values ('jsjs', 'ksjsnjsjsjs,'holakase') [] []
[2019-02-21 12:56:19] api.DEBUG: POST-DATOS Array (     [nombre] => jsjs     [desCorta] => ksjsnjsjsjs     [desLarga] => holakase )  [] []
[2019-02-21 12:57:25] api.DEBUG: POST /pelicula [] []
[2019-02-21 12:57:25] api.DEBUG: POST-DATOS Array (     [nombre] => jsjs     [desCorta] => ksjsnjsjsjs     [desLarga] => holakase )  [] []
[2019-02-21 12:57:25] api.DEBUG: DB_Prov::add  insert into peliculas (nombre,desCorta,desLarga) values ('jsjs', 'ksjsnjsjsjs,'holakase') [] []
[2019-02-21 12:57:25] api.DEBUG: POST-DATOS Array (     [nombre] => jsjs     [desCorta] => ksjsnjsjsjs     [desLarga] => holakase )  [] []
[2019-02-21 12:58:56] api.DEBUG: POST /pelicula [] []
[2019-02-21 12:58:56] api.DEBUG: POST-DATOS Array (     [nombre] => jsjs     [desCorta] => ksjsnjsjsjs     [desLarga] => holakase )  [] []
[2019-02-21 12:58:56] api.DEBUG: DB_Prov::add  insert into peliculas (nombre,desCorta,desLarga) values ('jsjs', 'ksjsnjsjsjs,'holakase') [] []
[2019-02-21 12:58:56] api.DEBUG: POST-DATOS Array (     [nombre] => jsjs     [desCorta] => ksjsnjsjsjs     [desLarga] => holakase )  [] []
[2019-02-21 12:59:37] api.DEBUG: POST /pelicula [] []
[2019-02-21 12:59:37] api.DEBUG: POST-DATOS Array (     [nombre] => jsjs     [desCorta] => ksjsnjsjsjs     [desLarga] => holakase )  [] []
[2019-02-21 12:59:37] api.DEBUG: DB_Prov::add  insert into peliculas (nombre,desCorta,desLarga) values ('jsjs', 'ksjsnjsjsjs,'holakase') [] []
[2019-02-21 12:59:45] api.DEBUG: POST /pelicula [] []
[2019-02-21 12:59:45] api.DEBUG: POST-DATOS Array (     [nombre] => jsjs     [desCorta] => ksjsnjsjsjs     [desLarga] => holakase )  [] []
[2019-02-21 12:59:45] api.DEBUG: DB_Prov::add  insert into peliculas (nombre,desCorta,desLarga) values ('jsjs', 'ksjsnjsjsjs,'holakase') [] []
[2019-02-21 13:00:40] api.DEBUG: POST /pelicula [] []
[2019-02-21 13:00:40] api.DEBUG: POST-DATOS Array (     [nombre] => hola     [desCorta] => sergio     [desLarga] => hola )  [] []
[2019-02-21 13:00:40] api.DEBUG: DB_Prov::add  insert into peliculas (nombre,desCorta,desLarga) values ('hola', 'sergio,'hola') [] []
[2019-02-21 13:01:27] api.DEBUG: POST /pelicula [] []
[2019-02-21 13:01:27] api.DEBUG: POST-DATOS Array (     [nombre] => hola     [desCorta] => sergio     [desLarga] => hola )  [] []
[2019-02-21 13:01:27] api.DEBUG: DB_Prov::add  insert into peliculas (nombre,desCorta,desLarga) values ('hola', 'sergio,'hola') [] []
[2019-02-21 13:03:00] api.DEBUG: POST /pelicula [] []
[2019-02-21 13:03:00] api.DEBUG: POST-DATOS Array (     [nombre] => hola     [desCorta] => sergio     [desLarga] => hola )  [] []
[2019-02-21 13:03:00] api.DEBUG: DB_Prov::add  insert into peliculas (nombre,desCorta,desLarga) values ('hola', 'sergio,'hola') [] []
[2019-02-21 13:03:20] api.DEBUG: POST /pelicula [] []
[2019-02-21 13:03:20] api.DEBUG: POST-DATOS Array (     [nombre] => hola     [desCorta] => sergio     [desLarga] => hola )  [] []
[2019-02-21 13:03:20] api.DEBUG: DB_Prov::add  insert into peliculas (nombre,desCorta,desLarga) values ('hola', 'sergio,'hola') [] []
[2019-02-21 13:13:23] api.DEBUG: POST /pelicula [] []
[2019-02-21 13:13:23] api.DEBUG: POST-DATOS Array (     [nombre] => hola     [desCorta] => sergio     [desLarga] => hola )  [] []
[2019-02-21 13:13:23] api.DEBUG: DB_Prov::add  insert into peliculas (nombre,desCorta,desLarga) values ('hola','sergio','hola') [] []
[2019-02-21 13:26:44] api.DEBUG: POST /pelicula [] []
[2019-02-21 13:26:44] api.DEBUG: POST-DATOS Array (     [nombre] => hola     [desCorta] => sergio     [desLarga] => hola )  [] []
[2019-02-21 13:26:44] api.DEBUG: DB_Prov::add  insert into peliculas (nombre,desCorta,desLarga) values ('hola','sergio','hola') [] []
[2019-05-18 18:48:22] api.DEBUG: GET /objetivos [] []
[2019-05-18 18:48:22] api.DEBUG: DB_Prov::getAll  select * from objetivos order by id [] []
[2019-05-18 18:49:22] api.DEBUG: GET /objetivo/20 [] []
[2019-05-18 18:49:22] api.DEBUG: DB_Prov::get  select * from objetivos where registro_id=20 [] []
[2019-05-18 19:14:10] api.DEBUG: GET /objetivo/20 [] []
[2019-05-18 19:14:10] api.DEBUG: DB_Prov::get  select * from objetivos where registro_id=20 [] []
[2019-05-18 19:14:47] api.DEBUG: GET /objetivo/20 [] []
[2019-05-18 19:14:47] api.DEBUG: DB_Prov::get  select * from objetivos where registro_id=20 [] []
[2019-05-18 19:15:02] api.DEBUG: GET /objetivo/20 [] []
[2019-05-18 19:15:02] api.DEBUG: DB_Prov::get  select * from objetivos where registro_id=20 [] []
[2019-05-18 19:15:28] api.DEBUG: GET /objetivo/20 [] []
[2019-05-18 19:15:28] api.DEBUG: DB_Prov::get  select * from objetivos where registro_id=20 [] []
[2019-05-18 19:17:16] api.DEBUG: GET /objetivo/20 [] []
[2019-05-18 19:17:16] api.DEBUG: DB_Prov::get  select * from objetivos where registro_id=20 [] []
[2019-05-18 19:17:28] api.DEBUG: GET /objetivo/20 [] []
[2019-05-18 19:17:28] api.DEBUG: DB_Prov::get  select * from objetivos where registro_id=20 [] []
[2019-05-18 19:18:51] api.DEBUG: GET /objetivo/20 [] []
[2019-05-18 19:18:51] api.DEBUG: DB_Prov::get  select * from objetivos where registro_id=20 [] []
[2019-05-18 19:18:51] api.DEBUG: DB_Prov::getAll  select * from objetivos order by id [] []
[2019-05-20 09:35:02] api.DEBUG: GET /objetivos [] []
[2019-05-20 09:35:02] api.DEBUG: DB_Prov::getAll  select * from objetivos order by id [] []
[2019-05-20 09:59:05] api.DEBUG: GET /objetivos [] []
[2019-05-20 09:59:05] api.DEBUG: DB_Prov::getAll  select * from objetivos order by id [] []
[2019-05-20 11:48:54] api.DEBUG: GET /objetivos [] []
[2019-05-20 11:48:54] api.DEBUG: DB_Prov::getAll  select * from objetivos order by id [] []
[2019-05-20 11:54:19] api.DEBUG: GET /objetivos [] []
[2019-05-20 11:54:19] api.DEBUG: DB_Prov::getAll  select * from objetivos order by id [] []
[2019-05-20 11:54:27] api.DEBUG: GET /objetivos [] []
[2019-05-20 11:54:27] api.DEBUG: DB_Prov::getAll  select * from objetivos order by id [] []
[2019-05-20 11:54:42] api.DEBUG: GET /objetivos [] []
[2019-05-20 11:54:42] api.DEBUG: DB_Prov::getAll  select * from objetivos order by id [] []
[2019-05-20 11:56:19] api.DEBUG: GET /objetivos [] []
[2019-05-20 11:56:19] api.DEBUG: DB_Prov::getAll  select * from objetivos order by id [] []
[2019-05-20 12:25:51] api.DEBUG: GET /objetivos [] []
[2019-05-20 12:25:51] api.DEBUG: DB_Prov::getAll  select * from objetivos order by id [] []
[2019-05-20 12:31:10] api.DEBUG: GET /objetivos [] []
[2019-05-20 12:31:10] api.DEBUG: DB_Prov::getAll  select * from objetivos order by id [] []
[2019-05-20 13:01:24] api.DEBUG: GET /objetivos [] []
[2019-05-20 13:01:24] api.DEBUG: DB_Prov::getAll  select * from objetivos order by id [] []
[2019-05-20 13:21:45] api.DEBUG: GET /objetivos [] []
[2019-05-20 13:21:45] api.DEBUG: DB_Prov::getAll  select * from objetivos order by id [] []
[2019-05-20 13:28:53] api.DEBUG: GET /objetivos [] []
[2019-05-20 13:28:53] api.DEBUG: DB_Prov::getAll  select * from objetivos order by id [] []
[2019-05-20 13:52:02] api.DEBUG: GET /objetivos [] []
[2019-05-20 13:52:02] api.DEBUG: DB_Prov::getAll  select * from objetivos order by id [] []
[2019-05-20 13:52:25] api.DEBUG: GET /objetivos [] []
[2019-05-20 13:52:25] api.DEBUG: DB_Prov::getAll  select * from objetivos order by id [] []
